"<Event><System><Provider Name=""Linux-Sysmon"" Guid=""{ff032593-a8d3-4f13-b0d6-01fc615a0f97}""/><EventID>1</EventID><Version>5</Version><Level>4</Level><Task>1</Task><Opcode>0</Opcode><Keywords>0x8000000000000000</Keywords><TimeCreated SystemTime=""2026-10-04T18:07:45.000000000Z""/><EventRecordID>1002476</EventRecordID><Correlation/><Execution ProcessID=""1542964"" ThreadID=""1542964""/><Channel>Linux-Sysmon/Operational</Channel><Computer>node-01</Computer><Security UserId=""0""/></System><EventData><Data Name=""RuleName"">ProcessCreate</Data><Data Name=""UtcTime"">2026-10-04 18:07:45.000</Data><Data Name=""ProcessGuid"">{00000000-14e0-f5c1-7d8a-654ad218c4dd}</Data><Data Name=""ProcessId"">42182</Data><Data Name=""Image"">/usr/bin/python3.12</Data><Data Name=""FileVersion"">-</Data><Data Name=""Description"">-</Data><Data Name=""Product"">-</Data><Data Name=""Company"">-</Data><Data Name=""OriginalFileName"">-</Data><Data Name=""CommandLine"">python3.12 /opt/healthcheck/probe.py</Data><Data Name=""CurrentDirectory"">/opt/healthcheck</Data><Data Name=""User"">root</Data><Data Name=""LogonGuid"">{00000000-0000-0000-0000-000000000000}</Data><Data Name=""LogonId"">0</Data><Data Name=""TerminalSessionId"">4294967295</Data><Data Name=""IntegrityLevel"">no level</Data><Data Name=""Hashes"">-</Data><Data Name=""ParentProcessGuid"">{00000000-b087-9bdf-566e-d50a654dc42f}</Data><Data Name=""ParentProcessId"">42183</Data><Data Name=""ParentImage"">/usr/bin/python3.12</Data><Data Name=""ParentCommandLine"">python3.12</Data><Data Name=""ParentUser"">root</Data></EventData></Event>",2026-09-27 02:16:38.599
"<Event><System><Provider Name=""Linux-Sysmon"" Guid=""{ff032593-a8d3-4f13-b0d6-01fc615a0f97}""/><EventID>3</EventID><Version>5</Version><Level>4</Level><Task>3</Task><Opcode>0</Opcode><Keywords>0x8000000000000000</Keywords><TimeCreated SystemTime=""2026-10-04T18:07:45.300000000Z""/><EventRecordID>1002478</EventRecordID><Correlation/><Execution ProcessID=""1542964"" ThreadID=""1542964""/><Channel>Linux-Sysmon/Operational</Channel><Computer>node-01</Computer><Security UserId=""0""/></System><EventData><Data Name=""RuleName"">NetworkConnect</Data><Data Name=""UtcTime"">2026-10-04 18:07:45.300</Data><Data Name=""ProcessGuid"">{00000000-bc8e-e5c9-d7ec-a43a22979bb8}</Data><Data Name=""ProcessId"">42184</Data><Data Name=""Image"">/usr/bin/python3.12</Data><Data Name=""User"">root</Data><Data Name=""Protocol"">tcp</Data><Data Name=""Initiated"">true</Data><Data Name=""SourceIsIpv6"">false</Data><Data Name=""SourceIp"">10.10.1.40</Data><Data Name=""SourceHostname"">-</Data><Data Name=""SourcePort"">53214</Data><Data Name=""SourcePortName"">-</Data><Data Name=""DestinationIsIpv6"">false</Data><Data Name=""DestinationIp"">10.10.1.30</Data><Data Name=""DestinationHostname"">-</Data><Data Name=""DestinationPort"">80</Data><Data Name=""DestinationPortName"">-</Data></EventData></Event>",2026-09-27 02:16:38.599
"<Event><System><Provider Name=""Linux-Sysmon"" Guid=""{ff032593-a8d3-4f13-b0d6-01fc615a0f97}""/><EventID>5</EventID><Version>3</Version><Level>4</Level><Task>5</Task><Opcode>0</Opcode><Keywords>0x8000000000000000</Keywords><TimeCreated SystemTime=""2026-10-04T18:07:46.000000000Z""/><EventRecordID>1002477</EventRecordID><Correlation/><Execution ProcessID=""1542964"" ThreadID=""1542964""/><Channel>Linux-Sysmon/Operational</Channel><Computer>node-01</Computer><Security UserId=""0""/></System><EventData><Data Name=""RuleName"">ProcessTerminate</Data><Data Name=""UtcTime"">2026-10-04 18:07:46.000</Data><Data Name=""ProcessGuid"">{00000000-14e0-f5c1-7d8a-654ad218c4dd}</Data><Data Name=""ProcessId"">42182</Data><Data Name=""Image"">/usr/bin/python3.12</Data><Data Name=""User"">-</Data></EventData></Event>",2026-09-27 02:16:38.599
"<Event><System><Provider Name=""Linux-Sysmon"" Guid=""{ff032593-a8d3-4f13-b0d6-01fc615a0f97}""/><EventID>3</EventID><Version>5</Version><Level>4</Level><Task>3</Task><Opcode>0</Opcode><Keywords>0x8000000000000000</Keywords><TimeCreated SystemTime=""2026-10-04T18:07:59.000000000Z""/><EventRecordID>1002475</EventRecordID><Correlation/><Execution ProcessID=""1542964"" ThreadID=""1542964""/><Channel>Linux-Sysmon/Operational</Channel><Computer>web-01</Computer><Security UserId=""0""/></System><EventData><Data Name=""RuleName"">NetworkConnect</Data><Data Name=""UtcTime"">2026-10-04 18:07:59.000</Data><Data Name=""ProcessGuid"">{00000000-f509-9adf-a87b-700af10271d2}</Data><Data Name=""ProcessId"">42181</Data><Data Name=""Image"">/usr/local/nginx/sbin/nginx</Data><Data Name=""User"">syslog</Data><Data Name=""Protocol"">tcp</Data><Data Name=""Initiated"">true</Data><Data Name=""SourceIsIpv6"">false</Data><Data Name=""SourceIp"">10.10.1.30</Data><Data Name=""SourceHostname"">-</Data><Data Name=""SourcePort"">38063</Data><Data Name=""SourcePortName"">-</Data><Data Name=""DestinationIsIpv6"">false</Data><Data Name=""DestinationIp"">10.10.1.20</Data><Data Name=""DestinationHostname"">-</Data><Data Name=""DestinationPort"">443</Data><Data Name=""DestinationPortName"">-</Data></EventData></Event>",2026-09-27 02:16:38.599
"<Event><System><Provider Name=""Linux-Sysmon"" Guid=""{ff032593-a8d3-4f13-b0d6-01fc615a0f97}""/><EventID>1</EventID><Version>5</Version><Level>4</Level><Task>1</Task><Opcode>0</Opcode><Keywords>0x8000000000000000</Keywords><TimeCreated SystemTime=""2026-10-04T18:23:03.000000000Z""/><EventRecordID>1002467</EventRecordID><Correlation/><Execution ProcessID=""1542964"" ThreadID=""1542964""/><Channel>Linux-Sysmon/Operational</Channel><Computer>bastion-01</Computer><Security UserId=""0""/></System><EventData><Data Name=""RuleName"">ProcessCreate</Data><Data Name=""UtcTime"">2026-10-04 18:23:03.000</Data><Data Name=""ProcessGuid"">{00000000-dddb-8bc3-070f-0c308c104087}</Data><Data Name=""ProcessId"">42173</Data><Data Name=""Image"">/usr/sbin/sshd</Data><Data Name=""FileVersion"">-</Data><Data Name=""Description"">-</Data><Data Name=""Product"">-</Data><Data Name=""Company"">-</Data><Data Name=""OriginalFileName"">-</Data><Data Name=""CommandLine"">sshd: /usr/sbin/sshd -D [listener] 0 of 10-100 startups</Data><Data Name=""CurrentDirectory"">/</Data><Data Name=""User"">root</Data><Data Name=""LogonGuid"">{00000000-0000-0000-0000-000000000000}</Data><Data Name=""LogonId"">0</Data><Data Name=""TerminalSessionId"">4294967295</Data><Data Name=""IntegrityLevel"">no level</Data><Data Name=""Hashes"">-</Data><Data Name=""ParentProcessGuid"">{00000000-e874-d2a5-9c2d-6d10794f5366}</Data><Data Name=""ParentProcessId"">42174</Data><Data Name=""ParentImage"">/usr/sbin/sshd</Data><Data Name=""ParentCommandLine"">sshd</Data><Data Name=""ParentUser"">root</Data></EventData></Event>",2026-09-27 02:16:38.599
"<Event><System><Provider Name=""Linux-Sysmon"" Guid=""{ff032593-a8d3-4f13-b0d6-01fc615a0f97}""/><EventID>5</EventID><Version>3</Version><Level>4</Level><Task>5</Task><Opcode>0</Opcode><Keywords>0x8000000000000000</Keywords><TimeCreated SystemTime=""2026-10-04T18:23:05.000000000Z""/><EventRecordID>1002468</EventRecordID><Correlation/><Execution ProcessID=""1542964"" ThreadID=""1542964""/><Channel>Linux-Sysmon/Operational</Channel><Computer>bastion-01</Computer><Security UserId=""0""/></System><EventData><Data Name=""RuleName"">ProcessTerminate</Data><Data Name=""UtcTime"">2026-10-04 18:23:05.000</Data><Data Name=""ProcessGuid"">{00000000-dddb-8bc3-070f-0c308c104087}</Data><Data Name=""ProcessId"">42173</Data><Data Name=""Image"">/usr/sbin/sshd</Data><Data Name=""User"">-</Data></EventData></Event>",2026-09-27 02:16:38.599
"<Event><System><Provider Name=""Linux-Sysmon"" Guid=""{ff032593-a8d3-4f13-b0d6-01fc615a0f97}""/><EventID>3</EventID><Version>5</Version><Level>4</Level><Task>3</Task><Opcode>0</Opcode><Keywords>0x8000000000000000</Keywords><TimeCreated SystemTime=""2026-10-04T19:06:07.000000000Z""/><EventRecordID>1002484</EventRecordID><Correlation/><Execution ProcessID=""1542964"" ThreadID=""1542964""/><Channel>Linux-Sysmon/Operational</Channel><Computer>node-01</Computer><Security UserId=""0""/></System><EventData><Data Name=""RuleName"">NetworkConnect</Data><Data Name=""UtcTime"">2026-10-04 19:06:07.000</Data><Data Name=""ProcessGuid"">{00000000-e685-5437-1ae8-7c356b5940f8}</Data><Data Name=""ProcessId"">42190</Data><Data Name=""Image"">/usr/sbin/nginx</Data><Data Name=""User"">root</Data><Data Name=""Protocol"">tcp</Data><Data Name=""Initiated"">true</Data><Data Name=""SourceIsIpv6"">false</Data><Data Name=""SourceIp"">10.10.1.40</Data><Data Name=""SourceHostname"">-</Data><Data Name=""SourcePort"">37956</Data><Data Name=""SourcePortName"">-</Data><Data Name=""DestinationIsIpv6"">false</Data><Data Name=""DestinationIp"">10.10.1.30</Data><Data Name=""DestinationHostname"">-</Data><Data Name=""DestinationPort"">443</Data><Data Name=""DestinationPortName"">-</Data></EventData></Event>",2026-09-27 02:16:38.599
"<Event><System><Provider Name=""Linux-Sysmon"" Guid=""{ff032593-a8d3-4f13-b0d6-01fc615a0f97}""/><EventID>1</EventID><Version>5</Version><Level>4</Level><Task>1</Task><Opcode>0</Opcode><Keywords>0x8000000000000000</Keywords><TimeCreated SystemTime=""2026-10-04T19:06:33.000000000Z""/><EventRecordID>1002480</EventRecordID><Correlation/><Execution ProcessID=""1542964"" ThreadID=""1542964""/><Channel>Linux-Sysmon/Operational</Channel><Computer>app-01</Computer><Security UserId=""0""/></System><EventData><Data Name=""RuleName"">ProcessCreate</Data><Data Name=""UtcTime"">2026-10-04 19:06:33.000</Data><Data Name=""ProcessGuid"">{00000000-84db-5581-48f6-90ea486b05eb}</Data><Data Name=""ProcessId"">42186</Data><Data Name=""Image"">/usr/bin/python3.12</Data><Data Name=""FileVersion"">-</Data><Data Name=""Description"">-</Data><Data Name=""Product"">-</Data><Data Name=""Company"">-</Data><Data Name=""OriginalFileName"">-</Data><Data Name=""CommandLine"">python3.12 /opt/healthcheck/probe.py</Data><Data Name=""CurrentDirectory"">/opt/healthcheck</Data><Data Name=""User"">root</Data><Data Name=""LogonGuid"">{00000000-0000-0000-0000-000000000000}</Data><Data Name=""LogonId"">0</Data><Data Name=""TerminalSessionId"">4294967295</Data><Data Name=""IntegrityLevel"">no level</Data><Data Name=""Hashes"">-</Data><Data Name=""ParentProcessGuid"">{00000000-e008-c205-cb35-a4c54161d239}</Data><Data Name=""ParentProcessId"">42187</Data><Data Name=""ParentImage"">/usr/bin/python3.12</Data><Data Name=""ParentCommandLine"">python3.12</Data><Data Name=""ParentUser"">root</Data></EventData></Event>",2026-09-27 02:16:38.599
"<Event><System><Provider Name=""Linux-Sysmon"" Guid=""{ff032593-a8d3-4f13-b0d6-01fc615a0f97}""/><EventID>3</EventID><Version>5</Version><Level>4</Level><Task>3</Task><Opcode>0</Opcode><Keywords>0x8000000000000000</Keywords><TimeCreated SystemTime=""2026-10-04T19:06:33.300000000Z""/><EventRecordID>1002482</EventRecordID><Correlation/><Execution ProcessID=""1542964"" ThreadID=""1542964""/><Channel>Linux-Sysmon/Operational</Channel><Computer>app-01</Computer><Security UserId=""0""/></System><EventData><Data Name=""RuleName"">NetworkConnect</Data><Data Name=""UtcTime"">2026-10-04 19:06:33.300</Data><Data Name=""ProcessGuid"">{00000000-2f9d-4d5e-e03b-cf3d68ef5b8e}</Data><Data Name=""ProcessId"">42188</Data><Data Name=""Image"">/usr/bin/python3.12</Data><Data Name=""User"">root</Data><Data Name=""Protocol"">tcp</Data><Data Name=""Initiated"">true</Data><Data Name=""SourceIsIpv6"">false</Data><Data Name=""SourceIp"">10.10.1.20</Data><Data Name=""SourceHostname"">-</Data><Data Name=""SourcePort"">43570</Data><Data Name=""SourcePortName"">-</Data><Data Name=""DestinationIsIpv6"">false</Data><Data Name=""DestinationIp"">10.10.1.30</Data><Data Name=""DestinationHostname"">-</Data><Data Name=""DestinationPort"">80</Data><Data Name=""DestinationPortName"">-</Data></EventData></Event>",2026-09-27 02:16:38.599
"<Event><System><Provider Name=""Linux-Sysmon"" Guid=""{ff032593-a8d3-4f13-b0d6-01fc615a0f97}""/><EventID>5</EventID><Version>3</Version><Level>4</Level><Task>5</Task><Opcode>0</Opcode><Keywords>0x8000000000000000</Keywords><TimeCreated SystemTime=""2026-10-04T19:06:34.000000000Z""/><EventRecordID>1002481</EventRecordID><Correlation/><Execution ProcessID=""1542964"" ThreadID=""1542964""/><Channel>Linux-Sysmon/Operational</Channel><Computer>app-01</Computer><Security UserId=""0""/></System><EventData><Data Name=""RuleName"">ProcessTerminate</Data><Data Name=""UtcTime"">2026-10-04 19:06:34.000</Data><Data Name=""ProcessGuid"">{00000000-84db-5581-48f6-90ea486b05eb}</Data><Data Name=""ProcessId"">42186</Data><Data Name=""Image"">/usr/bin/python3.12</Data><Data Name=""User"">-</Data></EventData></Event>",2026-09-27 02:16:38.599
"<Event><System><Provider Name=""Linux-Sysmon"" Guid=""{ff032593-a8d3-4f13-b0d6-01fc615a0f97}""/><EventID>3</EventID><Version>5</Version><Level>4</Level><Task>3</Task><Opcode>0</Opcode><Keywords>0x8000000000000000</Keywords><TimeCreated SystemTime=""2026-10-04T19:08:49.000000000Z""/><EventRecordID>1002483</EventRecordID><Correlation/><Execution ProcessID=""1542964"" ThreadID=""1542964""/><Channel>Linux-Sysmon/Operational</Channel><Computer>web-01</Computer><Security UserId=""0""/></System><EventData><Data Name=""RuleName"">NetworkConnect</Data><Data Name=""UtcTime"">2026-10-04 19:08:49.000</Data><Data Name=""ProcessGuid"">{00000000-fd14-7bb2-776f-c00fb82576ac}</Data><Data Name=""ProcessId"">42189</Data><Data Name=""Image"">/usr/local/nginx/sbin/nginx</Data><Data Name=""User"">syslog</Data><Data Name=""Protocol"">tcp</Data><Data Name=""Initiated"">true</Data><Data Name=""SourceIsIpv6"">false</Data><Data Name=""SourceIp"">10.10.1.30</Data><Data Name=""SourceHostname"">-</Data><Data Name=""SourcePort"">39814</Data><Data Name=""SourcePortName"">-</Data><Data Name=""DestinationIsIpv6"">false</Data><Data Name=""DestinationIp"">10.10.1.20</Data><Data Name=""DestinationHostname"">-</Data><Data Name=""DestinationPort"">80</Data><Data Name=""DestinationPortName"">-</Data></EventData></Event>",2026-09-27 02:16:38.599
"<Event><System><Provider Name=""Linux-Sysmon"" Guid=""{ff032593-a8d3-4f13-b0d6-01fc615a0f97}""/><EventID>11</EventID><Version>2</Version><Level>4</Level><Task>11</Task><Opcode>0</Opcode><Keywords>0x8000000000000000</Keywords><TimeCreated SystemTime=""2026-10-04T19:13:35.000000000Z""/><EventRecordID>1002479</EventRecordID><Correlation/><Execution ProcessID=""1542964"" ThreadID=""1542964""/><Channel>Linux-Sysmon/Operational</Channel><Computer>bastion-01</Computer><Security UserId=""0""/></System><EventData><Data Name=""RuleName"">FileCreate</Data><Data Name=""UtcTime"">2026-10-04 19:13:35.000</Data><Data Name=""ProcessGuid"">{00000000-4cd7-9460-dc5b-c74eb7da4369}</Data><Data Name=""ProcessId"">42185</Data><Data Name=""Image"">/usr/bin/python3.12</Data><Data Name=""TargetFilename"">/tmp/health-592654</Data><Data Name=""CreationUtcTime"">2026-10-04 19:13:35.000</Data><Data Name=""User"">root</Data></EventData></Event>",2026-09-27 02:16:38.599
"<Event><System><Provider Name=""Linux-Sysmon"" Guid=""{ff032593-a8d3-4f13-b0d6-01fc615a0f97}""/><EventID>1</EventID><Version>5</Version><Level>4</Level><Task>1</Task><Opcode>0</Opcode><Keywords>0x8000000000000000</Keywords><TimeCreated SystemTime=""2026-10-04T20:08:04.000000000Z""/><EventRecordID>1002487</EventRecordID><Correlation/><Execution ProcessID=""1542964"" ThreadID=""1542964""/><Channel>Linux-Sysmon/Operational</Channel><Computer>app-01</Computer><Security UserId=""0""/></System><EventData><Data Name=""RuleName"">ProcessCreate</Data><Data Name=""UtcTime"">2026-10-04 20:08:04.000</Data><Data Name=""ProcessGuid"">{00000000-ef59-5c8b-6f60-5f0c90bb409b}</Data><Data Name=""ProcessId"">42193</Data><Data Name=""Image"">/usr/bin/python3.12</Data><Data Name=""FileVersion"">-</Data><Data Name=""Description"">-</Data><Data Name=""Product"">-</Data><Data Name=""Company"">-</Data><Data Name=""OriginalFileName"">-</Data><Data Name=""CommandLine"">python3.12 /opt/healthcheck/probe.py</Data><Data Name=""CurrentDirectory"">/opt/healthcheck</Data><Data Name=""User"">root</Data><Data Name=""LogonGuid"">{00000000-0000-0000-0000-000000000000}</Data><Data Name=""LogonId"">0</Data><Data Name=""TerminalSessionId"">4294967295</Data><Data Name=""IntegrityLevel"">no level</Data><Data Name=""Hashes"">-</Data><Data Name=""ParentProcessGuid"">{00000000-8248-c0f9-f9af-d832157db83d}</Data><Data Name=""ParentProcessId"">42194</Data><Data Name=""ParentImage"">/usr/bin/python3.12</Data><Data Name=""ParentCommandLine"">python3.12</Data><Data Name=""ParentUser"">root</Data></EventData></Event>",2026-09-27 02:16:38.599
"<Event><System><Provider Name=""Linux-Sysmon"" Guid=""{ff032593-a8d3-4f13-b0d6-01fc615a0f97}""/><EventID>3</EventID><Version>5</Version><Level>4</Level><Task>3</Task><Opcode>0</Opcode><Keywords>0x8000000000000000</Keywords><TimeCreated SystemTime=""2026-10-04T20:08:04.300000000Z""/><EventRecordID>1002489</EventRecordID><Correlation/><Execution ProcessID=""1542964"" ThreadID=""1542964""/><Channel>Linux-Sysmon/Operational</Channel><Computer>app-01</Computer><Security UserId=""0""/></System><EventData><Data Name=""RuleName"">NetworkConnect</Data><Data Name=""UtcTime"">2026-10-04 20:08:04.300</Data><Data Name=""ProcessGuid"">{00000000-9bee-80a1-6db8-c4ad957baf32}</Data><Data Name=""ProcessId"">42195</Data><Data Name=""Image"">/usr/bin/python3.12</Data><Data Name=""User"">root</Data><Data Name=""Protocol"">tcp</Data><Data Name=""Initiated"">true</Data><Data Name=""SourceIsIpv6"">false</Data><Data Name=""SourceIp"">10.10.1.20</Data><Data Name=""SourceHostname"">-</Data><Data Name=""SourcePort"">42995</Data><Data Name=""SourcePortName"">-</Data><Data Name=""DestinationIsIpv6"">false</Data><Data Name=""DestinationIp"">10.10.1.30</Data><Data Name=""DestinationHostname"">-</Data><Data Name=""DestinationPort"">80</Data><Data Name=""DestinationPortName"">-</Data></EventData></Event>",2026-09-27 02:16:38.599
"<Event><System><Provider Name=""Linux-Sysmon"" Guid=""{ff032593-a8d3-4f13-b0d6-01fc615a0f97}""/><EventID>5</EventID><Version>3</Version><Level>4</Level><Task>5</Task><Opcode>0</Opcode><Keywords>0x8000000000000000</Keywords><TimeCreated SystemTime=""2026-10-04T20:08:05.000000000Z""/><EventRecordID>1002488</EventRecordID><Correlation/><Execution ProcessID=""1542964"" ThreadID=""1542964""/><Channel>Linux-Sysmon/Operational</Channel><Computer>app-01</Computer><Security UserId=""0""/></System><EventData><Data Name=""RuleName"">ProcessTerminate</Data><Data Name=""UtcTime"">2026-10-04 20:08:05.000</Data><Data Name=""ProcessGuid"">{00000000-ef59-5c8b-6f60-5f0c90bb409b}</Data><Data Name=""ProcessId"">42193</Data><Data Name=""Image"">/usr/bin/python3.12</Data><Data Name=""User"">-</Data></EventData></Event>",2026-09-27 02:16:38.599
"<Event><System><Provider Name=""Linux-Sysmon"" Guid=""{ff032593-a8d3-4f13-b0d6-01fc615a0f97}""/><EventID>1</EventID><Version>5</Version><Level>4</Level><Task>1</Task><Opcode>0</Opcode><Keywords>0x8000000000000000</Keywords><TimeCreated SystemTime=""2026-10-04T20:08:14.000000000Z""/><EventRecordID>1002492</EventRecordID><Correlation/><Execution ProcessID=""1542964"" ThreadID=""1542964""/><Channel>Linux-Sysmon/Operational</Channel><Computer>node-01</Computer><Security UserId=""0""/></System><EventData><Data Name=""RuleName"">ProcessCreate</Data><Data Name=""UtcTime"">2026-10-04 20:08:14.000</Data><Data Name=""ProcessGuid"">{00000000-d9b0-bedb-5818-3e6863dd66c7}</Data><Data Name=""ProcessId"">42198</Data><Data Name=""Image"">/usr/bin/python3.12</Data><Data Name=""FileVersion"">-</Data><Data Name=""Description"">-</Data><Data Name=""Product"">-</Data><Data Name=""Company"">-</Data><Data Name=""OriginalFileName"">-</Data><Data Name=""CommandLine"">python3.12 /opt/healthcheck/probe.py</Data><Data Name=""CurrentDirectory"">/opt/healthcheck</Data><Data Name=""User"">root</Data><Data Name=""LogonGuid"">{00000000-0000-0000-0000-000000000000}</Data><Data Name=""LogonId"">0</Data><Data Name=""TerminalSessionId"">4294967295</Data><Data Name=""IntegrityLevel"">no level</Data><Data Name=""Hashes"">-</Data><Data Name=""ParentProcessGuid"">{00000000-aae7-738d-f7aa-64b8fc2430dd}</Data><Data Name=""ParentProcessId"">42199</Data><Data Name=""ParentImage"">/usr/bin/python3.12</Data><Data Name=""ParentCommandLine"">python3.12</Data><Data Name=""ParentUser"">root</Data></EventData></Event>",2026-09-27 02:16:38.599
"<Event><System><Provider Name=""Linux-Sysmon"" Guid=""{ff032593-a8d3-4f13-b0d6-01fc615a0f97}""/><EventID>3</EventID><Version>5</Version><Level>4</Level><Task>3</Task><Opcode>0</Opcode><Keywords>0x8000000000000000</Keywords><TimeCreated SystemTime=""2026-10-04T20:08:14.300000000Z""/><EventRecordID>1002494</EventRecordID><Correlation/><Execution ProcessID=""1542964"" ThreadID=""1542964""/><Channel>Linux-Sysmon/Operational</Channel><Computer>node-01</Computer><Security UserId=""0""/></System><EventData><Data Name=""RuleName"">NetworkConnect</Data><Data Name=""UtcTime"">2026-10-04 20:08:14.300</Data><Data Name=""ProcessGuid"">{00000000-3a92-4ee4-d251-25027d65bb02}</Data><Data Name=""ProcessId"">42200</Data><Data Name=""Image"">/usr/bin/python3.12</Data><Data Name=""User"">root</Data><Data Name=""Protocol"">tcp</Data><Data Name=""Initiated"">true</Data><Data Name=""SourceIsIpv6"">false</Data><Data Name=""SourceIp"">10.10.1.40</Data><Data Name=""SourceHostname"">-</Data><Data Name=""SourcePort"">57185</Data><Data Name=""SourcePortName"">-</Data><Data Name=""DestinationIsIpv6"">false</Data><Data Name=""DestinationIp"">10.10.1.30</Data><Data Name=""DestinationHostname"">-</Data><Data Name=""DestinationPort"">80</Data><Data Name=""DestinationPortName"">-</Data></EventData></Event>",2026-09-27 02:16:38.599
"<Event><System><Provider Name=""Linux-Sysmon"" Guid=""{ff032593-a8d3-4f13-b0d6-01fc615a0f97}""/><EventID>5</EventID><Version>3</Version><Level>4</Level><Task>5</Task><Opcode>0</Opcode><Keywords>0x8000000000000000</Keywords><TimeCreated SystemTime=""2026-10-04T20:08:15.000000000Z""/><EventRecordID>1002493</EventRecordID><Correlation/><Execution ProcessID=""1542964"" ThreadID=""1542964""/><Channel>Linux-Sysmon/Operational</Channel><Computer>node-01</Computer><Security UserId=""0""/></System><EventData><Data Name=""RuleName"">ProcessTerminate</Data><Data Name=""UtcTime"">2026-10-04 20:08:15.000</Data><Data Name=""ProcessGuid"">{00000000-d9b0-bedb-5818-3e6863dd66c7}</Data><Data Name=""ProcessId"">42198</Data><Data Name=""Image"">/usr/bin/python3.12</Data><Data Name=""User"">-</Data></EventData></Event>",2026-09-27 02:16:38.599
"<Event><System><Provider Name=""Linux-Sysmon"" Guid=""{ff032593-a8d3-4f13-b0d6-01fc615a0f97}""/><EventID>3</EventID><Version>5</Version><Level>4</Level><Task>3</Task><Opcode>0</Opcode><Keywords>0x8000000000000000</Keywords><TimeCreated SystemTime=""2026-10-04T20:10:04.000000000Z""/><EventRecordID>1002491</EventRecordID><Correlation/><Execution ProcessID=""1542964"" ThreadID=""1542964""/><Channel>Linux-Sysmon/Operational</Channel><Computer>web-01</Computer><Security UserId=""0""/></System><EventData><Data Name=""RuleName"">NetworkConnect</Data><Data Name=""UtcTime"">2026-10-04 20:10:04.000</Data><Data Name=""ProcessGuid"">{00000000-7887-257f-f464-26c20a0932f6}</Data><Data Name=""ProcessId"">42197</Data><Data Name=""Image"">/usr/local/nginx/sbin/nginx</Data><Data Name=""User"">syslog</Data><Data Name=""Protocol"">tcp</Data><Data Name=""Initiated"">true</Data><Data Name=""SourceIsIpv6"">false</Data><Data Name=""SourceIp"">10.10.1.30</Data><Data Name=""SourceHostname"">-</Data><Data Name=""SourcePort"">41012</Data><Data Name=""SourcePortName"">-</Data><Data Name=""DestinationIsIpv6"">false</Data><Data Name=""DestinationIp"">10.10.1.20</Data><Data Name=""DestinationHostname"">-</Data><Data Name=""DestinationPort"">80</Data><Data Name=""DestinationPortName"">-</Data></EventData></Event>",2026-09-27 02:16:38.599
"<Event><System><Provider Name=""Linux-Sysmon"" Guid=""{ff032593-a8d3-4f13-b0d6-01fc615a0f97}""/><EventID>3</EventID><Version>5</Version><Level>4</Level><Task>3</Task><Opcode>0</Opcode><Keywords>0x8000000000000000</Keywords><TimeCreated SystemTime=""2026-10-04T20:11:13.000000000Z""/><EventRecordID>1002485</EventRecordID><Correlation/><Execution ProcessID=""1542964"" ThreadID=""1542964""/><Channel>Linux-Sysmon/Operational</Channel><Computer>bastion-01</Computer><Security UserId=""0""/></System><EventData><Data Name=""RuleName"">NetworkConnect</Data><Data Name=""UtcTime"">2026-10-04 20:11:13.000</Data><Data Name=""ProcessGuid"">{00000000-04c4-7bba-ed0c-cd38fc3784ce}</Data><Data Name=""ProcessId"">42191</Data><Data Name=""Image"">/usr/sbin/nginx</Data><Data Name=""User"">root</Data><Data Name=""Protocol"">tcp</Data><Data Name=""Initiated"">true</Data><Data Name=""SourceIsIpv6"">false</Data><Data Name=""SourceIp"">10.10.1.10</Data><Data Name=""SourceHostname"">-</Data><Data Name=""SourcePort"">41807</Data><Data Name=""SourcePortName"">-</Data><Data Name=""DestinationIsIpv6"">false</Data><Data Name=""DestinationIp"">10.10.1.30</Data><Data Name=""DestinationHostname"">-</Data><Data Name=""DestinationPort"">443</Data><Data Name=""DestinationPortName"">-</Data></EventData></Event>",2026-09-27 02:16:38.599
"<Event><System><Provider Name=""Linux-Sysmon"" Guid=""{ff032593-a8d3-4f13-b0d6-01fc615a0f97}""/><EventID>11</EventID><Version>2</Version><Level>4</Level><Task>11</Task><Opcode>0</Opcode><Keywords>0x8000000000000000</Keywords><TimeCreated SystemTime=""2026-10-04T20:14:44.000000000Z""/><EventRecordID>1002486</EventRecordID><Correlation/><Execution ProcessID=""1542964"" ThreadID=""1542964""/><Channel>Linux-Sysmon/Operational</Channel><Computer>bastion-01</Computer><Security UserId=""0""/></System><EventData><Data Name=""RuleName"">FileCreate</Data><Data Name=""UtcTime"">2026-10-04 20:14:44.000</Data><Data Name=""ProcessGuid"">{00000000-460f-3618-8e1e-18b60d1c9099}</Data><Data Name=""ProcessId"">42192</Data><Data Name=""Image"">/usr/bin/python3.12</Data><Data Name=""TargetFilename"">/tmp/health-194432</Data><Data Name=""CreationUtcTime"">2026-10-04 20:14:44.000</Data><Data Name=""User"">root</Data></EventData></Event>",2026-09-27 02:16:38.599
"<Event><System><Provider Name=""Linux-Sysmon"" Guid=""{ff032593-a8d3-4f13-b0d6-01fc615a0f97}""/><EventID>11</EventID><Version>2</Version><Level>4</Level><Task>11</Task><Opcode>0</Opcode><Keywords>0x8000000000000000</Keywords><TimeCreated SystemTime=""2026-10-04T20:14:59.000000000Z""/><EventRecordID>1002495</EventRecordID><Correlation/><Execution ProcessID=""1542964"" ThreadID=""1542964""/><Channel>Linux-Sysmon/Operational</Channel><Computer>node-01</Computer><Security UserId=""0""/></System><EventData><Data Name=""RuleName"">FileCreate</Data><Data Name=""UtcTime"">2026-10-04 20:14:59.000</Data><Data Name=""ProcessGuid"">{00000000-59a4-8607-5c03-0a9624b1531b}</Data><Data Name=""ProcessId"">42201</Data><Data Name=""Image"">/usr/bin/python3.12</Data><Data Name=""TargetFilename"">/tmp/health-950067</Data><Data Name=""CreationUtcTime"">2026-10-04 20:14:59.000</Data><Data Name=""User"">root</Data></EventData></Event>",2026-09-27 02:16:38.599
"<Event><System><Provider Name=""Linux-Sysmon"" Guid=""{ff032593-a8d3-4f13-b0d6-01fc615a0f97}""/><EventID>11</EventID><Version>2</Version><Level>4</Level><Task>11</Task><Opcode>0</Opcode><Keywords>0x8000000000000000</Keywords><TimeCreated SystemTime=""2026-10-04T20:21:42.000000000Z""/><EventRecordID>1002490</EventRecordID><Correlation/><Execution ProcessID=""1542964"" ThreadID=""1542964""/><Channel>Linux-Sysmon/Operational</Channel><Computer>app-01</Computer><Security UserId=""0""/></System><EventData><Data Name=""RuleName"">FileCreate</Data><Data Name=""UtcTime"">2026-10-04 20:21:42.000</Data><Data Name=""ProcessGuid"">{00000000-d788-dbff-17a1-c839c1bd090a}</Data><Data Name=""ProcessId"">42196</Data><Data Name=""Image"">/usr/bin/python3.12</Data><Data Name=""TargetFilename"">/tmp/health-438711</Data><Data Name=""CreationUtcTime"">2026-10-04 20:21:42.000</Data><Data Name=""User"">root</Data></EventData></Event>",2026-09-27 02:16:38.599
"<Event><System><Provider Name=""Linux-Sysmon"" Guid=""{ff032593-a8d3-4f13-b0d6-01fc615a0f97}""/><EventID>1</EventID><Version>5</Version><Level>4</Level><Task>1</Task><Opcode>0</Opcode><Keywords>0x8000000000000000</Keywords><TimeCreated SystemTime=""2026-10-04T21:05:44.000000000Z""/><EventRecordID>1002507</EventRecordID><Correlation/><Execution ProcessID=""1542964"" ThreadID=""1542964""/><Channel>Linux-Sysmon/Operational</Channel><Computer>node-01</Computer><Security UserId=""0""/></System><EventData><Data Name=""RuleName"">ProcessCreate</Data><Data Name=""UtcTime"">2026-10-04 21:05:44.000</Data><Data Name=""ProcessGuid"">{00000000-db55-5141-3211-0cefe5f05609}</Data><Data Name=""ProcessId"">42213</Data><Data Name=""Image"">/usr/bin/python3.12</Data><Data Name=""FileVersion"">-</Data><Data Name=""Description"">-</Data><Data Name=""Product"">-</Data><Data Name=""Company"">-</Data><Data Name=""OriginalFileName"">-</Data><Data Name=""CommandLine"">python3.12 /opt/healthcheck/probe.py</Data><Data Name=""CurrentDirectory"">/opt/healthcheck</Data><Data Name=""User"">root</Data><Data Name=""LogonGuid"">{00000000-0000-0000-0000-000000000000}</Data><Data Name=""LogonId"">0</Data><Data Name=""TerminalSessionId"">4294967295</Data><Data Name=""IntegrityLevel"">no level</Data><Data Name=""Hashes"">-</Data><Data Name=""ParentProcessGuid"">{00000000-83da-06b2-03e2-fabe048676db}</Data><Data Name=""ParentProcessId"">42214</Data><Data Name=""ParentImage"">/usr/bin/python3.12</Data><Data Name=""ParentCommandLine"">python3.12</Data><Data Name=""ParentUser"">root</Data></EventData></Event>",2026-09-27 02:16:38.599
"<Event><System><Provider Name=""Linux-Sysmon"" Guid=""{ff032593-a8d3-4f13-b0d6-01fc615a0f97}""/><EventID>3</EventID><Version>5</Version><Level>4</Level><Task>3</Task><Opcode>0</Opcode><Keywords>0x8000000000000000</Keywords><TimeCreated SystemTime=""2026-10-04T21:05:44.300000000Z""/><EventRecordID>1002509</EventRecordID><Correlation/><Execution ProcessID=""1542964"" ThreadID=""1542964""/><Channel>Linux-Sysmon/Operational</Channel><Computer>node-01</Computer><Security UserId=""0""/></System><EventData><Data Name=""RuleName"">NetworkConnect</Data><Data Name=""UtcTime"">2026-10-04 21:05:44.300</Data><Data Name=""ProcessGuid"">{00000000-1c1e-4b21-a2c3-0985e82d3e89}</Data><Data Name=""ProcessId"">42215</Data><Data Name=""Image"">/usr/bin/python3.12</Data><Data Name=""User"">root</Data><Data Name=""Protocol"">tcp</Data><Data Name=""Initiated"">true</Data><Data Name=""SourceIsIpv6"">false</Data><Data Name=""SourceIp"">10.10.1.40</Data><Data Name=""SourceHostname"">-</Data><Data Name=""SourcePort"">49632</Data><Data Name=""SourcePortName"">-</Data><Data Name=""DestinationIsIpv6"">false</Data><Data Name=""DestinationIp"">10.10.1.30</Data><Data Name=""DestinationHostname"">-</Data><Data Name=""DestinationPort"">80</Data><Data Name=""DestinationPortName"">-</Data></EventData></Event>",2026-09-27 02:16:38.599
"<Event><System><Provider Name=""Linux-Sysmon"" Guid=""{ff032593-a8d3-4f13-b0d6-01fc615a0f97}""/><EventID>5</EventID><Version>3</Version><Level>4</Level><Task>5</Task><Opcode>0</Opcode><Keywords>0x8000000000000000</Keywords><TimeCreated SystemTime=""2026-10-04T21:05:45.000000000Z""/><EventRecordID>1002508</EventRecordID><Correlation/><Execution ProcessID=""1542964"" ThreadID=""1542964""/><Channel>Linux-Sysmon/Operational</Channel><Computer>node-01</Computer><Security UserId=""0""/></System><EventData><Data Name=""RuleName"">ProcessTerminate</Data><Data Name=""UtcTime"">2026-10-04 21:05:45.000</Data><Data Name=""ProcessGuid"">{00000000-db55-5141-3211-0cefe5f05609}</Data><Data Name=""ProcessId"">42213</Data><Data Name=""Image"">/usr/bin/python3.12</Data><Data Name=""User"">-</Data></EventData></Event>",2026-09-27 02:16:38.599
"<Event><System><Provider Name=""Linux-Sysmon"" Guid=""{ff032593-a8d3-4f13-b0d6-01fc615a0f97}""/><EventID>1</EventID><Version>5</Version><Level>4</Level><Task>1</Task><Opcode>0</Opcode><Keywords>0x8000000000000000</Keywords><TimeCreated SystemTime=""2026-10-04T21:05:58.000000000Z""/><EventRecordID>1002496</EventRecordID><Correlation/><Execution ProcessID=""1542964"" ThreadID=""1542964""/><Channel>Linux-Sysmon/Operational</Channel><Computer>bastion-01</Computer><Security UserId=""0""/></System><EventData><Data Name=""RuleName"">ProcessCreate</Data><Data Name=""UtcTime"">2026-10-04 21:05:58.000</Data><Data Name=""ProcessGuid"">{00000000-a1bd-6cd6-60e1-e198de531c86}</Data><Data Name=""ProcessId"">42202</Data><Data Name=""Image"">/usr/bin/python3.12</Data><Data Name=""FileVersion"">-</Data><Data Name=""Description"">-</Data><Data Name=""Product"">-</Data><Data Name=""Company"">-</Data><Data Name=""OriginalFileName"">-</Data><Data Name=""CommandLine"">python3.12 /opt/healthcheck/probe.py</Data><Data Name=""CurrentDirectory"">/opt/healthcheck</Data><Data Name=""User"">root</Data><Data Name=""LogonGuid"">{00000000-0000-0000-0000-000000000000}</Data><Data Name=""LogonId"">0</Data><Data Name=""TerminalSessionId"">4294967295</Data><Data Name=""IntegrityLevel"">no level</Data><Data Name=""Hashes"">-</Data><Data Name=""ParentProcessGuid"">{00000000-12a9-a0ec-79d8-5b03e811903e}</Data><Data Name=""ParentProcessId"">42203</Data><Data Name=""ParentImage"">/usr/bin/python3.12</Data><Data Name=""ParentCommandLine"">python3.12</Data><Data Name=""ParentUser"">root</Data></EventData></Event>",2026-09-27 02:16:38.599
"<Event><System><Provider Name=""Linux-Sysmon"" Guid=""{ff032593-a8d3-4f13-b0d6-01fc615a0f97}""/><EventID>3</EventID><Version>5</Version><Level>4</Level><Task>3</Task><Opcode>0</Opcode><Keywords>0x8000000000000000</Keywords><TimeCreated SystemTime=""2026-10-04T21:05:58.300000000Z""/><EventRecordID>1002498</EventRecordID><Correlation/><Execution ProcessID=""1542964"" ThreadID=""1542964""/><Channel>Linux-Sysmon/Operational</Channel><Computer>bastion-01</Computer><Security UserId=""0""/></System><EventData><Data Name=""RuleName"">NetworkConnect</Data><Data Name=""UtcTime"">2026-10-04 21:05:58.300</Data><Data Name=""ProcessGuid"">{00000000-6f52-7755-5ee2-e678028407a3}</Data><Data Name=""ProcessId"">42204</Data><Data Name=""Image"">/usr/bin/python3.12</Data><Data Name=""User"">root</Data><Data Name=""Protocol"">tcp</Data><Data Name=""Initiated"">true</Data><Data Name=""SourceIsIpv6"">false</Data><Data Name=""SourceIp"">10.10.1.10</Data><Data Name=""SourceHostname"">-</Data><Data Name=""SourcePort"">52363</Data><Data Name=""SourcePortName"">-</Data><Data Name=""DestinationIsIpv6"">false</Data><Data Name=""DestinationIp"">10.10.1.30</Data><Data Name=""DestinationHostname"">-</Data><Data Name=""DestinationPort"">80</Data><Data Name=""DestinationPortName"">-</Data></EventData></Event>",2026-09-27 02:16:38.599
"<Event><System><Provider Name=""Linux-Sysmon"" Guid=""{ff032593-a8d3-4f13-b0d6-01fc615a0f97}""/><EventID>5</EventID><Version>3</Version><Level>4</Level><Task>5</Task><Opcode>0</Opcode><Keywords>0x8000000000000000</Keywords><TimeCreated SystemTime=""2026-10-04T21:05:59.000000000Z""/><EventRecordID>1002497</EventRecordID><Correlation/><Execution ProcessID=""1542964"" ThreadID=""1542964""/><Channel>Linux-Sysmon/Operational</Channel><Computer>bastion-01</Computer><Security UserId=""0""/></System><EventData><Data Name=""RuleName"">ProcessTerminate</Data><Data Name=""UtcTime"">2026-10-04 21:05:59.000</Data><Data Name=""ProcessGuid"">{00000000-a1bd-6cd6-60e1-e198de531c86}</Data><Data Name=""ProcessId"">42202</Data><Data Name=""Image"">/usr/bin/python3.12</Data><Data Name=""User"">-</Data></EventData></Event>",2026-09-27 02:16:38.599
"<Event><System><Provider Name=""Linux-Sysmon"" Guid=""{ff032593-a8d3-4f13-b0d6-01fc615a0f97}""/><EventID>3</EventID><Version>5</Version><Level>4</Level><Task>3</Task><Opcode>0</Opcode><Keywords>0x8000000000000000</Keywords><TimeCreated SystemTime=""2026-10-04T21:06:56.000000000Z""/><EventRecordID>1002501</EventRecordID><Correlation/><Execution ProcessID=""1542964"" ThreadID=""1542964""/><Channel>Linux-Sysmon/Operational</Channel><Computer>app-01</Computer><Security UserId=""0""/></System><EventData><Data Name=""RuleName"">NetworkConnect</Data><Data Name=""UtcTime"">2026-10-04 21:06:56.000</Data><Data Name=""ProcessGuid"">{00000000-453f-8513-ffa0-ac4f24858b9a}</Data><Data Name=""ProcessId"">42207</Data><Data Name=""Image"">/usr/sbin/nginx</Data><Data Name=""User"">root</Data><Data Name=""Protocol"">tcp</Data><Data Name=""Initiated"">true</Data><Data Name=""SourceIsIpv6"">false</Data><Data Name=""SourceIp"">10.10.1.20</Data><Data Name=""SourceHostname"">-</Data><Data Name=""SourcePort"">37097</Data><Data Name=""SourcePortName"">-</Data><Data Name=""DestinationIsIpv6"">false</Data><Data Name=""DestinationIp"">10.10.1.30</Data><Data Name=""DestinationHostname"">-</Data><Data Name=""DestinationPort"">80</Data><Data Name=""DestinationPortName"">-</Data></EventData></Event>",2026-09-27 02:16:38.599
"<Event><System><Provider Name=""Linux-Sysmon"" Guid=""{ff032593-a8d3-4f13-b0d6-01fc615a0f97}""/><EventID>3</EventID><Version>5</Version><Level>4</Level><Task>3</Task><Opcode>0</Opcode><Keywords>0x8000000000000000</Keywords><TimeCreated SystemTime=""2026-10-04T21:09:02.000000000Z""/><EventRecordID>1002510</EventRecordID><Correlation/><Execution ProcessID=""1542964"" ThreadID=""1542964""/><Channel>Linux-Sysmon/Operational</Channel><Computer>node-01</Computer><Security UserId=""0""/></System><EventData><Data Name=""RuleName"">NetworkConnect</Data><Data Name=""UtcTime"">2026-10-04 21:09:02.000</Data><Data Name=""ProcessGuid"">{00000000-6437-2cc7-1d9f-c2ca0bdd6556}</Data><Data Name=""ProcessId"">42216</Data><Data Name=""Image"">/usr/sbin/nginx</Data><Data Name=""User"">root</Data><Data Name=""Protocol"">tcp</Data><Data Name=""Initiated"">true</Data><Data Name=""SourceIsIpv6"">false</Data><Data Name=""SourceIp"">10.10.1.40</Data><Data Name=""SourceHostname"">-</Data><Data Name=""SourcePort"">39005</Data><Data Name=""SourcePortName"">-</Data><Data Name=""DestinationIsIpv6"">false</Data><Data Name=""DestinationIp"">10.10.1.30</Data><Data Name=""DestinationHostname"">-</Data><Data Name=""DestinationPort"">80</Data><Data Name=""DestinationPortName"">-</Data></EventData></Event>",2026-09-27 02:16:38.599
"<Event><System><Provider Name=""Linux-Sysmon"" Guid=""{ff032593-a8d3-4f13-b0d6-01fc615a0f97}""/><EventID>11</EventID><Version>2</Version><Level>4</Level><Task>11</Task><Opcode>0</Opcode><Keywords>0x8000000000000000</Keywords><TimeCreated SystemTime=""2026-10-04T21:10:22.000000000Z""/><EventRecordID>1002502</EventRecordID><Correlation/><Execution ProcessID=""1542964"" ThreadID=""1542964""/><Channel>Linux-Sysmon/Operational</Channel><Computer>app-01</Computer><Security UserId=""0""/></System><EventData><Data Name=""RuleName"">FileCreate</Data><Data Name=""UtcTime"">2026-10-04 21:10:22.000</Data><Data Name=""ProcessGuid"">{00000000-d768-a8a3-451a-99c5770c3593}</Data><Data Name=""ProcessId"">42208</Data><Data Name=""Image"">/usr/bin/python3.12</Data><Data Name=""TargetFilename"">/tmp/health-651510</Data><Data Name=""CreationUtcTime"">2026-10-04 21:10:22.000</Data><Data Name=""User"">root</Data></EventData></Event>",2026-09-27 02:16:38.599
"<Event><System><Provider Name=""Linux-Sysmon"" Guid=""{ff032593-a8d3-4f13-b0d6-01fc615a0f97}""/><EventID>3</EventID><Version>5</Version><Level>4</Level><Task>3</Task><Opcode>0</Opcode><Keywords>0x8000000000000000</Keywords><TimeCreated SystemTime=""2026-10-04T21:11:49.000000000Z""/><EventRecordID>1002505</EventRecordID><Correlation/><Execution ProcessID=""1542964"" ThreadID=""1542964""/><Channel>Linux-Sysmon/Operational</Channel><Computer>web-01</Computer><Security UserId=""0""/></System><EventData><Data Name=""RuleName"">NetworkConnect</Data><Data Name=""UtcTime"">2026-10-04 21:11:49.000</Data><Data Name=""ProcessGuid"">{00000000-4184-13b9-9597-5d28f0b40cf1}</Data><Data Name=""ProcessId"">42211</Data><Data Name=""Image"">/usr/local/nginx/sbin/nginx</Data><Data Name=""User"">syslog</Data><Data Name=""Protocol"">tcp</Data><Data Name=""Initiated"">true</Data><Data Name=""SourceIsIpv6"">false</Data><Data Name=""SourceIp"">10.10.1.30</Data><Data Name=""SourceHostname"">-</Data><Data Name=""SourcePort"">37595</Data><Data Name=""SourcePortName"">-</Data><Data Name=""DestinationIsIpv6"">false</Data><Data Name=""DestinationIp"">10.10.1.20</Data><Data Name=""DestinationHostname"">-</Data><Data Name=""DestinationPort"">443</Data><Data Name=""DestinationPortName"">-</Data></EventData></Event>",2026-09-27 02:16:38.599
"<Event><System><Provider Name=""Linux-Sysmon"" Guid=""{ff032593-a8d3-4f13-b0d6-01fc615a0f97}""/><EventID>11</EventID><Version>2</Version><Level>4</Level><Task>11</Task><Opcode>0</Opcode><Keywords>0x8000000000000000</Keywords><TimeCreated SystemTime=""2026-10-04T21:18:49.000000000Z""/><EventRecordID>1002506</EventRecordID><Correlation/><Execution ProcessID=""1542964"" ThreadID=""1542964""/><Channel>Linux-Sysmon/Operational</Channel><Computer>web-01</Computer><Security UserId=""0""/></System><EventData><Data Name=""RuleName"">FileCreate</Data><Data Name=""UtcTime"">2026-10-04 21:18:49.000</Data><Data Name=""ProcessGuid"">{00000000-bd9d-db25-7dff-d012b6f8793d}</Data><Data Name=""ProcessId"">42212</Data><Data Name=""Image"">/usr/bin/python3.12</Data><Data Name=""TargetFilename"">/tmp/health-630424</Data><Data Name=""CreationUtcTime"">2026-10-04 21:18:49.000</Data><Data Name=""User"">root</Data></EventData></Event>",2026-09-27 02:16:38.599
"<Event><System><Provider Name=""Linux-Sysmon"" Guid=""{ff032593-a8d3-4f13-b0d6-01fc615a0f97}""/><EventID>1</EventID><Version>5</Version><Level>4</Level><Task>1</Task><Opcode>0</Opcode><Keywords>0x8000000000000000</Keywords><TimeCreated SystemTime=""2026-10-04T21:21:55.000000000Z""/><EventRecordID>1002503</EventRecordID><Correlation/><Execution ProcessID=""1542964"" ThreadID=""1542964""/><Channel>Linux-Sysmon/Operational</Channel><Computer>app-01</Computer><Security UserId=""0""/></System><EventData><Data Name=""RuleName"">ProcessCreate</Data><Data Name=""UtcTime"">2026-10-04 21:21:55.000</Data><Data Name=""ProcessGuid"">{00000000-3178-d04a-01eb-d039aab8393b}</Data><Data Name=""ProcessId"">42209</Data><Data Name=""Image"">/usr/bin/dash</Data><Data Name=""FileVersion"">-</Data><Data Name=""Description"">-</Data><Data Name=""Product"">-</Data><Data Name=""Company"">-</Data><Data Name=""OriginalFileName"">-</Data><Data Name=""CommandLine"">dash /opt/healthcheck/rotate.sh</Data><Data Name=""CurrentDirectory"">/opt/healthcheck</Data><Data Name=""User"">root</Data><Data Name=""LogonGuid"">{00000000-0000-0000-0000-000000000000}</Data><Data Name=""LogonId"">0</Data><Data Name=""TerminalSessionId"">4294967295</Data><Data Name=""IntegrityLevel"">no level</Data><Data Name=""Hashes"">-</Data><Data Name=""ParentProcessGuid"">{00000000-9cee-a165-3cc6-a687d067337a}</Data><Data Name=""ParentProcessId"">42210</Data><Data Name=""ParentImage"">/usr/bin/dash</Data><Data Name=""ParentCommandLine"">dash</Data><Data Name=""ParentUser"">root</Data></EventData></Event>",2026-09-27 02:16:38.599
"<Event><System><Provider Name=""Linux-Sysmon"" Guid=""{ff032593-a8d3-4f13-b0d6-01fc615a0f97}""/><EventID>5</EventID><Version>3</Version><Level>4</Level><Task>5</Task><Opcode>0</Opcode><Keywords>0x8000000000000000</Keywords><TimeCreated SystemTime=""2026-10-04T21:21:56.000000000Z""/><EventRecordID>1002504</EventRecordID><Correlation/><Execution ProcessID=""1542964"" ThreadID=""1542964""/><Channel>Linux-Sysmon/Operational</Channel><Computer>app-01</Computer><Security UserId=""0""/></System><EventData><Data Name=""RuleName"">ProcessTerminate</Data><Data Name=""UtcTime"">2026-10-04 21:21:56.000</Data><Data Name=""ProcessGuid"">{00000000-3178-d04a-01eb-d039aab8393b}</Data><Data Name=""ProcessId"">42209</Data><Data Name=""Image"">/usr/bin/dash</Data><Data Name=""User"">-</Data></EventData></Event>",2026-09-27 02:16:38.599
"<Event><System><Provider Name=""Linux-Sysmon"" Guid=""{ff032593-a8d3-4f13-b0d6-01fc615a0f97}""/><EventID>1</EventID><Version>5</Version><Level>4</Level><Task>1</Task><Opcode>0</Opcode><Keywords>0x8000000000000000</Keywords><TimeCreated SystemTime=""2026-10-04T21:27:11.000000000Z""/><EventRecordID>1002499</EventRecordID><Correlation/><Execution ProcessID=""1542964"" ThreadID=""1542964""/><Channel>Linux-Sysmon/Operational</Channel><Computer>bastion-01</Computer><Security UserId=""0""/></System><EventData><Data Name=""RuleName"">ProcessCreate</Data><Data Name=""UtcTime"">2026-10-04 21:27:11.000</Data><Data Name=""ProcessGuid"">{00000000-9db8-a41e-feb6-daf5f3068bb9}</Data><Data Name=""ProcessId"">42205</Data><Data Name=""Image"">/usr/sbin/sshd</Data><Data Name=""FileVersion"">-</Data><Data Name=""Description"">-</Data><Data Name=""Product"">-</Data><Data Name=""Company"">-</Data><Data Name=""OriginalFileName"">-</Data><Data Name=""CommandLine"">sshd: /usr/sbin/sshd -D [listener] 0 of 10-100 startups</Data><Data Name=""CurrentDirectory"">/</Data><Data Name=""User"">root</Data><Data Name=""LogonGuid"">{00000000-0000-0000-0000-000000000000}</Data><Data Name=""LogonId"">0</Data><Data Name=""TerminalSessionId"">4294967295</Data><Data Name=""IntegrityLevel"">no level</Data><Data Name=""Hashes"">-</Data><Data Name=""ParentProcessGuid"">{00000000-8d8c-6ee8-28ec-5e6a2906abea}</Data><Data Name=""ParentProcessId"">42206</Data><Data Name=""ParentImage"">/usr/sbin/sshd</Data><Data Name=""ParentCommandLine"">sshd</Data><Data Name=""ParentUser"">root</Data></EventData></Event>",2026-09-27 02:16:38.599
"<Event><System><Provider Name=""Linux-Sysmon"" Guid=""{ff032593-a8d3-4f13-b0d6-01fc615a0f97}""/><EventID>5</EventID><Version>3</Version><Level>4</Level><Task>5</Task><Opcode>0</Opcode><Keywords>0x8000000000000000</Keywords><TimeCreated SystemTime=""2026-10-04T21:27:13.000000000Z""/><EventRecordID>1002500</EventRecordID><Correlation/><Execution ProcessID=""1542964"" ThreadID=""1542964""/><Channel>Linux-Sysmon/Operational</Channel><Computer>bastion-01</Computer><Security UserId=""0""/></System><EventData><Data Name=""RuleName"">ProcessTerminate</Data><Data Name=""UtcTime"">2026-10-04 21:27:13.000</Data><Data Name=""ProcessGuid"">{00000000-9db8-a41e-feb6-daf5f3068bb9}</Data><Data Name=""ProcessId"">42205</Data><Data Name=""Image"">/usr/sbin/sshd</Data><Data Name=""User"">-</Data></EventData></Event>",2026-09-27 02:16:38.599
"<Event><System><Provider Name=""Linux-Sysmon"" Guid=""{ff032593-a8d3-4f13-b0d6-01fc615a0f97}""/><EventID>3</EventID><Version>5</Version><Level>4</Level><Task>3</Task><Opcode>0</Opcode><Keywords>0x8000000000000000</Keywords><TimeCreated SystemTime=""2026-10-04T22:04:36.000000000Z""/><EventRecordID>1002511</EventRecordID><Correlation/><Execution ProcessID=""1542964"" ThreadID=""1542964""/><Channel>Linux-Sysmon/Operational</Channel><Computer>app-01</Computer><Security UserId=""0""/></System><EventData><Data Name=""RuleName"">NetworkConnect</Data><Data Name=""UtcTime"">2026-10-04 22:04:36.000</Data><Data Name=""ProcessGuid"">{00000000-91cc-f4df-c890-81fd52df2d0e}</Data><Data Name=""ProcessId"">42217</Data><Data Name=""Image"">/usr/sbin/nginx</Data><Data Name=""User"">root</Data><Data Name=""Protocol"">tcp</Data><Data Name=""Initiated"">true</Data><Data Name=""SourceIsIpv6"">false</Data><Data Name=""SourceIp"">10.10.1.20</Data><Data Name=""SourceHostname"">-</Data><Data Name=""SourcePort"">36345</Data><Data Name=""SourcePortName"">-</Data><Data Name=""DestinationIsIpv6"">false</Data><Data Name=""DestinationIp"">10.10.1.30</Data><Data Name=""DestinationHostname"">-</Data><Data Name=""DestinationPort"">80</Data><Data Name=""DestinationPortName"">-</Data></EventData></Event>",2026-09-27 02:16:38.599
"<Event><System><Provider Name=""Linux-Sysmon"" Guid=""{ff032593-a8d3-4f13-b0d6-01fc615a0f97}""/><EventID>1</EventID><Version>5</Version><Level>4</Level><Task>1</Task><Opcode>0</Opcode><Keywords>0x8000000000000000</Keywords><TimeCreated SystemTime=""2026-10-04T22:05:58.000000000Z""/><EventRecordID>1002512</EventRecordID><Correlation/><Execution ProcessID=""1542964"" ThreadID=""1542964""/><Channel>Linux-Sysmon/Operational</Channel><Computer>web-01</Computer><Security UserId=""0""/></System><EventData><Data Name=""RuleName"">ProcessCreate</Data><Data Name=""UtcTime"">2026-10-04 22:05:58.000</Data><Data Name=""ProcessGuid"">{00000000-130e-a016-6dbd-73d11f4509df}</Data><Data Name=""ProcessId"">42218</Data><Data Name=""Image"">/usr/bin/python3.12</Data><Data Name=""FileVersion"">-</Data><Data Name=""Description"">-</Data><Data Name=""Product"">-</Data><Data Name=""Company"">-</Data><Data Name=""OriginalFileName"">-</Data><Data Name=""CommandLine"">python3.12 /opt/healthcheck/probe.py</Data><Data Name=""CurrentDirectory"">/opt/healthcheck</Data><Data Name=""User"">root</Data><Data Name=""LogonGuid"">{00000000-0000-0000-0000-000000000000}</Data><Data Name=""LogonId"">0</Data><Data Name=""TerminalSessionId"">4294967295</Data><Data Name=""IntegrityLevel"">no level</Data><Data Name=""Hashes"">-</Data><Data Name=""ParentProcessGuid"">{00000000-c9ad-42c3-ac22-fb062684e362}</Data><Data Name=""ParentProcessId"">42219</Data><Data Name=""ParentImage"">/usr/bin/python3.12</Data><Data Name=""ParentCommandLine"">python3.12</Data><Data Name=""ParentUser"">root</Data></EventData></Event>",2026-09-27 02:16:38.599
