"<Event><System><Provider Name=""Linux-Sysmon"" Guid=""{ff032593-a8d3-4f13-b0d6-01fc615a0f97}""/><EventID>1</EventID><Version>5</Version><Level>4</Level><Task>1</Task><Opcode>0</Opcode><Keywords>0x8000000000000000</Keywords><TimeCreated SystemTime=""2026-10-03T10:03:25.000000000Z""/><EventRecordID>1002096</EventRecordID><Correlation/><Execution ProcessID=""1542964"" ThreadID=""1542964""/><Channel>Linux-Sysmon/Operational</Channel><Computer>app-01</Computer><Security UserId=""0""/></System><EventData><Data Name=""RuleName"">ProcessCreate</Data><Data Name=""UtcTime"">2026-10-03 10:03:25.000</Data><Data Name=""ProcessGuid"">{00000000-91be-1999-b22f-075e414acd74}</Data><Data Name=""ProcessId"">41802</Data><Data Name=""Image"">/usr/bin/python3.12</Data><Data Name=""FileVersion"">-</Data><Data Name=""Description"">-</Data><Data Name=""Product"">-</Data><Data Name=""Company"">-</Data><Data Name=""OriginalFileName"">-</Data><Data Name=""CommandLine"">python3.12 /opt/healthcheck/probe.py</Data><Data Name=""CurrentDirectory"">/opt/healthcheck</Data><Data Name=""User"">root</Data><Data Name=""LogonGuid"">{00000000-0000-0000-0000-000000000000}</Data><Data Name=""LogonId"">0</Data><Data Name=""TerminalSessionId"">4294967295</Data><Data Name=""IntegrityLevel"">no level</Data><Data Name=""Hashes"">-</Data><Data Name=""ParentProcessGuid"">{00000000-7553-1ad2-3b22-f478974c6a8b}</Data><Data Name=""ParentProcessId"">41803</Data><Data Name=""ParentImage"">/usr/bin/python3.12</Data><Data Name=""ParentCommandLine"">python3.12</Data><Data Name=""ParentUser"">root</Data></EventData></Event>",2026-09-27 02:16:38.599
"<Event><System><Provider Name=""Linux-Sysmon"" Guid=""{ff032593-a8d3-4f13-b0d6-01fc615a0f97}""/><EventID>3</EventID><Version>5</Version><Level>4</Level><Task>3</Task><Opcode>0</Opcode><Keywords>0x8000000000000000</Keywords><TimeCreated SystemTime=""2026-10-03T10:03:25.300000000Z""/><EventRecordID>1002098</EventRecordID><Correlation/><Execution ProcessID=""1542964"" ThreadID=""1542964""/><Channel>Linux-Sysmon/Operational</Channel><Computer>app-01</Computer><Security UserId=""0""/></System><EventData><Data Name=""RuleName"">NetworkConnect</Data><Data Name=""UtcTime"">2026-10-03 10:03:25.300</Data><Data Name=""ProcessGuid"">{00000000-df74-8e5f-fe18-9aa8e3bbdde6}</Data><Data Name=""ProcessId"">41804</Data><Data Name=""Image"">/usr/bin/python3.12</Data><Data Name=""User"">root</Data><Data Name=""Protocol"">tcp</Data><Data Name=""Initiated"">true</Data><Data Name=""SourceIsIpv6"">false</Data><Data Name=""SourceIp"">10.10.1.20</Data><Data Name=""SourceHostname"">-</Data><Data Name=""SourcePort"">45370</Data><Data Name=""SourcePortName"">-</Data><Data Name=""DestinationIsIpv6"">false</Data><Data Name=""DestinationIp"">10.10.1.30</Data><Data Name=""DestinationHostname"">-</Data><Data Name=""DestinationPort"">80</Data><Data Name=""DestinationPortName"">-</Data></EventData></Event>",2026-09-27 02:16:38.599
"<Event><System><Provider Name=""Linux-Sysmon"" Guid=""{ff032593-a8d3-4f13-b0d6-01fc615a0f97}""/><EventID>5</EventID><Version>3</Version><Level>4</Level><Task>5</Task><Opcode>0</Opcode><Keywords>0x8000000000000000</Keywords><TimeCreated SystemTime=""2026-10-03T10:03:26.000000000Z""/><EventRecordID>1002097</EventRecordID><Correlation/><Execution ProcessID=""1542964"" ThreadID=""1542964""/><Channel>Linux-Sysmon/Operational</Channel><Computer>app-01</Computer><Security UserId=""0""/></System><EventData><Data Name=""RuleName"">ProcessTerminate</Data><Data Name=""UtcTime"">2026-10-03 10:03:26.000</Data><Data Name=""ProcessGuid"">{00000000-91be-1999-b22f-075e414acd74}</Data><Data Name=""ProcessId"">41802</Data><Data Name=""Image"">/usr/bin/python3.12</Data><Data Name=""User"">-</Data></EventData></Event>",2026-09-27 02:16:38.599
"<Event><System><Provider Name=""Linux-Sysmon"" Guid=""{ff032593-a8d3-4f13-b0d6-01fc615a0f97}""/><EventID>1</EventID><Version>5</Version><Level>4</Level><Task>1</Task><Opcode>0</Opcode><Keywords>0x8000000000000000</Keywords><TimeCreated SystemTime=""2026-10-03T10:05:38.000000000Z""/><EventRecordID>1002092</EventRecordID><Correlation/><Execution ProcessID=""1542964"" ThreadID=""1542964""/><Channel>Linux-Sysmon/Operational</Channel><Computer>bastion-01</Computer><Security UserId=""0""/></System><EventData><Data Name=""RuleName"">ProcessCreate</Data><Data Name=""UtcTime"">2026-10-03 10:05:38.000</Data><Data Name=""ProcessGuid"">{00000000-11ec-3f06-748d-d6ab97549f45}</Data><Data Name=""ProcessId"">41798</Data><Data Name=""Image"">/usr/bin/python3.12</Data><Data Name=""FileVersion"">-</Data><Data Name=""Description"">-</Data><Data Name=""Product"">-</Data><Data Name=""Company"">-</Data><Data Name=""OriginalFileName"">-</Data><Data Name=""CommandLine"">python3.12 /opt/healthcheck/probe.py</Data><Data Name=""CurrentDirectory"">/opt/healthcheck</Data><Data Name=""User"">root</Data><Data Name=""LogonGuid"">{00000000-0000-0000-0000-000000000000}</Data><Data Name=""LogonId"">0</Data><Data Name=""TerminalSessionId"">4294967295</Data><Data Name=""IntegrityLevel"">no level</Data><Data Name=""Hashes"">-</Data><Data Name=""ParentProcessGuid"">{00000000-0098-93f6-e8d6-3adff7572530}</Data><Data Name=""ParentProcessId"">41799</Data><Data Name=""ParentImage"">/usr/bin/python3.12</Data><Data Name=""ParentCommandLine"">python3.12</Data><Data Name=""ParentUser"">root</Data></EventData></Event>",2026-09-27 02:16:38.599
"<Event><System><Provider Name=""Linux-Sysmon"" Guid=""{ff032593-a8d3-4f13-b0d6-01fc615a0f97}""/><EventID>3</EventID><Version>5</Version><Level>4</Level><Task>3</Task><Opcode>0</Opcode><Keywords>0x8000000000000000</Keywords><TimeCreated SystemTime=""2026-10-03T10:05:38.300000000Z""/><EventRecordID>1002094</EventRecordID><Correlation/><Execution ProcessID=""1542964"" ThreadID=""1542964""/><Channel>Linux-Sysmon/Operational</Channel><Computer>bastion-01</Computer><Security UserId=""0""/></System><EventData><Data Name=""RuleName"">NetworkConnect</Data><Data Name=""UtcTime"">2026-10-03 10:05:38.300</Data><Data Name=""ProcessGuid"">{00000000-d48d-8eb0-556a-af72fa5a73cf}</Data><Data Name=""ProcessId"">41800</Data><Data Name=""Image"">/usr/bin/python3.12</Data><Data Name=""User"">root</Data><Data Name=""Protocol"">tcp</Data><Data Name=""Initiated"">true</Data><Data Name=""SourceIsIpv6"">false</Data><Data Name=""SourceIp"">10.10.1.10</Data><Data Name=""SourceHostname"">-</Data><Data Name=""SourcePort"">47694</Data><Data Name=""SourcePortName"">-</Data><Data Name=""DestinationIsIpv6"">false</Data><Data Name=""DestinationIp"">10.10.1.30</Data><Data Name=""DestinationHostname"">-</Data><Data Name=""DestinationPort"">80</Data><Data Name=""DestinationPortName"">-</Data></EventData></Event>",2026-09-27 02:16:38.599
"<Event><System><Provider Name=""Linux-Sysmon"" Guid=""{ff032593-a8d3-4f13-b0d6-01fc615a0f97}""/><EventID>5</EventID><Version>3</Version><Level>4</Level><Task>5</Task><Opcode>0</Opcode><Keywords>0x8000000000000000</Keywords><TimeCreated SystemTime=""2026-10-03T10:05:39.000000000Z""/><EventRecordID>1002093</EventRecordID><Correlation/><Execution ProcessID=""1542964"" ThreadID=""1542964""/><Channel>Linux-Sysmon/Operational</Channel><Computer>bastion-01</Computer><Security UserId=""0""/></System><EventData><Data Name=""RuleName"">ProcessTerminate</Data><Data Name=""UtcTime"">2026-10-03 10:05:39.000</Data><Data Name=""ProcessGuid"">{00000000-11ec-3f06-748d-d6ab97549f45}</Data><Data Name=""ProcessId"">41798</Data><Data Name=""Image"">/usr/bin/python3.12</Data><Data Name=""User"">-</Data></EventData></Event>",2026-09-27 02:16:38.599
"<Event><System><Provider Name=""Linux-Sysmon"" Guid=""{ff032593-a8d3-4f13-b0d6-01fc615a0f97}""/><EventID>1</EventID><Version>5</Version><Level>4</Level><Task>1</Task><Opcode>0</Opcode><Keywords>0x8000000000000000</Keywords><TimeCreated SystemTime=""2026-10-03T10:07:47.000000000Z""/><EventRecordID>1002104</EventRecordID><Correlation/><Execution ProcessID=""1542964"" ThreadID=""1542964""/><Channel>Linux-Sysmon/Operational</Channel><Computer>node-01</Computer><Security UserId=""0""/></System><EventData><Data Name=""RuleName"">ProcessCreate</Data><Data Name=""UtcTime"">2026-10-03 10:07:47.000</Data><Data Name=""ProcessGuid"">{00000000-0bec-9edc-019c-2aae60000e2a}</Data><Data Name=""ProcessId"">41810</Data><Data Name=""Image"">/usr/bin/python3.12</Data><Data Name=""FileVersion"">-</Data><Data Name=""Description"">-</Data><Data Name=""Product"">-</Data><Data Name=""Company"">-</Data><Data Name=""OriginalFileName"">-</Data><Data Name=""CommandLine"">python3.12 /opt/healthcheck/probe.py</Data><Data Name=""CurrentDirectory"">/opt/healthcheck</Data><Data Name=""User"">root</Data><Data Name=""LogonGuid"">{00000000-0000-0000-0000-000000000000}</Data><Data Name=""LogonId"">0</Data><Data Name=""TerminalSessionId"">4294967295</Data><Data Name=""IntegrityLevel"">no level</Data><Data Name=""Hashes"">-</Data><Data Name=""ParentProcessGuid"">{00000000-790f-c6e3-230a-f20af395ec57}</Data><Data Name=""ParentProcessId"">41811</Data><Data Name=""ParentImage"">/usr/bin/python3.12</Data><Data Name=""ParentCommandLine"">python3.12</Data><Data Name=""ParentUser"">root</Data></EventData></Event>",2026-09-27 02:16:38.599
"<Event><System><Provider Name=""Linux-Sysmon"" Guid=""{ff032593-a8d3-4f13-b0d6-01fc615a0f97}""/><EventID>3</EventID><Version>5</Version><Level>4</Level><Task>3</Task><Opcode>0</Opcode><Keywords>0x8000000000000000</Keywords><TimeCreated SystemTime=""2026-10-03T10:07:47.300000000Z""/><EventRecordID>1002106</EventRecordID><Correlation/><Execution ProcessID=""1542964"" ThreadID=""1542964""/><Channel>Linux-Sysmon/Operational</Channel><Computer>node-01</Computer><Security UserId=""0""/></System><EventData><Data Name=""RuleName"">NetworkConnect</Data><Data Name=""UtcTime"">2026-10-03 10:07:47.300</Data><Data Name=""ProcessGuid"">{00000000-5b9f-15eb-3d0e-16dc922693fb}</Data><Data Name=""ProcessId"">41812</Data><Data Name=""Image"">/usr/bin/python3.12</Data><Data Name=""User"">root</Data><Data Name=""Protocol"">tcp</Data><Data Name=""Initiated"">true</Data><Data Name=""SourceIsIpv6"">false</Data><Data Name=""SourceIp"">10.10.1.40</Data><Data Name=""SourceHostname"">-</Data><Data Name=""SourcePort"">56592</Data><Data Name=""SourcePortName"">-</Data><Data Name=""DestinationIsIpv6"">false</Data><Data Name=""DestinationIp"">10.10.1.30</Data><Data Name=""DestinationHostname"">-</Data><Data Name=""DestinationPort"">80</Data><Data Name=""DestinationPortName"">-</Data></EventData></Event>",2026-09-27 02:16:38.599
"<Event><System><Provider Name=""Linux-Sysmon"" Guid=""{ff032593-a8d3-4f13-b0d6-01fc615a0f97}""/><EventID>5</EventID><Version>3</Version><Level>4</Level><Task>5</Task><Opcode>0</Opcode><Keywords>0x8000000000000000</Keywords><TimeCreated SystemTime=""2026-10-03T10:07:48.000000000Z""/><EventRecordID>1002105</EventRecordID><Correlation/><Execution ProcessID=""1542964"" ThreadID=""1542964""/><Channel>Linux-Sysmon/Operational</Channel><Computer>node-01</Computer><Security UserId=""0""/></System><EventData><Data Name=""RuleName"">ProcessTerminate</Data><Data Name=""UtcTime"">2026-10-03 10:07:48.000</Data><Data Name=""ProcessGuid"">{00000000-0bec-9edc-019c-2aae60000e2a}</Data><Data Name=""ProcessId"">41810</Data><Data Name=""Image"">/usr/bin/python3.12</Data><Data Name=""User"">-</Data></EventData></Event>",2026-09-27 02:16:38.599
"<Event><System><Provider Name=""Linux-Sysmon"" Guid=""{ff032593-a8d3-4f13-b0d6-01fc615a0f97}""/><EventID>1</EventID><Version>5</Version><Level>4</Level><Task>1</Task><Opcode>0</Opcode><Keywords>0x8000000000000000</Keywords><TimeCreated SystemTime=""2026-10-03T10:07:51.000000000Z""/><EventRecordID>1002100</EventRecordID><Correlation/><Execution ProcessID=""1542964"" ThreadID=""1542964""/><Channel>Linux-Sysmon/Operational</Channel><Computer>web-01</Computer><Security UserId=""0""/></System><EventData><Data Name=""RuleName"">ProcessCreate</Data><Data Name=""UtcTime"">2026-10-03 10:07:51.000</Data><Data Name=""ProcessGuid"">{00000000-cda4-6ec4-02f9-dd4ade49cb25}</Data><Data Name=""ProcessId"">41806</Data><Data Name=""Image"">/usr/bin/python3.12</Data><Data Name=""FileVersion"">-</Data><Data Name=""Description"">-</Data><Data Name=""Product"">-</Data><Data Name=""Company"">-</Data><Data Name=""OriginalFileName"">-</Data><Data Name=""CommandLine"">python3.12 /opt/healthcheck/probe.py</Data><Data Name=""CurrentDirectory"">/opt/healthcheck</Data><Data Name=""User"">root</Data><Data Name=""LogonGuid"">{00000000-0000-0000-0000-000000000000}</Data><Data Name=""LogonId"">0</Data><Data Name=""TerminalSessionId"">4294967295</Data><Data Name=""IntegrityLevel"">no level</Data><Data Name=""Hashes"">-</Data><Data Name=""ParentProcessGuid"">{00000000-5436-71d0-9c4f-33ac3fbd6cc0}</Data><Data Name=""ParentProcessId"">41807</Data><Data Name=""ParentImage"">/usr/bin/python3.12</Data><Data Name=""ParentCommandLine"">python3.12</Data><Data Name=""ParentUser"">root</Data></EventData></Event>",2026-09-27 02:16:38.599
"<Event><System><Provider Name=""Linux-Sysmon"" Guid=""{ff032593-a8d3-4f13-b0d6-01fc615a0f97}""/><EventID>3</EventID><Version>5</Version><Level>4</Level><Task>3</Task><Opcode>0</Opcode><Keywords>0x8000000000000000</Keywords><TimeCreated SystemTime=""2026-10-03T10:07:51.300000000Z""/><EventRecordID>1002102</EventRecordID><Correlation/><Execution ProcessID=""1542964"" ThreadID=""1542964""/><Channel>Linux-Sysmon/Operational</Channel><Computer>web-01</Computer><Security UserId=""0""/></System><EventData><Data Name=""RuleName"">NetworkConnect</Data><Data Name=""UtcTime"">2026-10-03 10:07:51.300</Data><Data Name=""ProcessGuid"">{00000000-5e60-fbac-5d1d-d28a3f456768}</Data><Data Name=""ProcessId"">41808</Data><Data Name=""Image"">/usr/bin/python3.12</Data><Data Name=""User"">root</Data><Data Name=""Protocol"">tcp</Data><Data Name=""Initiated"">true</Data><Data Name=""SourceIsIpv6"">false</Data><Data Name=""SourceIp"">10.10.1.30</Data><Data Name=""SourceHostname"">-</Data><Data Name=""SourcePort"">56204</Data><Data Name=""SourcePortName"">-</Data><Data Name=""DestinationIsIpv6"">false</Data><Data Name=""DestinationIp"">10.10.1.30</Data><Data Name=""DestinationHostname"">-</Data><Data Name=""DestinationPort"">80</Data><Data Name=""DestinationPortName"">-</Data></EventData></Event>",2026-09-27 02:16:38.599
"<Event><System><Provider Name=""Linux-Sysmon"" Guid=""{ff032593-a8d3-4f13-b0d6-01fc615a0f97}""/><EventID>5</EventID><Version>3</Version><Level>4</Level><Task>5</Task><Opcode>0</Opcode><Keywords>0x8000000000000000</Keywords><TimeCreated SystemTime=""2026-10-03T10:07:52.000000000Z""/><EventRecordID>1002101</EventRecordID><Correlation/><Execution ProcessID=""1542964"" ThreadID=""1542964""/><Channel>Linux-Sysmon/Operational</Channel><Computer>web-01</Computer><Security UserId=""0""/></System><EventData><Data Name=""RuleName"">ProcessTerminate</Data><Data Name=""UtcTime"">2026-10-03 10:07:52.000</Data><Data Name=""ProcessGuid"">{00000000-cda4-6ec4-02f9-dd4ade49cb25}</Data><Data Name=""ProcessId"">41806</Data><Data Name=""Image"">/usr/bin/python3.12</Data><Data Name=""User"">-</Data></EventData></Event>",2026-09-27 02:16:38.599
"<Event><System><Provider Name=""Linux-Sysmon"" Guid=""{ff032593-a8d3-4f13-b0d6-01fc615a0f97}""/><EventID>3</EventID><Version>5</Version><Level>4</Level><Task>3</Task><Opcode>0</Opcode><Keywords>0x8000000000000000</Keywords><TimeCreated SystemTime=""2026-10-03T10:08:12.000000000Z""/><EventRecordID>1002095</EventRecordID><Correlation/><Execution ProcessID=""1542964"" ThreadID=""1542964""/><Channel>Linux-Sysmon/Operational</Channel><Computer>bastion-01</Computer><Security UserId=""0""/></System><EventData><Data Name=""RuleName"">NetworkConnect</Data><Data Name=""UtcTime"">2026-10-03 10:08:12.000</Data><Data Name=""ProcessGuid"">{00000000-a4bc-726f-c0fa-168f5fdebff3}</Data><Data Name=""ProcessId"">41801</Data><Data Name=""Image"">/usr/sbin/nginx</Data><Data Name=""User"">root</Data><Data Name=""Protocol"">tcp</Data><Data Name=""Initiated"">true</Data><Data Name=""SourceIsIpv6"">false</Data><Data Name=""SourceIp"">10.10.1.10</Data><Data Name=""SourceHostname"">-</Data><Data Name=""SourcePort"">40613</Data><Data Name=""SourcePortName"">-</Data><Data Name=""DestinationIsIpv6"">false</Data><Data Name=""DestinationIp"">10.10.1.30</Data><Data Name=""DestinationHostname"">-</Data><Data Name=""DestinationPort"">80</Data><Data Name=""DestinationPortName"">-</Data></EventData></Event>",2026-09-27 02:16:38.599
"<Event><System><Provider Name=""Linux-Sysmon"" Guid=""{ff032593-a8d3-4f13-b0d6-01fc615a0f97}""/><EventID>3</EventID><Version>5</Version><Level>4</Level><Task>3</Task><Opcode>0</Opcode><Keywords>0x8000000000000000</Keywords><TimeCreated SystemTime=""2026-10-03T10:11:05.000000000Z""/><EventRecordID>1002099</EventRecordID><Correlation/><Execution ProcessID=""1542964"" ThreadID=""1542964""/><Channel>Linux-Sysmon/Operational</Channel><Computer>app-01</Computer><Security UserId=""0""/></System><EventData><Data Name=""RuleName"">NetworkConnect</Data><Data Name=""UtcTime"">2026-10-03 10:11:05.000</Data><Data Name=""ProcessGuid"">{00000000-9abc-35bc-3918-aaa3f214c758}</Data><Data Name=""ProcessId"">41805</Data><Data Name=""Image"">/usr/sbin/nginx</Data><Data Name=""User"">root</Data><Data Name=""Protocol"">tcp</Data><Data Name=""Initiated"">true</Data><Data Name=""SourceIsIpv6"">false</Data><Data Name=""SourceIp"">10.10.1.20</Data><Data Name=""SourceHostname"">-</Data><Data Name=""SourcePort"">40429</Data><Data Name=""SourcePortName"">-</Data><Data Name=""DestinationIsIpv6"">false</Data><Data Name=""DestinationIp"">10.10.1.30</Data><Data Name=""DestinationHostname"">-</Data><Data Name=""DestinationPort"">443</Data><Data Name=""DestinationPortName"">-</Data></EventData></Event>",2026-09-27 02:16:38.599
"<Event><System><Provider Name=""Linux-Sysmon"" Guid=""{ff032593-a8d3-4f13-b0d6-01fc615a0f97}""/><EventID>3</EventID><Version>5</Version><Level>4</Level><Task>3</Task><Opcode>0</Opcode><Keywords>0x8000000000000000</Keywords><TimeCreated SystemTime=""2026-10-03T10:12:47.000000000Z""/><EventRecordID>1002103</EventRecordID><Correlation/><Execution ProcessID=""1542964"" ThreadID=""1542964""/><Channel>Linux-Sysmon/Operational</Channel><Computer>web-01</Computer><Security UserId=""0""/></System><EventData><Data Name=""RuleName"">NetworkConnect</Data><Data Name=""UtcTime"">2026-10-03 10:12:47.000</Data><Data Name=""ProcessGuid"">{00000000-31bc-d140-d170-80e20a793c23}</Data><Data Name=""ProcessId"">41809</Data><Data Name=""Image"">/usr/local/nginx/sbin/nginx</Data><Data Name=""User"">syslog</Data><Data Name=""Protocol"">tcp</Data><Data Name=""Initiated"">true</Data><Data Name=""SourceIsIpv6"">false</Data><Data Name=""SourceIp"">10.10.1.30</Data><Data Name=""SourceHostname"">-</Data><Data Name=""SourcePort"">39536</Data><Data Name=""SourcePortName"">-</Data><Data Name=""DestinationIsIpv6"">false</Data><Data Name=""DestinationIp"">10.10.1.20</Data><Data Name=""DestinationHostname"">-</Data><Data Name=""DestinationPort"">443</Data><Data Name=""DestinationPortName"">-</Data></EventData></Event>",2026-09-27 02:16:38.599
"<Event><System><Provider Name=""Linux-Sysmon"" Guid=""{ff032593-a8d3-4f13-b0d6-01fc615a0f97}""/><EventID>1</EventID><Version>5</Version><Level>4</Level><Task>1</Task><Opcode>0</Opcode><Keywords>0x8000000000000000</Keywords><TimeCreated SystemTime=""2026-10-03T11:03:28.000000000Z""/><EventRecordID>1002107</EventRecordID><Correlation/><Execution ProcessID=""1542964"" ThreadID=""1542964""/><Channel>Linux-Sysmon/Operational</Channel><Computer>bastion-01</Computer><Security UserId=""0""/></System><EventData><Data Name=""RuleName"">ProcessCreate</Data><Data Name=""UtcTime"">2026-10-03 11:03:28.000</Data><Data Name=""ProcessGuid"">{00000000-c496-1ed3-8686-76b198347765}</Data><Data Name=""ProcessId"">41813</Data><Data Name=""Image"">/usr/bin/python3.12</Data><Data Name=""FileVersion"">-</Data><Data Name=""Description"">-</Data><Data Name=""Product"">-</Data><Data Name=""Company"">-</Data><Data Name=""OriginalFileName"">-</Data><Data Name=""CommandLine"">python3.12 /opt/healthcheck/probe.py</Data><Data Name=""CurrentDirectory"">/opt/healthcheck</Data><Data Name=""User"">root</Data><Data Name=""LogonGuid"">{00000000-0000-0000-0000-000000000000}</Data><Data Name=""LogonId"">0</Data><Data Name=""TerminalSessionId"">4294967295</Data><Data Name=""IntegrityLevel"">no level</Data><Data Name=""Hashes"">-</Data><Data Name=""ParentProcessGuid"">{00000000-8b22-ed14-442f-cdd2f703426b}</Data><Data Name=""ParentProcessId"">41814</Data><Data Name=""ParentImage"">/usr/bin/python3.12</Data><Data Name=""ParentCommandLine"">python3.12</Data><Data Name=""ParentUser"">root</Data></EventData></Event>",2026-09-27 02:16:38.599
"<Event><System><Provider Name=""Linux-Sysmon"" Guid=""{ff032593-a8d3-4f13-b0d6-01fc615a0f97}""/><EventID>3</EventID><Version>5</Version><Level>4</Level><Task>3</Task><Opcode>0</Opcode><Keywords>0x8000000000000000</Keywords><TimeCreated SystemTime=""2026-10-03T11:03:28.300000000Z""/><EventRecordID>1002109</EventRecordID><Correlation/><Execution ProcessID=""1542964"" ThreadID=""1542964""/><Channel>Linux-Sysmon/Operational</Channel><Computer>bastion-01</Computer><Security UserId=""0""/></System><EventData><Data Name=""RuleName"">NetworkConnect</Data><Data Name=""UtcTime"">2026-10-03 11:03:28.300</Data><Data Name=""ProcessGuid"">{00000000-63aa-91fd-b5ad-5a80ca5e438b}</Data><Data Name=""ProcessId"">41815</Data><Data Name=""Image"">/usr/bin/python3.12</Data><Data Name=""User"">root</Data><Data Name=""Protocol"">tcp</Data><Data Name=""Initiated"">true</Data><Data Name=""SourceIsIpv6"">false</Data><Data Name=""SourceIp"">10.10.1.10</Data><Data Name=""SourceHostname"">-</Data><Data Name=""SourcePort"">43666</Data><Data Name=""SourcePortName"">-</Data><Data Name=""DestinationIsIpv6"">false</Data><Data Name=""DestinationIp"">10.10.1.30</Data><Data Name=""DestinationHostname"">-</Data><Data Name=""DestinationPort"">80</Data><Data Name=""DestinationPortName"">-</Data></EventData></Event>",2026-09-27 02:16:38.599
"<Event><System><Provider Name=""Linux-Sysmon"" Guid=""{ff032593-a8d3-4f13-b0d6-01fc615a0f97}""/><EventID>5</EventID><Version>3</Version><Level>4</Level><Task>5</Task><Opcode>0</Opcode><Keywords>0x8000000000000000</Keywords><TimeCreated SystemTime=""2026-10-03T11:03:29.000000000Z""/><EventRecordID>1002108</EventRecordID><Correlation/><Execution ProcessID=""1542964"" ThreadID=""1542964""/><Channel>Linux-Sysmon/Operational</Channel><Computer>bastion-01</Computer><Security UserId=""0""/></System><EventData><Data Name=""RuleName"">ProcessTerminate</Data><Data Name=""UtcTime"">2026-10-03 11:03:29.000</Data><Data Name=""ProcessGuid"">{00000000-c496-1ed3-8686-76b198347765}</Data><Data Name=""ProcessId"">41813</Data><Data Name=""Image"">/usr/bin/python3.12</Data><Data Name=""User"">-</Data></EventData></Event>",2026-09-27 02:16:38.599
"<Event><System><Provider Name=""Linux-Sysmon"" Guid=""{ff032593-a8d3-4f13-b0d6-01fc615a0f97}""/><EventID>1</EventID><Version>5</Version><Level>4</Level><Task>1</Task><Opcode>0</Opcode><Keywords>0x8000000000000000</Keywords><TimeCreated SystemTime=""2026-10-03T11:04:18.000000000Z""/><EventRecordID>1002117</EventRecordID><Correlation/><Execution ProcessID=""1542964"" ThreadID=""1542964""/><Channel>Linux-Sysmon/Operational</Channel><Computer>node-01</Computer><Security UserId=""0""/></System><EventData><Data Name=""RuleName"">ProcessCreate</Data><Data Name=""UtcTime"">2026-10-03 11:04:18.000</Data><Data Name=""ProcessGuid"">{00000000-7957-be8a-e542-64a3a2f0b918}</Data><Data Name=""ProcessId"">41823</Data><Data Name=""Image"">/usr/bin/python3.12</Data><Data Name=""FileVersion"">-</Data><Data Name=""Description"">-</Data><Data Name=""Product"">-</Data><Data Name=""Company"">-</Data><Data Name=""OriginalFileName"">-</Data><Data Name=""CommandLine"">python3.12 /opt/healthcheck/probe.py</Data><Data Name=""CurrentDirectory"">/opt/healthcheck</Data><Data Name=""User"">root</Data><Data Name=""LogonGuid"">{00000000-0000-0000-0000-000000000000}</Data><Data Name=""LogonId"">0</Data><Data Name=""TerminalSessionId"">4294967295</Data><Data Name=""IntegrityLevel"">no level</Data><Data Name=""Hashes"">-</Data><Data Name=""ParentProcessGuid"">{00000000-6ed1-98f3-b4b3-82d091cee530}</Data><Data Name=""ParentProcessId"">41824</Data><Data Name=""ParentImage"">/usr/bin/python3.12</Data><Data Name=""ParentCommandLine"">python3.12</Data><Data Name=""ParentUser"">root</Data></EventData></Event>",2026-09-27 02:16:38.599
"<Event><System><Provider Name=""Linux-Sysmon"" Guid=""{ff032593-a8d3-4f13-b0d6-01fc615a0f97}""/><EventID>3</EventID><Version>5</Version><Level>4</Level><Task>3</Task><Opcode>0</Opcode><Keywords>0x8000000000000000</Keywords><TimeCreated SystemTime=""2026-10-03T11:04:18.300000000Z""/><EventRecordID>1002119</EventRecordID><Correlation/><Execution ProcessID=""1542964"" ThreadID=""1542964""/><Channel>Linux-Sysmon/Operational</Channel><Computer>node-01</Computer><Security UserId=""0""/></System><EventData><Data Name=""RuleName"">NetworkConnect</Data><Data Name=""UtcTime"">2026-10-03 11:04:18.300</Data><Data Name=""ProcessGuid"">{00000000-7bfe-2604-8e00-f6075781b84b}</Data><Data Name=""ProcessId"">41825</Data><Data Name=""Image"">/usr/bin/python3.12</Data><Data Name=""User"">root</Data><Data Name=""Protocol"">tcp</Data><Data Name=""Initiated"">true</Data><Data Name=""SourceIsIpv6"">false</Data><Data Name=""SourceIp"">10.10.1.40</Data><Data Name=""SourceHostname"">-</Data><Data Name=""SourcePort"">40770</Data><Data Name=""SourcePortName"">-</Data><Data Name=""DestinationIsIpv6"">false</Data><Data Name=""DestinationIp"">10.10.1.30</Data><Data Name=""DestinationHostname"">-</Data><Data Name=""DestinationPort"">80</Data><Data Name=""DestinationPortName"">-</Data></EventData></Event>",2026-09-27 02:16:38.599
"<Event><System><Provider Name=""Linux-Sysmon"" Guid=""{ff032593-a8d3-4f13-b0d6-01fc615a0f97}""/><EventID>5</EventID><Version>3</Version><Level>4</Level><Task>5</Task><Opcode>0</Opcode><Keywords>0x8000000000000000</Keywords><TimeCreated SystemTime=""2026-10-03T11:04:19.000000000Z""/><EventRecordID>1002118</EventRecordID><Correlation/><Execution ProcessID=""1542964"" ThreadID=""1542964""/><Channel>Linux-Sysmon/Operational</Channel><Computer>node-01</Computer><Security UserId=""0""/></System><EventData><Data Name=""RuleName"">ProcessTerminate</Data><Data Name=""UtcTime"">2026-10-03 11:04:19.000</Data><Data Name=""ProcessGuid"">{00000000-7957-be8a-e542-64a3a2f0b918}</Data><Data Name=""ProcessId"">41823</Data><Data Name=""Image"">/usr/bin/python3.12</Data><Data Name=""User"">-</Data></EventData></Event>",2026-09-27 02:16:38.599
"<Event><System><Provider Name=""Linux-Sysmon"" Guid=""{ff032593-a8d3-4f13-b0d6-01fc615a0f97}""/><EventID>1</EventID><Version>5</Version><Level>4</Level><Task>1</Task><Opcode>0</Opcode><Keywords>0x8000000000000000</Keywords><TimeCreated SystemTime=""2026-10-03T11:04:44.000000000Z""/><EventRecordID>1002111</EventRecordID><Correlation/><Execution ProcessID=""1542964"" ThreadID=""1542964""/><Channel>Linux-Sysmon/Operational</Channel><Computer>app-01</Computer><Security UserId=""0""/></System><EventData><Data Name=""RuleName"">ProcessCreate</Data><Data Name=""UtcTime"">2026-10-03 11:04:44.000</Data><Data Name=""ProcessGuid"">{00000000-5dd4-5abb-79d1-22d6437d02cc}</Data><Data Name=""ProcessId"">41817</Data><Data Name=""Image"">/usr/bin/python3.12</Data><Data Name=""FileVersion"">-</Data><Data Name=""Description"">-</Data><Data Name=""Product"">-</Data><Data Name=""Company"">-</Data><Data Name=""OriginalFileName"">-</Data><Data Name=""CommandLine"">python3.12 /opt/healthcheck/probe.py</Data><Data Name=""CurrentDirectory"">/opt/healthcheck</Data><Data Name=""User"">root</Data><Data Name=""LogonGuid"">{00000000-0000-0000-0000-000000000000}</Data><Data Name=""LogonId"">0</Data><Data Name=""TerminalSessionId"">4294967295</Data><Data Name=""IntegrityLevel"">no level</Data><Data Name=""Hashes"">-</Data><Data Name=""ParentProcessGuid"">{00000000-ec09-925f-e143-678c9e84daef}</Data><Data Name=""ParentProcessId"">41818</Data><Data Name=""ParentImage"">/usr/bin/python3.12</Data><Data Name=""ParentCommandLine"">python3.12</Data><Data Name=""ParentUser"">root</Data></EventData></Event>",2026-09-27 02:16:38.599
"<Event><System><Provider Name=""Linux-Sysmon"" Guid=""{ff032593-a8d3-4f13-b0d6-01fc615a0f97}""/><EventID>3</EventID><Version>5</Version><Level>4</Level><Task>3</Task><Opcode>0</Opcode><Keywords>0x8000000000000000</Keywords><TimeCreated SystemTime=""2026-10-03T11:04:44.300000000Z""/><EventRecordID>1002113</EventRecordID><Correlation/><Execution ProcessID=""1542964"" ThreadID=""1542964""/><Channel>Linux-Sysmon/Operational</Channel><Computer>app-01</Computer><Security UserId=""0""/></System><EventData><Data Name=""RuleName"">NetworkConnect</Data><Data Name=""UtcTime"">2026-10-03 11:04:44.300</Data><Data Name=""ProcessGuid"">{00000000-7942-eb85-3211-2aa8dba2c1d1}</Data><Data Name=""ProcessId"">41819</Data><Data Name=""Image"">/usr/bin/python3.12</Data><Data Name=""User"">root</Data><Data Name=""Protocol"">tcp</Data><Data Name=""Initiated"">true</Data><Data Name=""SourceIsIpv6"">false</Data><Data Name=""SourceIp"">10.10.1.20</Data><Data Name=""SourceHostname"">-</Data><Data Name=""SourcePort"">52942</Data><Data Name=""SourcePortName"">-</Data><Data Name=""DestinationIsIpv6"">false</Data><Data Name=""DestinationIp"">10.10.1.30</Data><Data Name=""DestinationHostname"">-</Data><Data Name=""DestinationPort"">80</Data><Data Name=""DestinationPortName"">-</Data></EventData></Event>",2026-09-27 02:16:38.599
"<Event><System><Provider Name=""Linux-Sysmon"" Guid=""{ff032593-a8d3-4f13-b0d6-01fc615a0f97}""/><EventID>5</EventID><Version>3</Version><Level>4</Level><Task>5</Task><Opcode>0</Opcode><Keywords>0x8000000000000000</Keywords><TimeCreated SystemTime=""2026-10-03T11:04:45.000000000Z""/><EventRecordID>1002112</EventRecordID><Correlation/><Execution ProcessID=""1542964"" ThreadID=""1542964""/><Channel>Linux-Sysmon/Operational</Channel><Computer>app-01</Computer><Security UserId=""0""/></System><EventData><Data Name=""RuleName"">ProcessTerminate</Data><Data Name=""UtcTime"">2026-10-03 11:04:45.000</Data><Data Name=""ProcessGuid"">{00000000-5dd4-5abb-79d1-22d6437d02cc}</Data><Data Name=""ProcessId"">41817</Data><Data Name=""Image"">/usr/bin/python3.12</Data><Data Name=""User"">-</Data></EventData></Event>",2026-09-27 02:16:38.599
"<Event><System><Provider Name=""Linux-Sysmon"" Guid=""{ff032593-a8d3-4f13-b0d6-01fc615a0f97}""/><EventID>3</EventID><Version>5</Version><Level>4</Level><Task>3</Task><Opcode>0</Opcode><Keywords>0x8000000000000000</Keywords><TimeCreated SystemTime=""2026-10-03T11:06:49.000000000Z""/><EventRecordID>1002110</EventRecordID><Correlation/><Execution ProcessID=""1542964"" ThreadID=""1542964""/><Channel>Linux-Sysmon/Operational</Channel><Computer>bastion-01</Computer><Security UserId=""0""/></System><EventData><Data Name=""RuleName"">NetworkConnect</Data><Data Name=""UtcTime"">2026-10-03 11:06:49.000</Data><Data Name=""ProcessGuid"">{00000000-b5bc-3bef-7532-ea8c78a525aa}</Data><Data Name=""ProcessId"">41816</Data><Data Name=""Image"">/usr/sbin/nginx</Data><Data Name=""User"">root</Data><Data Name=""Protocol"">tcp</Data><Data Name=""Initiated"">true</Data><Data Name=""SourceIsIpv6"">false</Data><Data Name=""SourceIp"">10.10.1.10</Data><Data Name=""SourceHostname"">-</Data><Data Name=""SourcePort"">40714</Data><Data Name=""SourcePortName"">-</Data><Data Name=""DestinationIsIpv6"">false</Data><Data Name=""DestinationIp"">10.10.1.30</Data><Data Name=""DestinationHostname"">-</Data><Data Name=""DestinationPort"">443</Data><Data Name=""DestinationPortName"">-</Data></EventData></Event>",2026-09-27 02:16:38.599
"<Event><System><Provider Name=""Linux-Sysmon"" Guid=""{ff032593-a8d3-4f13-b0d6-01fc615a0f97}""/><EventID>3</EventID><Version>5</Version><Level>4</Level><Task>3</Task><Opcode>0</Opcode><Keywords>0x8000000000000000</Keywords><TimeCreated SystemTime=""2026-10-03T11:08:20.000000000Z""/><EventRecordID>1002120</EventRecordID><Correlation/><Execution ProcessID=""1542964"" ThreadID=""1542964""/><Channel>Linux-Sysmon/Operational</Channel><Computer>node-01</Computer><Security UserId=""0""/></System><EventData><Data Name=""RuleName"">NetworkConnect</Data><Data Name=""UtcTime"">2026-10-03 11:08:20.000</Data><Data Name=""ProcessGuid"">{00000000-510b-e140-318d-dd73d39075f3}</Data><Data Name=""ProcessId"">41826</Data><Data Name=""Image"">/usr/sbin/nginx</Data><Data Name=""User"">root</Data><Data Name=""Protocol"">tcp</Data><Data Name=""Initiated"">true</Data><Data Name=""SourceIsIpv6"">false</Data><Data Name=""SourceIp"">10.10.1.40</Data><Data Name=""SourceHostname"">-</Data><Data Name=""SourcePort"">41574</Data><Data Name=""SourcePortName"">-</Data><Data Name=""DestinationIsIpv6"">false</Data><Data Name=""DestinationIp"">10.10.1.30</Data><Data Name=""DestinationHostname"">-</Data><Data Name=""DestinationPort"">443</Data><Data Name=""DestinationPortName"">-</Data></EventData></Event>",2026-09-27 02:16:38.599
"<Event><System><Provider Name=""Linux-Sysmon"" Guid=""{ff032593-a8d3-4f13-b0d6-01fc615a0f97}""/><EventID>3</EventID><Version>5</Version><Level>4</Level><Task>3</Task><Opcode>0</Opcode><Keywords>0x8000000000000000</Keywords><TimeCreated SystemTime=""2026-10-03T11:10:38.000000000Z""/><EventRecordID>1002116</EventRecordID><Correlation/><Execution ProcessID=""1542964"" ThreadID=""1542964""/><Channel>Linux-Sysmon/Operational</Channel><Computer>web-01</Computer><Security UserId=""0""/></System><EventData><Data Name=""RuleName"">NetworkConnect</Data><Data Name=""UtcTime"">2026-10-03 11:10:38.000</Data><Data Name=""ProcessGuid"">{00000000-87bb-74ea-f022-7c12b96ae7b1}</Data><Data Name=""ProcessId"">41822</Data><Data Name=""Image"">/usr/local/nginx/sbin/nginx</Data><Data Name=""User"">syslog</Data><Data Name=""Protocol"">tcp</Data><Data Name=""Initiated"">true</Data><Data Name=""SourceIsIpv6"">false</Data><Data Name=""SourceIp"">10.10.1.30</Data><Data Name=""SourceHostname"">-</Data><Data Name=""SourcePort"">36883</Data><Data Name=""SourcePortName"">-</Data><Data Name=""DestinationIsIpv6"">false</Data><Data Name=""DestinationIp"">10.10.1.20</Data><Data Name=""DestinationHostname"">-</Data><Data Name=""DestinationPort"">80</Data><Data Name=""DestinationPortName"">-</Data></EventData></Event>",2026-09-27 02:16:38.599
"<Event><System><Provider Name=""Linux-Sysmon"" Guid=""{ff032593-a8d3-4f13-b0d6-01fc615a0f97}""/><EventID>3</EventID><Version>5</Version><Level>4</Level><Task>3</Task><Opcode>0</Opcode><Keywords>0x8000000000000000</Keywords><TimeCreated SystemTime=""2026-10-03T11:11:36.000000000Z""/><EventRecordID>1002114</EventRecordID><Correlation/><Execution ProcessID=""1542964"" ThreadID=""1542964""/><Channel>Linux-Sysmon/Operational</Channel><Computer>app-01</Computer><Security UserId=""0""/></System><EventData><Data Name=""RuleName"">NetworkConnect</Data><Data Name=""UtcTime"">2026-10-03 11:11:36.000</Data><Data Name=""ProcessGuid"">{00000000-e4b8-13b0-e498-66c05a54eafc}</Data><Data Name=""ProcessId"">41820</Data><Data Name=""Image"">/usr/sbin/nginx</Data><Data Name=""User"">root</Data><Data Name=""Protocol"">tcp</Data><Data Name=""Initiated"">true</Data><Data Name=""SourceIsIpv6"">false</Data><Data Name=""SourceIp"">10.10.1.20</Data><Data Name=""SourceHostname"">-</Data><Data Name=""SourcePort"">38876</Data><Data Name=""SourcePortName"">-</Data><Data Name=""DestinationIsIpv6"">false</Data><Data Name=""DestinationIp"">10.10.1.30</Data><Data Name=""DestinationHostname"">-</Data><Data Name=""DestinationPort"">80</Data><Data Name=""DestinationPortName"">-</Data></EventData></Event>",2026-09-27 02:16:38.599
"<Event><System><Provider Name=""Linux-Sysmon"" Guid=""{ff032593-a8d3-4f13-b0d6-01fc615a0f97}""/><EventID>11</EventID><Version>2</Version><Level>4</Level><Task>11</Task><Opcode>0</Opcode><Keywords>0x8000000000000000</Keywords><TimeCreated SystemTime=""2026-10-03T11:15:08.000000000Z""/><EventRecordID>1002121</EventRecordID><Correlation/><Execution ProcessID=""1542964"" ThreadID=""1542964""/><Channel>Linux-Sysmon/Operational</Channel><Computer>node-01</Computer><Security UserId=""0""/></System><EventData><Data Name=""RuleName"">FileCreate</Data><Data Name=""UtcTime"">2026-10-03 11:15:08.000</Data><Data Name=""ProcessGuid"">{00000000-a70f-2b67-269d-b402f43ba4b2}</Data><Data Name=""ProcessId"">41827</Data><Data Name=""Image"">/usr/bin/python3.12</Data><Data Name=""TargetFilename"">/tmp/health-793722</Data><Data Name=""CreationUtcTime"">2026-10-03 11:15:08.000</Data><Data Name=""User"">root</Data></EventData></Event>",2026-09-27 02:16:38.599
"<Event><System><Provider Name=""Linux-Sysmon"" Guid=""{ff032593-a8d3-4f13-b0d6-01fc615a0f97}""/><EventID>11</EventID><Version>2</Version><Level>4</Level><Task>11</Task><Opcode>0</Opcode><Keywords>0x8000000000000000</Keywords><TimeCreated SystemTime=""2026-10-03T11:17:28.000000000Z""/><EventRecordID>1002115</EventRecordID><Correlation/><Execution ProcessID=""1542964"" ThreadID=""1542964""/><Channel>Linux-Sysmon/Operational</Channel><Computer>app-01</Computer><Security UserId=""0""/></System><EventData><Data Name=""RuleName"">FileCreate</Data><Data Name=""UtcTime"">2026-10-03 11:17:28.000</Data><Data Name=""ProcessGuid"">{00000000-b0ac-2274-5708-dc2714ea97d5}</Data><Data Name=""ProcessId"">41821</Data><Data Name=""Image"">/usr/bin/python3.12</Data><Data Name=""TargetFilename"">/tmp/health-775180</Data><Data Name=""CreationUtcTime"">2026-10-03 11:17:28.000</Data><Data Name=""User"">root</Data></EventData></Event>",2026-09-27 02:16:38.599
"<Event><System><Provider Name=""Linux-Sysmon"" Guid=""{ff032593-a8d3-4f13-b0d6-01fc615a0f97}""/><EventID>1</EventID><Version>5</Version><Level>4</Level><Task>1</Task><Opcode>0</Opcode><Keywords>0x8000000000000000</Keywords><TimeCreated SystemTime=""2026-10-03T12:05:14.000000000Z""/><EventRecordID>1002122</EventRecordID><Correlation/><Execution ProcessID=""1542964"" ThreadID=""1542964""/><Channel>Linux-Sysmon/Operational</Channel><Computer>bastion-01</Computer><Security UserId=""0""/></System><EventData><Data Name=""RuleName"">ProcessCreate</Data><Data Name=""UtcTime"">2026-10-03 12:05:14.000</Data><Data Name=""ProcessGuid"">{00000000-9cf5-c44d-a5bd-b36d6dad879e}</Data><Data Name=""ProcessId"">41828</Data><Data Name=""Image"">/usr/bin/python3.12</Data><Data Name=""FileVersion"">-</Data><Data Name=""Description"">-</Data><Data Name=""Product"">-</Data><Data Name=""Company"">-</Data><Data Name=""OriginalFileName"">-</Data><Data Name=""CommandLine"">python3.12 /opt/healthcheck/probe.py</Data><Data Name=""CurrentDirectory"">/opt/healthcheck</Data><Data Name=""User"">root</Data><Data Name=""LogonGuid"">{00000000-0000-0000-0000-000000000000}</Data><Data Name=""LogonId"">0</Data><Data Name=""TerminalSessionId"">4294967295</Data><Data Name=""IntegrityLevel"">no level</Data><Data Name=""Hashes"">-</Data><Data Name=""ParentProcessGuid"">{00000000-cbf9-f596-7600-68eb9b027b7a}</Data><Data Name=""ParentProcessId"">41829</Data><Data Name=""ParentImage"">/usr/bin/python3.12</Data><Data Name=""ParentCommandLine"">python3.12</Data><Data Name=""ParentUser"">root</Data></EventData></Event>",2026-09-27 02:16:38.599
"<Event><System><Provider Name=""Linux-Sysmon"" Guid=""{ff032593-a8d3-4f13-b0d6-01fc615a0f97}""/><EventID>3</EventID><Version>5</Version><Level>4</Level><Task>3</Task><Opcode>0</Opcode><Keywords>0x8000000000000000</Keywords><TimeCreated SystemTime=""2026-10-03T12:05:14.300000000Z""/><EventRecordID>1002124</EventRecordID><Correlation/><Execution ProcessID=""1542964"" ThreadID=""1542964""/><Channel>Linux-Sysmon/Operational</Channel><Computer>bastion-01</Computer><Security UserId=""0""/></System><EventData><Data Name=""RuleName"">NetworkConnect</Data><Data Name=""UtcTime"">2026-10-03 12:05:14.300</Data><Data Name=""ProcessGuid"">{00000000-b6a3-daad-a207-c87ded8d1dfa}</Data><Data Name=""ProcessId"">41830</Data><Data Name=""Image"">/usr/bin/python3.12</Data><Data Name=""User"">root</Data><Data Name=""Protocol"">tcp</Data><Data Name=""Initiated"">true</Data><Data Name=""SourceIsIpv6"">false</Data><Data Name=""SourceIp"">10.10.1.10</Data><Data Name=""SourceHostname"">-</Data><Data Name=""SourcePort"">41372</Data><Data Name=""SourcePortName"">-</Data><Data Name=""DestinationIsIpv6"">false</Data><Data Name=""DestinationIp"">10.10.1.30</Data><Data Name=""DestinationHostname"">-</Data><Data Name=""DestinationPort"">80</Data><Data Name=""DestinationPortName"">-</Data></EventData></Event>",2026-09-27 02:16:38.599
"<Event><System><Provider Name=""Linux-Sysmon"" Guid=""{ff032593-a8d3-4f13-b0d6-01fc615a0f97}""/><EventID>5</EventID><Version>3</Version><Level>4</Level><Task>5</Task><Opcode>0</Opcode><Keywords>0x8000000000000000</Keywords><TimeCreated SystemTime=""2026-10-03T12:05:15.000000000Z""/><EventRecordID>1002123</EventRecordID><Correlation/><Execution ProcessID=""1542964"" ThreadID=""1542964""/><Channel>Linux-Sysmon/Operational</Channel><Computer>bastion-01</Computer><Security UserId=""0""/></System><EventData><Data Name=""RuleName"">ProcessTerminate</Data><Data Name=""UtcTime"">2026-10-03 12:05:15.000</Data><Data Name=""ProcessGuid"">{00000000-9cf5-c44d-a5bd-b36d6dad879e}</Data><Data Name=""ProcessId"">41828</Data><Data Name=""Image"">/usr/bin/python3.12</Data><Data Name=""User"">-</Data></EventData></Event>",2026-09-27 02:16:38.599
"<Event><System><Provider Name=""Linux-Sysmon"" Guid=""{ff032593-a8d3-4f13-b0d6-01fc615a0f97}""/><EventID>1</EventID><Version>5</Version><Level>4</Level><Task>1</Task><Opcode>0</Opcode><Keywords>0x8000000000000000</Keywords><TimeCreated SystemTime=""2026-10-03T12:06:38.000000000Z""/><EventRecordID>1002132</EventRecordID><Correlation/><Execution ProcessID=""1542964"" ThreadID=""1542964""/><Channel>Linux-Sysmon/Operational</Channel><Computer>node-01</Computer><Security UserId=""0""/></System><EventData><Data Name=""RuleName"">ProcessCreate</Data><Data Name=""UtcTime"">2026-10-03 12:06:38.000</Data><Data Name=""ProcessGuid"">{00000000-9cf7-ea97-2100-dbdc7bb4dcac}</Data><Data Name=""ProcessId"">41838</Data><Data Name=""Image"">/usr/bin/python3.12</Data><Data Name=""FileVersion"">-</Data><Data Name=""Description"">-</Data><Data Name=""Product"">-</Data><Data Name=""Company"">-</Data><Data Name=""OriginalFileName"">-</Data><Data Name=""CommandLine"">python3.12 /opt/healthcheck/probe.py</Data><Data Name=""CurrentDirectory"">/opt/healthcheck</Data><Data Name=""User"">root</Data><Data Name=""LogonGuid"">{00000000-0000-0000-0000-000000000000}</Data><Data Name=""LogonId"">0</Data><Data Name=""TerminalSessionId"">4294967295</Data><Data Name=""IntegrityLevel"">no level</Data><Data Name=""Hashes"">-</Data><Data Name=""ParentProcessGuid"">{00000000-e5cb-e4c7-2275-3a073f6e7fef}</Data><Data Name=""ParentProcessId"">41839</Data><Data Name=""ParentImage"">/usr/bin/python3.12</Data><Data Name=""ParentCommandLine"">python3.12</Data><Data Name=""ParentUser"">root</Data></EventData></Event>",2026-09-27 02:16:38.599
"<Event><System><Provider Name=""Linux-Sysmon"" Guid=""{ff032593-a8d3-4f13-b0d6-01fc615a0f97}""/><EventID>3</EventID><Version>5</Version><Level>4</Level><Task>3</Task><Opcode>0</Opcode><Keywords>0x8000000000000000</Keywords><TimeCreated SystemTime=""2026-10-03T12:06:38.300000000Z""/><EventRecordID>1002134</EventRecordID><Correlation/><Execution ProcessID=""1542964"" ThreadID=""1542964""/><Channel>Linux-Sysmon/Operational</Channel><Computer>node-01</Computer><Security UserId=""0""/></System><EventData><Data Name=""RuleName"">NetworkConnect</Data><Data Name=""UtcTime"">2026-10-03 12:06:38.300</Data><Data Name=""ProcessGuid"">{00000000-a629-c671-0f83-b011bcd48780}</Data><Data Name=""ProcessId"">41840</Data><Data Name=""Image"">/usr/bin/python3.12</Data><Data Name=""User"">root</Data><Data Name=""Protocol"">tcp</Data><Data Name=""Initiated"">true</Data><Data Name=""SourceIsIpv6"">false</Data><Data Name=""SourceIp"">10.10.1.40</Data><Data Name=""SourceHostname"">-</Data><Data Name=""SourcePort"">56590</Data><Data Name=""SourcePortName"">-</Data><Data Name=""DestinationIsIpv6"">false</Data><Data Name=""DestinationIp"">10.10.1.30</Data><Data Name=""DestinationHostname"">-</Data><Data Name=""DestinationPort"">80</Data><Data Name=""DestinationPortName"">-</Data></EventData></Event>",2026-09-27 02:16:38.599
"<Event><System><Provider Name=""Linux-Sysmon"" Guid=""{ff032593-a8d3-4f13-b0d6-01fc615a0f97}""/><EventID>5</EventID><Version>3</Version><Level>4</Level><Task>5</Task><Opcode>0</Opcode><Keywords>0x8000000000000000</Keywords><TimeCreated SystemTime=""2026-10-03T12:06:39.000000000Z""/><EventRecordID>1002133</EventRecordID><Correlation/><Execution ProcessID=""1542964"" ThreadID=""1542964""/><Channel>Linux-Sysmon/Operational</Channel><Computer>node-01</Computer><Security UserId=""0""/></System><EventData><Data Name=""RuleName"">ProcessTerminate</Data><Data Name=""UtcTime"">2026-10-03 12:06:39.000</Data><Data Name=""ProcessGuid"">{00000000-9cf7-ea97-2100-dbdc7bb4dcac}</Data><Data Name=""ProcessId"">41838</Data><Data Name=""Image"">/usr/bin/python3.12</Data><Data Name=""User"">-</Data></EventData></Event>",2026-09-27 02:16:38.599
"<Event><System><Provider Name=""Linux-Sysmon"" Guid=""{ff032593-a8d3-4f13-b0d6-01fc615a0f97}""/><EventID>1</EventID><Version>5</Version><Level>4</Level><Task>1</Task><Opcode>0</Opcode><Keywords>0x8000000000000000</Keywords><TimeCreated SystemTime=""2026-10-03T12:09:05.000000000Z""/><EventRecordID>1002126</EventRecordID><Correlation/><Execution ProcessID=""1542964"" ThreadID=""1542964""/><Channel>Linux-Sysmon/Operational</Channel><Computer>web-01</Computer><Security UserId=""0""/></System><EventData><Data Name=""RuleName"">ProcessCreate</Data><Data Name=""UtcTime"">2026-10-03 12:09:05.000</Data><Data Name=""ProcessGuid"">{00000000-f810-51c2-8673-e7e795663a16}</Data><Data Name=""ProcessId"">41832</Data><Data Name=""Image"">/usr/bin/python3.12</Data><Data Name=""FileVersion"">-</Data><Data Name=""Description"">-</Data><Data Name=""Product"">-</Data><Data Name=""Company"">-</Data><Data Name=""OriginalFileName"">-</Data><Data Name=""CommandLine"">python3.12 /opt/healthcheck/probe.py</Data><Data Name=""CurrentDirectory"">/opt/healthcheck</Data><Data Name=""User"">root</Data><Data Name=""LogonGuid"">{00000000-0000-0000-0000-000000000000}</Data><Data Name=""LogonId"">0</Data><Data Name=""TerminalSessionId"">4294967295</Data><Data Name=""IntegrityLevel"">no level</Data><Data Name=""Hashes"">-</Data><Data Name=""ParentProcessGuid"">{00000000-9a32-9179-1252-8d40d636328b}</Data><Data Name=""ParentProcessId"">41833</Data><Data Name=""ParentImage"">/usr/bin/python3.12</Data><Data Name=""ParentCommandLine"">python3.12</Data><Data Name=""ParentUser"">root</Data></EventData></Event>",2026-09-27 02:16:38.599
"<Event><System><Provider Name=""Linux-Sysmon"" Guid=""{ff032593-a8d3-4f13-b0d6-01fc615a0f97}""/><EventID>3</EventID><Version>5</Version><Level>4</Level><Task>3</Task><Opcode>0</Opcode><Keywords>0x8000000000000000</Keywords><TimeCreated SystemTime=""2026-10-03T12:09:05.300000000Z""/><EventRecordID>1002128</EventRecordID><Correlation/><Execution ProcessID=""1542964"" ThreadID=""1542964""/><Channel>Linux-Sysmon/Operational</Channel><Computer>web-01</Computer><Security UserId=""0""/></System><EventData><Data Name=""RuleName"">NetworkConnect</Data><Data Name=""UtcTime"">2026-10-03 12:09:05.300</Data><Data Name=""ProcessGuid"">{00000000-6b2c-3d15-f8d8-d13e05536ab9}</Data><Data Name=""ProcessId"">41834</Data><Data Name=""Image"">/usr/bin/python3.12</Data><Data Name=""User"">root</Data><Data Name=""Protocol"">tcp</Data><Data Name=""Initiated"">true</Data><Data Name=""SourceIsIpv6"">false</Data><Data Name=""SourceIp"">10.10.1.30</Data><Data Name=""SourceHostname"">-</Data><Data Name=""SourcePort"">43016</Data><Data Name=""SourcePortName"">-</Data><Data Name=""DestinationIsIpv6"">false</Data><Data Name=""DestinationIp"">10.10.1.30</Data><Data Name=""DestinationHostname"">-</Data><Data Name=""DestinationPort"">80</Data><Data Name=""DestinationPortName"">-</Data></EventData></Event>",2026-09-27 02:16:38.599
"<Event><System><Provider Name=""Linux-Sysmon"" Guid=""{ff032593-a8d3-4f13-b0d6-01fc615a0f97}""/><EventID>5</EventID><Version>3</Version><Level>4</Level><Task>5</Task><Opcode>0</Opcode><Keywords>0x8000000000000000</Keywords><TimeCreated SystemTime=""2026-10-03T12:09:06.000000000Z""/><EventRecordID>1002127</EventRecordID><Correlation/><Execution ProcessID=""1542964"" ThreadID=""1542964""/><Channel>Linux-Sysmon/Operational</Channel><Computer>web-01</Computer><Security UserId=""0""/></System><EventData><Data Name=""RuleName"">ProcessTerminate</Data><Data Name=""UtcTime"">2026-10-03 12:09:06.000</Data><Data Name=""ProcessGuid"">{00000000-f810-51c2-8673-e7e795663a16}</Data><Data Name=""ProcessId"">41832</Data><Data Name=""Image"">/usr/bin/python3.12</Data><Data Name=""User"">-</Data></EventData></Event>",2026-09-27 02:16:38.599
