"<Event><System><Provider Name=""Linux-Sysmon"" Guid=""{ff032593-a8d3-4f13-b0d6-01fc615a0f97}""/><EventID>1</EventID><Version>5</Version><Level>4</Level><Task>1</Task><Opcode>0</Opcode><Keywords>0x8000000000000000</Keywords><TimeCreated SystemTime=""2026-10-02T01:02:17.000000000Z""/><EventRecordID>1001762</EventRecordID><Correlation/><Execution ProcessID=""1542964"" ThreadID=""1542964""/><Channel>Linux-Sysmon/Operational</Channel><Computer>bastion-01</Computer><Security UserId=""0""/></System><EventData><Data Name=""RuleName"">ProcessCreate</Data><Data Name=""UtcTime"">2026-10-02 01:02:17.000</Data><Data Name=""ProcessGuid"">{00000000-f8fa-6261-c14e-990ce84b6272}</Data><Data Name=""ProcessId"">41468</Data><Data Name=""Image"">/usr/bin/python3.12</Data><Data Name=""FileVersion"">-</Data><Data Name=""Description"">-</Data><Data Name=""Product"">-</Data><Data Name=""Company"">-</Data><Data Name=""OriginalFileName"">-</Data><Data Name=""CommandLine"">python3.12 /opt/healthcheck/probe.py</Data><Data Name=""CurrentDirectory"">/opt/healthcheck</Data><Data Name=""User"">root</Data><Data Name=""LogonGuid"">{00000000-0000-0000-0000-000000000000}</Data><Data Name=""LogonId"">0</Data><Data Name=""TerminalSessionId"">4294967295</Data><Data Name=""IntegrityLevel"">no level</Data><Data Name=""Hashes"">-</Data><Data Name=""ParentProcessGuid"">{00000000-519b-4470-f88a-30663eecd932}</Data><Data Name=""ParentProcessId"">41469</Data><Data Name=""ParentImage"">/usr/bin/python3.12</Data><Data Name=""ParentCommandLine"">python3.12</Data><Data Name=""ParentUser"">root</Data></EventData></Event>",2026-09-27 02:16:38.599
"<Event><System><Provider Name=""Linux-Sysmon"" Guid=""{ff032593-a8d3-4f13-b0d6-01fc615a0f97}""/><EventID>3</EventID><Version>5</Version><Level>4</Level><Task>3</Task><Opcode>0</Opcode><Keywords>0x8000000000000000</Keywords><TimeCreated SystemTime=""2026-10-02T01:02:17.300000000Z""/><EventRecordID>1001764</EventRecordID><Correlation/><Execution ProcessID=""1542964"" ThreadID=""1542964""/><Channel>Linux-Sysmon/Operational</Channel><Computer>bastion-01</Computer><Security UserId=""0""/></System><EventData><Data Name=""RuleName"">NetworkConnect</Data><Data Name=""UtcTime"">2026-10-02 01:02:17.300</Data><Data Name=""ProcessGuid"">{00000000-a130-5fc5-a8c4-686143791897}</Data><Data Name=""ProcessId"">41470</Data><Data Name=""Image"">/usr/bin/python3.12</Data><Data Name=""User"">root</Data><Data Name=""Protocol"">tcp</Data><Data Name=""Initiated"">true</Data><Data Name=""SourceIsIpv6"">false</Data><Data Name=""SourceIp"">10.10.1.10</Data><Data Name=""SourceHostname"">-</Data><Data Name=""SourcePort"">46738</Data><Data Name=""SourcePortName"">-</Data><Data Name=""DestinationIsIpv6"">false</Data><Data Name=""DestinationIp"">10.10.1.30</Data><Data Name=""DestinationHostname"">-</Data><Data Name=""DestinationPort"">80</Data><Data Name=""DestinationPortName"">-</Data></EventData></Event>",2026-09-27 02:16:38.599
"<Event><System><Provider Name=""Linux-Sysmon"" Guid=""{ff032593-a8d3-4f13-b0d6-01fc615a0f97}""/><EventID>5</EventID><Version>3</Version><Level>4</Level><Task>5</Task><Opcode>0</Opcode><Keywords>0x8000000000000000</Keywords><TimeCreated SystemTime=""2026-10-02T01:02:18.000000000Z""/><EventRecordID>1001763</EventRecordID><Correlation/><Execution ProcessID=""1542964"" ThreadID=""1542964""/><Channel>Linux-Sysmon/Operational</Channel><Computer>bastion-01</Computer><Security UserId=""0""/></System><EventData><Data Name=""RuleName"">ProcessTerminate</Data><Data Name=""UtcTime"">2026-10-02 01:02:18.000</Data><Data Name=""ProcessGuid"">{00000000-f8fa-6261-c14e-990ce84b6272}</Data><Data Name=""ProcessId"">41468</Data><Data Name=""Image"">/usr/bin/python3.12</Data><Data Name=""User"">-</Data></EventData></Event>",2026-09-27 02:16:38.599
"<Event><System><Provider Name=""Linux-Sysmon"" Guid=""{ff032593-a8d3-4f13-b0d6-01fc615a0f97}""/><EventID>1</EventID><Version>5</Version><Level>4</Level><Task>1</Task><Opcode>0</Opcode><Keywords>0x8000000000000000</Keywords><TimeCreated SystemTime=""2026-10-02T01:06:28.000000000Z""/><EventRecordID>1001768</EventRecordID><Correlation/><Execution ProcessID=""1542964"" ThreadID=""1542964""/><Channel>Linux-Sysmon/Operational</Channel><Computer>web-01</Computer><Security UserId=""0""/></System><EventData><Data Name=""RuleName"">ProcessCreate</Data><Data Name=""UtcTime"">2026-10-02 01:06:28.000</Data><Data Name=""ProcessGuid"">{00000000-f21b-2204-b480-db01d1964961}</Data><Data Name=""ProcessId"">41474</Data><Data Name=""Image"">/usr/bin/python3.12</Data><Data Name=""FileVersion"">-</Data><Data Name=""Description"">-</Data><Data Name=""Product"">-</Data><Data Name=""Company"">-</Data><Data Name=""OriginalFileName"">-</Data><Data Name=""CommandLine"">python3.12 /opt/healthcheck/probe.py</Data><Data Name=""CurrentDirectory"">/opt/healthcheck</Data><Data Name=""User"">root</Data><Data Name=""LogonGuid"">{00000000-0000-0000-0000-000000000000}</Data><Data Name=""LogonId"">0</Data><Data Name=""TerminalSessionId"">4294967295</Data><Data Name=""IntegrityLevel"">no level</Data><Data Name=""Hashes"">-</Data><Data Name=""ParentProcessGuid"">{00000000-2763-accd-d108-866b919b7a66}</Data><Data Name=""ParentProcessId"">41475</Data><Data Name=""ParentImage"">/usr/bin/python3.12</Data><Data Name=""ParentCommandLine"">python3.12</Data><Data Name=""ParentUser"">root</Data></EventData></Event>",2026-09-27 02:16:38.599
"<Event><System><Provider Name=""Linux-Sysmon"" Guid=""{ff032593-a8d3-4f13-b0d6-01fc615a0f97}""/><EventID>3</EventID><Version>5</Version><Level>4</Level><Task>3</Task><Opcode>0</Opcode><Keywords>0x8000000000000000</Keywords><TimeCreated SystemTime=""2026-10-02T01:06:28.300000000Z""/><EventRecordID>1001770</EventRecordID><Correlation/><Execution ProcessID=""1542964"" ThreadID=""1542964""/><Channel>Linux-Sysmon/Operational</Channel><Computer>web-01</Computer><Security UserId=""0""/></System><EventData><Data Name=""RuleName"">NetworkConnect</Data><Data Name=""UtcTime"">2026-10-02 01:06:28.300</Data><Data Name=""ProcessGuid"">{00000000-6d61-cc5a-cfad-425c7f7a1bf2}</Data><Data Name=""ProcessId"">41476</Data><Data Name=""Image"">/usr/bin/python3.12</Data><Data Name=""User"">root</Data><Data Name=""Protocol"">tcp</Data><Data Name=""Initiated"">true</Data><Data Name=""SourceIsIpv6"">false</Data><Data Name=""SourceIp"">10.10.1.30</Data><Data Name=""SourceHostname"">-</Data><Data Name=""SourcePort"">43278</Data><Data Name=""SourcePortName"">-</Data><Data Name=""DestinationIsIpv6"">false</Data><Data Name=""DestinationIp"">10.10.1.30</Data><Data Name=""DestinationHostname"">-</Data><Data Name=""DestinationPort"">80</Data><Data Name=""DestinationPortName"">-</Data></EventData></Event>",2026-09-27 02:16:38.599
"<Event><System><Provider Name=""Linux-Sysmon"" Guid=""{ff032593-a8d3-4f13-b0d6-01fc615a0f97}""/><EventID>5</EventID><Version>3</Version><Level>4</Level><Task>5</Task><Opcode>0</Opcode><Keywords>0x8000000000000000</Keywords><TimeCreated SystemTime=""2026-10-02T01:06:29.000000000Z""/><EventRecordID>1001769</EventRecordID><Correlation/><Execution ProcessID=""1542964"" ThreadID=""1542964""/><Channel>Linux-Sysmon/Operational</Channel><Computer>web-01</Computer><Security UserId=""0""/></System><EventData><Data Name=""RuleName"">ProcessTerminate</Data><Data Name=""UtcTime"">2026-10-02 01:06:29.000</Data><Data Name=""ProcessGuid"">{00000000-f21b-2204-b480-db01d1964961}</Data><Data Name=""ProcessId"">41474</Data><Data Name=""Image"">/usr/bin/python3.12</Data><Data Name=""User"">-</Data></EventData></Event>",2026-09-27 02:16:38.599
"<Event><System><Provider Name=""Linux-Sysmon"" Guid=""{ff032593-a8d3-4f13-b0d6-01fc615a0f97}""/><EventID>3</EventID><Version>5</Version><Level>4</Level><Task>3</Task><Opcode>0</Opcode><Keywords>0x8000000000000000</Keywords><TimeCreated SystemTime=""2026-10-02T01:07:04.000000000Z""/><EventRecordID>1001772</EventRecordID><Correlation/><Execution ProcessID=""1542964"" ThreadID=""1542964""/><Channel>Linux-Sysmon/Operational</Channel><Computer>node-01</Computer><Security UserId=""0""/></System><EventData><Data Name=""RuleName"">NetworkConnect</Data><Data Name=""UtcTime"">2026-10-02 01:07:04.000</Data><Data Name=""ProcessGuid"">{00000000-56e2-c152-cd55-9d0b30430724}</Data><Data Name=""ProcessId"">41478</Data><Data Name=""Image"">/usr/sbin/nginx</Data><Data Name=""User"">root</Data><Data Name=""Protocol"">tcp</Data><Data Name=""Initiated"">true</Data><Data Name=""SourceIsIpv6"">false</Data><Data Name=""SourceIp"">10.10.1.40</Data><Data Name=""SourceHostname"">-</Data><Data Name=""SourcePort"">41977</Data><Data Name=""SourcePortName"">-</Data><Data Name=""DestinationIsIpv6"">false</Data><Data Name=""DestinationIp"">10.10.1.30</Data><Data Name=""DestinationHostname"">-</Data><Data Name=""DestinationPort"">80</Data><Data Name=""DestinationPortName"">-</Data></EventData></Event>",2026-09-27 02:16:38.599
"<Event><System><Provider Name=""Linux-Sysmon"" Guid=""{ff032593-a8d3-4f13-b0d6-01fc615a0f97}""/><EventID>3</EventID><Version>5</Version><Level>4</Level><Task>3</Task><Opcode>0</Opcode><Keywords>0x8000000000000000</Keywords><TimeCreated SystemTime=""2026-10-02T01:08:40.000000000Z""/><EventRecordID>1001766</EventRecordID><Correlation/><Execution ProcessID=""1542964"" ThreadID=""1542964""/><Channel>Linux-Sysmon/Operational</Channel><Computer>app-01</Computer><Security UserId=""0""/></System><EventData><Data Name=""RuleName"">NetworkConnect</Data><Data Name=""UtcTime"">2026-10-02 01:08:40.000</Data><Data Name=""ProcessGuid"">{00000000-dbc0-cffe-3305-1f51e9d1456a}</Data><Data Name=""ProcessId"">41472</Data><Data Name=""Image"">/usr/sbin/nginx</Data><Data Name=""User"">root</Data><Data Name=""Protocol"">tcp</Data><Data Name=""Initiated"">true</Data><Data Name=""SourceIsIpv6"">false</Data><Data Name=""SourceIp"">10.10.1.20</Data><Data Name=""SourceHostname"">-</Data><Data Name=""SourcePort"">40954</Data><Data Name=""SourcePortName"">-</Data><Data Name=""DestinationIsIpv6"">false</Data><Data Name=""DestinationIp"">10.10.1.30</Data><Data Name=""DestinationHostname"">-</Data><Data Name=""DestinationPort"">443</Data><Data Name=""DestinationPortName"">-</Data></EventData></Event>",2026-09-27 02:16:38.599
"<Event><System><Provider Name=""Linux-Sysmon"" Guid=""{ff032593-a8d3-4f13-b0d6-01fc615a0f97}""/><EventID>3</EventID><Version>5</Version><Level>4</Level><Task>3</Task><Opcode>0</Opcode><Keywords>0x8000000000000000</Keywords><TimeCreated SystemTime=""2026-10-02T01:10:30.000000000Z""/><EventRecordID>1001771</EventRecordID><Correlation/><Execution ProcessID=""1542964"" ThreadID=""1542964""/><Channel>Linux-Sysmon/Operational</Channel><Computer>web-01</Computer><Security UserId=""0""/></System><EventData><Data Name=""RuleName"">NetworkConnect</Data><Data Name=""UtcTime"">2026-10-02 01:10:30.000</Data><Data Name=""ProcessGuid"">{00000000-89f4-09d9-ae97-e9a68a4ffa4c}</Data><Data Name=""ProcessId"">41477</Data><Data Name=""Image"">/usr/local/nginx/sbin/nginx</Data><Data Name=""User"">syslog</Data><Data Name=""Protocol"">tcp</Data><Data Name=""Initiated"">true</Data><Data Name=""SourceIsIpv6"">false</Data><Data Name=""SourceIp"">10.10.1.30</Data><Data Name=""SourceHostname"">-</Data><Data Name=""SourcePort"">36534</Data><Data Name=""SourcePortName"">-</Data><Data Name=""DestinationIsIpv6"">false</Data><Data Name=""DestinationIp"">10.10.1.20</Data><Data Name=""DestinationHostname"">-</Data><Data Name=""DestinationPort"">80</Data><Data Name=""DestinationPortName"">-</Data></EventData></Event>",2026-09-27 02:16:38.599
"<Event><System><Provider Name=""Linux-Sysmon"" Guid=""{ff032593-a8d3-4f13-b0d6-01fc615a0f97}""/><EventID>11</EventID><Version>2</Version><Level>4</Level><Task>11</Task><Opcode>0</Opcode><Keywords>0x8000000000000000</Keywords><TimeCreated SystemTime=""2026-10-02T01:10:36.000000000Z""/><EventRecordID>1001767</EventRecordID><Correlation/><Execution ProcessID=""1542964"" ThreadID=""1542964""/><Channel>Linux-Sysmon/Operational</Channel><Computer>app-01</Computer><Security UserId=""0""/></System><EventData><Data Name=""RuleName"">FileCreate</Data><Data Name=""UtcTime"">2026-10-02 01:10:36.000</Data><Data Name=""ProcessGuid"">{00000000-a8dd-c481-7baf-1f5c26d45c7a}</Data><Data Name=""ProcessId"">41473</Data><Data Name=""Image"">/usr/bin/python3.12</Data><Data Name=""TargetFilename"">/tmp/health-938641</Data><Data Name=""CreationUtcTime"">2026-10-02 01:10:36.000</Data><Data Name=""User"">root</Data></EventData></Event>",2026-09-27 02:16:38.599
"<Event><System><Provider Name=""Linux-Sysmon"" Guid=""{ff032593-a8d3-4f13-b0d6-01fc615a0f97}""/><EventID>11</EventID><Version>2</Version><Level>4</Level><Task>11</Task><Opcode>0</Opcode><Keywords>0x8000000000000000</Keywords><TimeCreated SystemTime=""2026-10-02T01:11:33.000000000Z""/><EventRecordID>1001765</EventRecordID><Correlation/><Execution ProcessID=""1542964"" ThreadID=""1542964""/><Channel>Linux-Sysmon/Operational</Channel><Computer>bastion-01</Computer><Security UserId=""0""/></System><EventData><Data Name=""RuleName"">FileCreate</Data><Data Name=""UtcTime"">2026-10-02 01:11:33.000</Data><Data Name=""ProcessGuid"">{00000000-abed-cce9-4db3-0b94ba087ab9}</Data><Data Name=""ProcessId"">41471</Data><Data Name=""Image"">/usr/bin/python3.12</Data><Data Name=""TargetFilename"">/tmp/health-631316</Data><Data Name=""CreationUtcTime"">2026-10-02 01:11:33.000</Data><Data Name=""User"">root</Data></EventData></Event>",2026-09-27 02:16:38.599
"<Event><System><Provider Name=""Linux-Sysmon"" Guid=""{ff032593-a8d3-4f13-b0d6-01fc615a0f97}""/><EventID>1</EventID><Version>5</Version><Level>4</Level><Task>1</Task><Opcode>0</Opcode><Keywords>0x8000000000000000</Keywords><TimeCreated SystemTime=""2026-10-02T01:27:04.738594000Z""/><EventRecordID>1000919</EventRecordID><Correlation/><Execution ProcessID=""1542964"" ThreadID=""1542964""/><Channel>Linux-Sysmon/Operational</Channel><Computer>app-01</Computer><Security UserId=""0""/></System><EventData><Data Name=""RuleName"">ProcessCreate</Data><Data Name=""UtcTime"">2026-10-02 01:27:04.738</Data><Data Name=""ProcessGuid"">{00000000-ee49-5396-e344-5eb931c27a74}</Data><Data Name=""ProcessId"">40730</Data><Data Name=""Image"">/usr/bin/bash</Data><Data Name=""FileVersion"">-</Data><Data Name=""Description"">-</Data><Data Name=""Product"">-</Data><Data Name=""Company"">-</Data><Data Name=""OriginalFileName"">-</Data><Data Name=""CommandLine"">bash</Data><Data Name=""CurrentDirectory"">/home/intern01</Data><Data Name=""User"">intern01</Data><Data Name=""LogonGuid"">{00000000-0000-0000-0000-000000000000}</Data><Data Name=""LogonId"">1001</Data><Data Name=""TerminalSessionId"">4294967295</Data><Data Name=""IntegrityLevel"">no level</Data><Data Name=""Hashes"">-</Data><Data Name=""ParentProcessGuid"">{00000000-13f8-e1c1-9726-96ab32c92f73}</Data><Data Name=""ParentProcessId"">40731</Data><Data Name=""ParentImage"">/usr/bin/bash</Data><Data Name=""ParentCommandLine"">bash</Data><Data Name=""ParentUser"">intern01</Data></EventData></Event>",2026-09-27 02:16:38.599
"<Event><System><Provider Name=""Linux-Sysmon"" Guid=""{ff032593-a8d3-4f13-b0d6-01fc615a0f97}""/><EventID>1</EventID><Version>5</Version><Level>4</Level><Task>1</Task><Opcode>0</Opcode><Keywords>0x8000000000000000</Keywords><TimeCreated SystemTime=""2026-10-02T01:27:14.738594000Z""/><EventRecordID>1000920</EventRecordID><Correlation/><Execution ProcessID=""1542964"" ThreadID=""1542964""/><Channel>Linux-Sysmon/Operational</Channel><Computer>app-01</Computer><Security UserId=""0""/></System><EventData><Data Name=""RuleName"">ProcessCreate</Data><Data Name=""UtcTime"">2026-10-02 01:27:14.738</Data><Data Name=""ProcessGuid"">{00000000-e1ef-7af7-0262-09eb347410df}</Data><Data Name=""ProcessId"">40732</Data><Data Name=""Image"">/usr/bin/curl</Data><Data Name=""FileVersion"">-</Data><Data Name=""Description"">-</Data><Data Name=""Product"">-</Data><Data Name=""Company"">-</Data><Data Name=""OriginalFileName"">-</Data><Data Name=""CommandLine"">curl -m 10 -f -s -S http://10.10.1.30/healthz</Data><Data Name=""CurrentDirectory"">/home/intern01</Data><Data Name=""User"">intern01</Data><Data Name=""LogonGuid"">{00000000-0000-0000-0000-000000000000}</Data><Data Name=""LogonId"">1001</Data><Data Name=""TerminalSessionId"">4294967295</Data><Data Name=""IntegrityLevel"">no level</Data><Data Name=""Hashes"">-</Data><Data Name=""ParentProcessGuid"">{00000000-d38d-5ccf-33cc-eb2fb2930836}</Data><Data Name=""ParentProcessId"">40733</Data><Data Name=""ParentImage"">/usr/bin/bash</Data><Data Name=""ParentCommandLine"">bash</Data><Data Name=""ParentUser"">intern01</Data></EventData></Event>",2026-09-27 02:16:38.599
"<Event><System><Provider Name=""Linux-Sysmon"" Guid=""{ff032593-a8d3-4f13-b0d6-01fc615a0f97}""/><EventID>3</EventID><Version>5</Version><Level>4</Level><Task>3</Task><Opcode>0</Opcode><Keywords>0x8000000000000000</Keywords><TimeCreated SystemTime=""2026-10-02T01:27:15.138594000Z""/><EventRecordID>1000922</EventRecordID><Correlation/><Execution ProcessID=""1542964"" ThreadID=""1542964""/><Channel>Linux-Sysmon/Operational</Channel><Computer>app-01</Computer><Security UserId=""0""/></System><EventData><Data Name=""RuleName"">NetworkConnect</Data><Data Name=""UtcTime"">2026-10-02 01:27:15.138</Data><Data Name=""ProcessGuid"">{00000000-a842-0614-2350-3dbfd78d70fb}</Data><Data Name=""ProcessId"">40734</Data><Data Name=""Image"">/usr/bin/curl</Data><Data Name=""User"">intern01</Data><Data Name=""Protocol"">tcp</Data><Data Name=""Initiated"">true</Data><Data Name=""SourceIsIpv6"">false</Data><Data Name=""SourceIp"">10.10.1.20</Data><Data Name=""SourceHostname"">-</Data><Data Name=""SourcePort"">43032</Data><Data Name=""SourcePortName"">-</Data><Data Name=""DestinationIsIpv6"">false</Data><Data Name=""DestinationIp"">10.10.1.30</Data><Data Name=""DestinationHostname"">-</Data><Data Name=""DestinationPort"">80</Data><Data Name=""DestinationPortName"">-</Data></EventData></Event>",2026-09-27 02:16:38.599
"<Event><System><Provider Name=""Linux-Sysmon"" Guid=""{ff032593-a8d3-4f13-b0d6-01fc615a0f97}""/><EventID>5</EventID><Version>3</Version><Level>4</Level><Task>5</Task><Opcode>0</Opcode><Keywords>0x8000000000000000</Keywords><TimeCreated SystemTime=""2026-10-02T01:27:17.738594000Z""/><EventRecordID>1000921</EventRecordID><Correlation/><Execution ProcessID=""1542964"" ThreadID=""1542964""/><Channel>Linux-Sysmon/Operational</Channel><Computer>app-01</Computer><Security UserId=""0""/></System><EventData><Data Name=""RuleName"">ProcessTerminate</Data><Data Name=""UtcTime"">2026-10-02 01:27:17.738</Data><Data Name=""ProcessGuid"">{00000000-e1ef-7af7-0262-09eb347410df}</Data><Data Name=""ProcessId"">40732</Data><Data Name=""Image"">/usr/bin/curl</Data><Data Name=""User"">-</Data></EventData></Event>",2026-09-27 02:16:38.599
"<Event><System><Provider Name=""Linux-Sysmon"" Guid=""{ff032593-a8d3-4f13-b0d6-01fc615a0f97}""/><EventID>1</EventID><Version>5</Version><Level>4</Level><Task>1</Task><Opcode>0</Opcode><Keywords>0x8000000000000000</Keywords><TimeCreated SystemTime=""2026-10-02T01:27:30.738594000Z""/><EventRecordID>1000923</EventRecordID><Correlation/><Execution ProcessID=""1542964"" ThreadID=""1542964""/><Channel>Linux-Sysmon/Operational</Channel><Computer>app-01</Computer><Security UserId=""0""/></System><EventData><Data Name=""RuleName"">ProcessCreate</Data><Data Name=""UtcTime"">2026-10-02 01:27:30.738</Data><Data Name=""ProcessGuid"">{00000000-bcdd-cc88-9517-96049f317f01}</Data><Data Name=""ProcessId"">40735</Data><Data Name=""Image"">/usr/bin/git</Data><Data Name=""FileVersion"">-</Data><Data Name=""Description"">-</Data><Data Name=""Product"">-</Data><Data Name=""Company"">-</Data><Data Name=""OriginalFileName"">-</Data><Data Name=""CommandLine"">git status</Data><Data Name=""CurrentDirectory"">/home/intern01</Data><Data Name=""User"">intern01</Data><Data Name=""LogonGuid"">{00000000-0000-0000-0000-000000000000}</Data><Data Name=""LogonId"">1001</Data><Data Name=""TerminalSessionId"">4294967295</Data><Data Name=""IntegrityLevel"">no level</Data><Data Name=""Hashes"">-</Data><Data Name=""ParentProcessGuid"">{00000000-7762-1a65-7da0-de1d2cee6703}</Data><Data Name=""ParentProcessId"">40736</Data><Data Name=""ParentImage"">/usr/bin/bash</Data><Data Name=""ParentCommandLine"">bash</Data><Data Name=""ParentUser"">intern01</Data></EventData></Event>",2026-09-27 02:16:38.599
"<Event><System><Provider Name=""Linux-Sysmon"" Guid=""{ff032593-a8d3-4f13-b0d6-01fc615a0f97}""/><EventID>5</EventID><Version>3</Version><Level>4</Level><Task>5</Task><Opcode>0</Opcode><Keywords>0x8000000000000000</Keywords><TimeCreated SystemTime=""2026-10-02T01:27:34.738594000Z""/><EventRecordID>1000924</EventRecordID><Correlation/><Execution ProcessID=""1542964"" ThreadID=""1542964""/><Channel>Linux-Sysmon/Operational</Channel><Computer>app-01</Computer><Security UserId=""0""/></System><EventData><Data Name=""RuleName"">ProcessTerminate</Data><Data Name=""UtcTime"">2026-10-02 01:27:34.738</Data><Data Name=""ProcessGuid"">{00000000-bcdd-cc88-9517-96049f317f01}</Data><Data Name=""ProcessId"">40735</Data><Data Name=""Image"">/usr/bin/git</Data><Data Name=""User"">-</Data></EventData></Event>",2026-09-27 02:16:38.599
"<Event><System><Provider Name=""Linux-Sysmon"" Guid=""{ff032593-a8d3-4f13-b0d6-01fc615a0f97}""/><EventID>1</EventID><Version>5</Version><Level>4</Level><Task>1</Task><Opcode>0</Opcode><Keywords>0x8000000000000000</Keywords><TimeCreated SystemTime=""2026-10-02T01:27:43.738594000Z""/><EventRecordID>1000925</EventRecordID><Correlation/><Execution ProcessID=""1542964"" ThreadID=""1542964""/><Channel>Linux-Sysmon/Operational</Channel><Computer>app-01</Computer><Security UserId=""0""/></System><EventData><Data Name=""RuleName"">ProcessCreate</Data><Data Name=""UtcTime"">2026-10-02 01:27:43.738</Data><Data Name=""ProcessGuid"">{00000000-9636-1ab1-2015-b4676d6668de}</Data><Data Name=""ProcessId"">40737</Data><Data Name=""Image"">/usr/bin/stat</Data><Data Name=""FileVersion"">-</Data><Data Name=""Description"">-</Data><Data Name=""Product"">-</Data><Data Name=""Company"">-</Data><Data Name=""OriginalFileName"">-</Data><Data Name=""CommandLine"">stat /opt/app/current</Data><Data Name=""CurrentDirectory"">/home/intern01</Data><Data Name=""User"">intern01</Data><Data Name=""LogonGuid"">{00000000-0000-0000-0000-000000000000}</Data><Data Name=""LogonId"">1001</Data><Data Name=""TerminalSessionId"">4294967295</Data><Data Name=""IntegrityLevel"">no level</Data><Data Name=""Hashes"">-</Data><Data Name=""ParentProcessGuid"">{00000000-bf25-60a8-07eb-3ef7d0f586be}</Data><Data Name=""ParentProcessId"">40738</Data><Data Name=""ParentImage"">/usr/bin/bash</Data><Data Name=""ParentCommandLine"">bash</Data><Data Name=""ParentUser"">intern01</Data></EventData></Event>",2026-09-27 02:16:38.599
"<Event><System><Provider Name=""Linux-Sysmon"" Guid=""{ff032593-a8d3-4f13-b0d6-01fc615a0f97}""/><EventID>5</EventID><Version>3</Version><Level>4</Level><Task>5</Task><Opcode>0</Opcode><Keywords>0x8000000000000000</Keywords><TimeCreated SystemTime=""2026-10-02T01:27:47.738594000Z""/><EventRecordID>1000926</EventRecordID><Correlation/><Execution ProcessID=""1542964"" ThreadID=""1542964""/><Channel>Linux-Sysmon/Operational</Channel><Computer>app-01</Computer><Security UserId=""0""/></System><EventData><Data Name=""RuleName"">ProcessTerminate</Data><Data Name=""UtcTime"">2026-10-02 01:27:47.738</Data><Data Name=""ProcessGuid"">{00000000-9636-1ab1-2015-b4676d6668de}</Data><Data Name=""ProcessId"">40737</Data><Data Name=""Image"">/usr/bin/stat</Data><Data Name=""User"">-</Data></EventData></Event>",2026-09-27 02:16:38.599
"<Event><System><Provider Name=""Linux-Sysmon"" Guid=""{ff032593-a8d3-4f13-b0d6-01fc615a0f97}""/><EventID>5</EventID><Version>3</Version><Level>4</Level><Task>5</Task><Opcode>0</Opcode><Keywords>0x8000000000000000</Keywords><TimeCreated SystemTime=""2026-10-02T01:50:10.738594000Z""/><EventRecordID>1000927</EventRecordID><Correlation/><Execution ProcessID=""1542964"" ThreadID=""1542964""/><Channel>Linux-Sysmon/Operational</Channel><Computer>app-01</Computer><Security UserId=""0""/></System><EventData><Data Name=""RuleName"">ProcessTerminate</Data><Data Name=""UtcTime"">2026-10-02 01:50:10.738</Data><Data Name=""ProcessGuid"">{00000000-ee49-5396-e344-5eb931c27a74}</Data><Data Name=""ProcessId"">40730</Data><Data Name=""Image"">/usr/bin/bash</Data><Data Name=""User"">-</Data></EventData></Event>",2026-09-27 02:16:38.599
"<Event><System><Provider Name=""Linux-Sysmon"" Guid=""{ff032593-a8d3-4f13-b0d6-01fc615a0f97}""/><EventID>1</EventID><Version>5</Version><Level>4</Level><Task>1</Task><Opcode>0</Opcode><Keywords>0x8000000000000000</Keywords><TimeCreated SystemTime=""2026-10-02T02:02:02.000000000Z""/><EventRecordID>1001779</EventRecordID><Correlation/><Execution ProcessID=""1542964"" ThreadID=""1542964""/><Channel>Linux-Sysmon/Operational</Channel><Computer>web-01</Computer><Security UserId=""0""/></System><EventData><Data Name=""RuleName"">ProcessCreate</Data><Data Name=""UtcTime"">2026-10-02 02:02:02.000</Data><Data Name=""ProcessGuid"">{00000000-9243-5a4e-4ce3-5567b97a14a0}</Data><Data Name=""ProcessId"">41485</Data><Data Name=""Image"">/usr/bin/python3.12</Data><Data Name=""FileVersion"">-</Data><Data Name=""Description"">-</Data><Data Name=""Product"">-</Data><Data Name=""Company"">-</Data><Data Name=""OriginalFileName"">-</Data><Data Name=""CommandLine"">python3.12 /opt/healthcheck/probe.py</Data><Data Name=""CurrentDirectory"">/opt/healthcheck</Data><Data Name=""User"">root</Data><Data Name=""LogonGuid"">{00000000-0000-0000-0000-000000000000}</Data><Data Name=""LogonId"">0</Data><Data Name=""TerminalSessionId"">4294967295</Data><Data Name=""IntegrityLevel"">no level</Data><Data Name=""Hashes"">-</Data><Data Name=""ParentProcessGuid"">{00000000-99fe-885f-1af8-b2e8d7a067d7}</Data><Data Name=""ParentProcessId"">41486</Data><Data Name=""ParentImage"">/usr/bin/python3.12</Data><Data Name=""ParentCommandLine"">python3.12</Data><Data Name=""ParentUser"">root</Data></EventData></Event>",2026-09-27 02:16:38.599
"<Event><System><Provider Name=""Linux-Sysmon"" Guid=""{ff032593-a8d3-4f13-b0d6-01fc615a0f97}""/><EventID>3</EventID><Version>5</Version><Level>4</Level><Task>3</Task><Opcode>0</Opcode><Keywords>0x8000000000000000</Keywords><TimeCreated SystemTime=""2026-10-02T02:02:02.300000000Z""/><EventRecordID>1001781</EventRecordID><Correlation/><Execution ProcessID=""1542964"" ThreadID=""1542964""/><Channel>Linux-Sysmon/Operational</Channel><Computer>web-01</Computer><Security UserId=""0""/></System><EventData><Data Name=""RuleName"">NetworkConnect</Data><Data Name=""UtcTime"">2026-10-02 02:02:02.300</Data><Data Name=""ProcessGuid"">{00000000-40ba-359f-a5d2-31528f584a07}</Data><Data Name=""ProcessId"">41487</Data><Data Name=""Image"">/usr/bin/python3.12</Data><Data Name=""User"">root</Data><Data Name=""Protocol"">tcp</Data><Data Name=""Initiated"">true</Data><Data Name=""SourceIsIpv6"">false</Data><Data Name=""SourceIp"">10.10.1.30</Data><Data Name=""SourceHostname"">-</Data><Data Name=""SourcePort"">48689</Data><Data Name=""SourcePortName"">-</Data><Data Name=""DestinationIsIpv6"">false</Data><Data Name=""DestinationIp"">10.10.1.30</Data><Data Name=""DestinationHostname"">-</Data><Data Name=""DestinationPort"">80</Data><Data Name=""DestinationPortName"">-</Data></EventData></Event>",2026-09-27 02:16:38.599
"<Event><System><Provider Name=""Linux-Sysmon"" Guid=""{ff032593-a8d3-4f13-b0d6-01fc615a0f97}""/><EventID>5</EventID><Version>3</Version><Level>4</Level><Task>5</Task><Opcode>0</Opcode><Keywords>0x8000000000000000</Keywords><TimeCreated SystemTime=""2026-10-02T02:02:03.000000000Z""/><EventRecordID>1001780</EventRecordID><Correlation/><Execution ProcessID=""1542964"" ThreadID=""1542964""/><Channel>Linux-Sysmon/Operational</Channel><Computer>web-01</Computer><Security UserId=""0""/></System><EventData><Data Name=""RuleName"">ProcessTerminate</Data><Data Name=""UtcTime"">2026-10-02 02:02:03.000</Data><Data Name=""ProcessGuid"">{00000000-9243-5a4e-4ce3-5567b97a14a0}</Data><Data Name=""ProcessId"">41485</Data><Data Name=""Image"">/usr/bin/python3.12</Data><Data Name=""User"">-</Data></EventData></Event>",2026-09-27 02:16:38.599
"<Event><System><Provider Name=""Linux-Sysmon"" Guid=""{ff032593-a8d3-4f13-b0d6-01fc615a0f97}""/><EventID>3</EventID><Version>5</Version><Level>4</Level><Task>3</Task><Opcode>0</Opcode><Keywords>0x8000000000000000</Keywords><TimeCreated SystemTime=""2026-10-02T02:04:43.000000000Z""/><EventRecordID>1001782</EventRecordID><Correlation/><Execution ProcessID=""1542964"" ThreadID=""1542964""/><Channel>Linux-Sysmon/Operational</Channel><Computer>web-01</Computer><Security UserId=""0""/></System><EventData><Data Name=""RuleName"">NetworkConnect</Data><Data Name=""UtcTime"">2026-10-02 02:04:43.000</Data><Data Name=""ProcessGuid"">{00000000-3fd7-7278-ced2-c208e1bc25bc}</Data><Data Name=""ProcessId"">41488</Data><Data Name=""Image"">/usr/local/nginx/sbin/nginx</Data><Data Name=""User"">syslog</Data><Data Name=""Protocol"">tcp</Data><Data Name=""Initiated"">true</Data><Data Name=""SourceIsIpv6"">false</Data><Data Name=""SourceIp"">10.10.1.30</Data><Data Name=""SourceHostname"">-</Data><Data Name=""SourcePort"">38716</Data><Data Name=""SourcePortName"">-</Data><Data Name=""DestinationIsIpv6"">false</Data><Data Name=""DestinationIp"">10.10.1.20</Data><Data Name=""DestinationHostname"">-</Data><Data Name=""DestinationPort"">443</Data><Data Name=""DestinationPortName"">-</Data></EventData></Event>",2026-09-27 02:16:38.599
"<Event><System><Provider Name=""Linux-Sysmon"" Guid=""{ff032593-a8d3-4f13-b0d6-01fc615a0f97}""/><EventID>1</EventID><Version>5</Version><Level>4</Level><Task>1</Task><Opcode>0</Opcode><Keywords>0x8000000000000000</Keywords><TimeCreated SystemTime=""2026-10-02T02:04:48.000000000Z""/><EventRecordID>1001773</EventRecordID><Correlation/><Execution ProcessID=""1542964"" ThreadID=""1542964""/><Channel>Linux-Sysmon/Operational</Channel><Computer>bastion-01</Computer><Security UserId=""0""/></System><EventData><Data Name=""RuleName"">ProcessCreate</Data><Data Name=""UtcTime"">2026-10-02 02:04:48.000</Data><Data Name=""ProcessGuid"">{00000000-e0c6-df27-507b-e523041ff0b1}</Data><Data Name=""ProcessId"">41479</Data><Data Name=""Image"">/usr/bin/python3.12</Data><Data Name=""FileVersion"">-</Data><Data Name=""Description"">-</Data><Data Name=""Product"">-</Data><Data Name=""Company"">-</Data><Data Name=""OriginalFileName"">-</Data><Data Name=""CommandLine"">python3.12 /opt/healthcheck/probe.py</Data><Data Name=""CurrentDirectory"">/opt/healthcheck</Data><Data Name=""User"">root</Data><Data Name=""LogonGuid"">{00000000-0000-0000-0000-000000000000}</Data><Data Name=""LogonId"">0</Data><Data Name=""TerminalSessionId"">4294967295</Data><Data Name=""IntegrityLevel"">no level</Data><Data Name=""Hashes"">-</Data><Data Name=""ParentProcessGuid"">{00000000-24a5-4578-c34b-25c34b4dfb09}</Data><Data Name=""ParentProcessId"">41480</Data><Data Name=""ParentImage"">/usr/bin/python3.12</Data><Data Name=""ParentCommandLine"">python3.12</Data><Data Name=""ParentUser"">root</Data></EventData></Event>",2026-09-27 02:16:38.599
"<Event><System><Provider Name=""Linux-Sysmon"" Guid=""{ff032593-a8d3-4f13-b0d6-01fc615a0f97}""/><EventID>3</EventID><Version>5</Version><Level>4</Level><Task>3</Task><Opcode>0</Opcode><Keywords>0x8000000000000000</Keywords><TimeCreated SystemTime=""2026-10-02T02:04:48.300000000Z""/><EventRecordID>1001775</EventRecordID><Correlation/><Execution ProcessID=""1542964"" ThreadID=""1542964""/><Channel>Linux-Sysmon/Operational</Channel><Computer>bastion-01</Computer><Security UserId=""0""/></System><EventData><Data Name=""RuleName"">NetworkConnect</Data><Data Name=""UtcTime"">2026-10-02 02:04:48.300</Data><Data Name=""ProcessGuid"">{00000000-61db-a098-39cb-68cd5e21b735}</Data><Data Name=""ProcessId"">41481</Data><Data Name=""Image"">/usr/bin/python3.12</Data><Data Name=""User"">root</Data><Data Name=""Protocol"">tcp</Data><Data Name=""Initiated"">true</Data><Data Name=""SourceIsIpv6"">false</Data><Data Name=""SourceIp"">10.10.1.10</Data><Data Name=""SourceHostname"">-</Data><Data Name=""SourcePort"">42004</Data><Data Name=""SourcePortName"">-</Data><Data Name=""DestinationIsIpv6"">false</Data><Data Name=""DestinationIp"">10.10.1.30</Data><Data Name=""DestinationHostname"">-</Data><Data Name=""DestinationPort"">80</Data><Data Name=""DestinationPortName"">-</Data></EventData></Event>",2026-09-27 02:16:38.599
"<Event><System><Provider Name=""Linux-Sysmon"" Guid=""{ff032593-a8d3-4f13-b0d6-01fc615a0f97}""/><EventID>5</EventID><Version>3</Version><Level>4</Level><Task>5</Task><Opcode>0</Opcode><Keywords>0x8000000000000000</Keywords><TimeCreated SystemTime=""2026-10-02T02:04:49.000000000Z""/><EventRecordID>1001774</EventRecordID><Correlation/><Execution ProcessID=""1542964"" ThreadID=""1542964""/><Channel>Linux-Sysmon/Operational</Channel><Computer>bastion-01</Computer><Security UserId=""0""/></System><EventData><Data Name=""RuleName"">ProcessTerminate</Data><Data Name=""UtcTime"">2026-10-02 02:04:49.000</Data><Data Name=""ProcessGuid"">{00000000-e0c6-df27-507b-e523041ff0b1}</Data><Data Name=""ProcessId"">41479</Data><Data Name=""Image"">/usr/bin/python3.12</Data><Data Name=""User"">-</Data></EventData></Event>",2026-09-27 02:16:38.599
"<Event><System><Provider Name=""Linux-Sysmon"" Guid=""{ff032593-a8d3-4f13-b0d6-01fc615a0f97}""/><EventID>1</EventID><Version>5</Version><Level>4</Level><Task>1</Task><Opcode>0</Opcode><Keywords>0x8000000000000000</Keywords><TimeCreated SystemTime=""2026-10-02T02:06:19.000000000Z""/><EventRecordID>1001776</EventRecordID><Correlation/><Execution ProcessID=""1542964"" ThreadID=""1542964""/><Channel>Linux-Sysmon/Operational</Channel><Computer>app-01</Computer><Security UserId=""0""/></System><EventData><Data Name=""RuleName"">ProcessCreate</Data><Data Name=""UtcTime"">2026-10-02 02:06:19.000</Data><Data Name=""ProcessGuid"">{00000000-c041-536b-79b7-232cb90ab52c}</Data><Data Name=""ProcessId"">41482</Data><Data Name=""Image"">/usr/bin/python3.12</Data><Data Name=""FileVersion"">-</Data><Data Name=""Description"">-</Data><Data Name=""Product"">-</Data><Data Name=""Company"">-</Data><Data Name=""OriginalFileName"">-</Data><Data Name=""CommandLine"">python3.12 /opt/healthcheck/probe.py</Data><Data Name=""CurrentDirectory"">/opt/healthcheck</Data><Data Name=""User"">root</Data><Data Name=""LogonGuid"">{00000000-0000-0000-0000-000000000000}</Data><Data Name=""LogonId"">0</Data><Data Name=""TerminalSessionId"">4294967295</Data><Data Name=""IntegrityLevel"">no level</Data><Data Name=""Hashes"">-</Data><Data Name=""ParentProcessGuid"">{00000000-3bce-b0ef-c4f2-c284c5e91df7}</Data><Data Name=""ParentProcessId"">41483</Data><Data Name=""ParentImage"">/usr/bin/python3.12</Data><Data Name=""ParentCommandLine"">python3.12</Data><Data Name=""ParentUser"">root</Data></EventData></Event>",2026-09-27 02:16:38.599
"<Event><System><Provider Name=""Linux-Sysmon"" Guid=""{ff032593-a8d3-4f13-b0d6-01fc615a0f97}""/><EventID>3</EventID><Version>5</Version><Level>4</Level><Task>3</Task><Opcode>0</Opcode><Keywords>0x8000000000000000</Keywords><TimeCreated SystemTime=""2026-10-02T02:06:19.300000000Z""/><EventRecordID>1001778</EventRecordID><Correlation/><Execution ProcessID=""1542964"" ThreadID=""1542964""/><Channel>Linux-Sysmon/Operational</Channel><Computer>app-01</Computer><Security UserId=""0""/></System><EventData><Data Name=""RuleName"">NetworkConnect</Data><Data Name=""UtcTime"">2026-10-02 02:06:19.300</Data><Data Name=""ProcessGuid"">{00000000-0887-f1bd-b9fd-35cf2c1c71cf}</Data><Data Name=""ProcessId"">41484</Data><Data Name=""Image"">/usr/bin/python3.12</Data><Data Name=""User"">root</Data><Data Name=""Protocol"">tcp</Data><Data Name=""Initiated"">true</Data><Data Name=""SourceIsIpv6"">false</Data><Data Name=""SourceIp"">10.10.1.20</Data><Data Name=""SourceHostname"">-</Data><Data Name=""SourcePort"">44960</Data><Data Name=""SourcePortName"">-</Data><Data Name=""DestinationIsIpv6"">false</Data><Data Name=""DestinationIp"">10.10.1.30</Data><Data Name=""DestinationHostname"">-</Data><Data Name=""DestinationPort"">80</Data><Data Name=""DestinationPortName"">-</Data></EventData></Event>",2026-09-27 02:16:38.599
"<Event><System><Provider Name=""Linux-Sysmon"" Guid=""{ff032593-a8d3-4f13-b0d6-01fc615a0f97}""/><EventID>5</EventID><Version>3</Version><Level>4</Level><Task>5</Task><Opcode>0</Opcode><Keywords>0x8000000000000000</Keywords><TimeCreated SystemTime=""2026-10-02T02:06:20.000000000Z""/><EventRecordID>1001777</EventRecordID><Correlation/><Execution ProcessID=""1542964"" ThreadID=""1542964""/><Channel>Linux-Sysmon/Operational</Channel><Computer>app-01</Computer><Security UserId=""0""/></System><EventData><Data Name=""RuleName"">ProcessTerminate</Data><Data Name=""UtcTime"">2026-10-02 02:06:20.000</Data><Data Name=""ProcessGuid"">{00000000-c041-536b-79b7-232cb90ab52c}</Data><Data Name=""ProcessId"">41482</Data><Data Name=""Image"">/usr/bin/python3.12</Data><Data Name=""User"">-</Data></EventData></Event>",2026-09-27 02:16:38.599
"<Event><System><Provider Name=""Linux-Sysmon"" Guid=""{ff032593-a8d3-4f13-b0d6-01fc615a0f97}""/><EventID>1</EventID><Version>5</Version><Level>4</Level><Task>1</Task><Opcode>0</Opcode><Keywords>0x8000000000000000</Keywords><TimeCreated SystemTime=""2026-10-02T02:08:35.000000000Z""/><EventRecordID>1001783</EventRecordID><Correlation/><Execution ProcessID=""1542964"" ThreadID=""1542964""/><Channel>Linux-Sysmon/Operational</Channel><Computer>node-01</Computer><Security UserId=""0""/></System><EventData><Data Name=""RuleName"">ProcessCreate</Data><Data Name=""UtcTime"">2026-10-02 02:08:35.000</Data><Data Name=""ProcessGuid"">{00000000-ad3f-f7b8-07cf-73869818742b}</Data><Data Name=""ProcessId"">41489</Data><Data Name=""Image"">/usr/bin/python3.12</Data><Data Name=""FileVersion"">-</Data><Data Name=""Description"">-</Data><Data Name=""Product"">-</Data><Data Name=""Company"">-</Data><Data Name=""OriginalFileName"">-</Data><Data Name=""CommandLine"">python3.12 /opt/healthcheck/probe.py</Data><Data Name=""CurrentDirectory"">/opt/healthcheck</Data><Data Name=""User"">root</Data><Data Name=""LogonGuid"">{00000000-0000-0000-0000-000000000000}</Data><Data Name=""LogonId"">0</Data><Data Name=""TerminalSessionId"">4294967295</Data><Data Name=""IntegrityLevel"">no level</Data><Data Name=""Hashes"">-</Data><Data Name=""ParentProcessGuid"">{00000000-8eff-7d28-2327-a119cf01d303}</Data><Data Name=""ParentProcessId"">41490</Data><Data Name=""ParentImage"">/usr/bin/python3.12</Data><Data Name=""ParentCommandLine"">python3.12</Data><Data Name=""ParentUser"">root</Data></EventData></Event>",2026-09-27 02:16:38.599
"<Event><System><Provider Name=""Linux-Sysmon"" Guid=""{ff032593-a8d3-4f13-b0d6-01fc615a0f97}""/><EventID>3</EventID><Version>5</Version><Level>4</Level><Task>3</Task><Opcode>0</Opcode><Keywords>0x8000000000000000</Keywords><TimeCreated SystemTime=""2026-10-02T02:08:35.300000000Z""/><EventRecordID>1001785</EventRecordID><Correlation/><Execution ProcessID=""1542964"" ThreadID=""1542964""/><Channel>Linux-Sysmon/Operational</Channel><Computer>node-01</Computer><Security UserId=""0""/></System><EventData><Data Name=""RuleName"">NetworkConnect</Data><Data Name=""UtcTime"">2026-10-02 02:08:35.300</Data><Data Name=""ProcessGuid"">{00000000-8f28-aee5-a7d8-0239876e9517}</Data><Data Name=""ProcessId"">41491</Data><Data Name=""Image"">/usr/bin/python3.12</Data><Data Name=""User"">root</Data><Data Name=""Protocol"">tcp</Data><Data Name=""Initiated"">true</Data><Data Name=""SourceIsIpv6"">false</Data><Data Name=""SourceIp"">10.10.1.40</Data><Data Name=""SourceHostname"">-</Data><Data Name=""SourcePort"">51425</Data><Data Name=""SourcePortName"">-</Data><Data Name=""DestinationIsIpv6"">false</Data><Data Name=""DestinationIp"">10.10.1.30</Data><Data Name=""DestinationHostname"">-</Data><Data Name=""DestinationPort"">80</Data><Data Name=""DestinationPortName"">-</Data></EventData></Event>",2026-09-27 02:16:38.599
"<Event><System><Provider Name=""Linux-Sysmon"" Guid=""{ff032593-a8d3-4f13-b0d6-01fc615a0f97}""/><EventID>5</EventID><Version>3</Version><Level>4</Level><Task>5</Task><Opcode>0</Opcode><Keywords>0x8000000000000000</Keywords><TimeCreated SystemTime=""2026-10-02T02:08:36.000000000Z""/><EventRecordID>1001784</EventRecordID><Correlation/><Execution ProcessID=""1542964"" ThreadID=""1542964""/><Channel>Linux-Sysmon/Operational</Channel><Computer>node-01</Computer><Security UserId=""0""/></System><EventData><Data Name=""RuleName"">ProcessTerminate</Data><Data Name=""UtcTime"">2026-10-02 02:08:36.000</Data><Data Name=""ProcessGuid"">{00000000-ad3f-f7b8-07cf-73869818742b}</Data><Data Name=""ProcessId"">41489</Data><Data Name=""Image"">/usr/bin/python3.12</Data><Data Name=""User"">-</Data></EventData></Event>",2026-09-27 02:16:38.599
"<Event><System><Provider Name=""Linux-Sysmon"" Guid=""{ff032593-a8d3-4f13-b0d6-01fc615a0f97}""/><EventID>3</EventID><Version>5</Version><Level>4</Level><Task>3</Task><Opcode>0</Opcode><Keywords>0x8000000000000000</Keywords><TimeCreated SystemTime=""2026-10-02T02:09:55.000000000Z""/><EventRecordID>1001786</EventRecordID><Correlation/><Execution ProcessID=""1542964"" ThreadID=""1542964""/><Channel>Linux-Sysmon/Operational</Channel><Computer>node-01</Computer><Security UserId=""0""/></System><EventData><Data Name=""RuleName"">NetworkConnect</Data><Data Name=""UtcTime"">2026-10-02 02:09:55.000</Data><Data Name=""ProcessGuid"">{00000000-121a-e576-9d0e-befbc379426a}</Data><Data Name=""ProcessId"">41492</Data><Data Name=""Image"">/usr/sbin/nginx</Data><Data Name=""User"">root</Data><Data Name=""Protocol"">tcp</Data><Data Name=""Initiated"">true</Data><Data Name=""SourceIsIpv6"">false</Data><Data Name=""SourceIp"">10.10.1.40</Data><Data Name=""SourceHostname"">-</Data><Data Name=""SourcePort"">36920</Data><Data Name=""SourcePortName"">-</Data><Data Name=""DestinationIsIpv6"">false</Data><Data Name=""DestinationIp"">10.10.1.30</Data><Data Name=""DestinationHostname"">-</Data><Data Name=""DestinationPort"">80</Data><Data Name=""DestinationPortName"">-</Data></EventData></Event>",2026-09-27 02:16:38.599
"<Event><System><Provider Name=""Linux-Sysmon"" Guid=""{ff032593-a8d3-4f13-b0d6-01fc615a0f97}""/><EventID>1</EventID><Version>5</Version><Level>4</Level><Task>1</Task><Opcode>0</Opcode><Keywords>0x8000000000000000</Keywords><TimeCreated SystemTime=""2026-10-02T03:03:56.000000000Z""/><EventRecordID>1001790</EventRecordID><Correlation/><Execution ProcessID=""1542964"" ThreadID=""1542964""/><Channel>Linux-Sysmon/Operational</Channel><Computer>app-01</Computer><Security UserId=""0""/></System><EventData><Data Name=""RuleName"">ProcessCreate</Data><Data Name=""UtcTime"">2026-10-02 03:03:56.000</Data><Data Name=""ProcessGuid"">{00000000-19df-3f32-1a97-36202bc62438}</Data><Data Name=""ProcessId"">41496</Data><Data Name=""Image"">/usr/bin/python3.12</Data><Data Name=""FileVersion"">-</Data><Data Name=""Description"">-</Data><Data Name=""Product"">-</Data><Data Name=""Company"">-</Data><Data Name=""OriginalFileName"">-</Data><Data Name=""CommandLine"">python3.12 /opt/healthcheck/probe.py</Data><Data Name=""CurrentDirectory"">/opt/healthcheck</Data><Data Name=""User"">root</Data><Data Name=""LogonGuid"">{00000000-0000-0000-0000-000000000000}</Data><Data Name=""LogonId"">0</Data><Data Name=""TerminalSessionId"">4294967295</Data><Data Name=""IntegrityLevel"">no level</Data><Data Name=""Hashes"">-</Data><Data Name=""ParentProcessGuid"">{00000000-149c-c583-4112-3b215cce31ce}</Data><Data Name=""ParentProcessId"">41497</Data><Data Name=""ParentImage"">/usr/bin/python3.12</Data><Data Name=""ParentCommandLine"">python3.12</Data><Data Name=""ParentUser"">root</Data></EventData></Event>",2026-09-27 02:16:38.599
"<Event><System><Provider Name=""Linux-Sysmon"" Guid=""{ff032593-a8d3-4f13-b0d6-01fc615a0f97}""/><EventID>3</EventID><Version>5</Version><Level>4</Level><Task>3</Task><Opcode>0</Opcode><Keywords>0x8000000000000000</Keywords><TimeCreated SystemTime=""2026-10-02T03:03:56.300000000Z""/><EventRecordID>1001792</EventRecordID><Correlation/><Execution ProcessID=""1542964"" ThreadID=""1542964""/><Channel>Linux-Sysmon/Operational</Channel><Computer>app-01</Computer><Security UserId=""0""/></System><EventData><Data Name=""RuleName"">NetworkConnect</Data><Data Name=""UtcTime"">2026-10-02 03:03:56.300</Data><Data Name=""ProcessGuid"">{00000000-edc3-bd39-64fb-c1a843560a15}</Data><Data Name=""ProcessId"">41498</Data><Data Name=""Image"">/usr/bin/python3.12</Data><Data Name=""User"">root</Data><Data Name=""Protocol"">tcp</Data><Data Name=""Initiated"">true</Data><Data Name=""SourceIsIpv6"">false</Data><Data Name=""SourceIp"">10.10.1.20</Data><Data Name=""SourceHostname"">-</Data><Data Name=""SourcePort"">44672</Data><Data Name=""SourcePortName"">-</Data><Data Name=""DestinationIsIpv6"">false</Data><Data Name=""DestinationIp"">10.10.1.30</Data><Data Name=""DestinationHostname"">-</Data><Data Name=""DestinationPort"">80</Data><Data Name=""DestinationPortName"">-</Data></EventData></Event>",2026-09-27 02:16:38.599
"<Event><System><Provider Name=""Linux-Sysmon"" Guid=""{ff032593-a8d3-4f13-b0d6-01fc615a0f97}""/><EventID>5</EventID><Version>3</Version><Level>4</Level><Task>5</Task><Opcode>0</Opcode><Keywords>0x8000000000000000</Keywords><TimeCreated SystemTime=""2026-10-02T03:03:57.000000000Z""/><EventRecordID>1001791</EventRecordID><Correlation/><Execution ProcessID=""1542964"" ThreadID=""1542964""/><Channel>Linux-Sysmon/Operational</Channel><Computer>app-01</Computer><Security UserId=""0""/></System><EventData><Data Name=""RuleName"">ProcessTerminate</Data><Data Name=""UtcTime"">2026-10-02 03:03:57.000</Data><Data Name=""ProcessGuid"">{00000000-19df-3f32-1a97-36202bc62438}</Data><Data Name=""ProcessId"">41496</Data><Data Name=""Image"">/usr/bin/python3.12</Data><Data Name=""User"">-</Data></EventData></Event>",2026-09-27 02:16:38.599
"<Event><System><Provider Name=""Linux-Sysmon"" Guid=""{ff032593-a8d3-4f13-b0d6-01fc615a0f97}""/><EventID>1</EventID><Version>5</Version><Level>4</Level><Task>1</Task><Opcode>0</Opcode><Keywords>0x8000000000000000</Keywords><TimeCreated SystemTime=""2026-10-02T03:05:05.032938000Z""/><EventRecordID>1000015</EventRecordID><Correlation/><Execution ProcessID=""1542964"" ThreadID=""1542964""/><Channel>Linux-Sysmon/Operational</Channel><Computer>app-01</Computer><Security UserId=""0""/></System><EventData><Data Name=""RuleName"">ProcessCreate</Data><Data Name=""UtcTime"">2026-10-02 03:05:05.032</Data><Data Name=""ProcessGuid"">{00000000-50bc-9f83-2ddf-ed3c3b494a47}</Data><Data Name=""ProcessId"">40012</Data><Data Name=""Image"">/usr/bin/bash</Data><Data Name=""FileVersion"">-</Data><Data Name=""Description"">-</Data><Data Name=""Product"">-</Data><Data Name=""Company"">-</Data><Data Name=""OriginalFileName"">-</Data><Data Name=""CommandLine"">bash</Data><Data Name=""CurrentDirectory"">/home/dev01</Data><Data Name=""User"">dev01</Data><Data Name=""LogonGuid"">{00000000-0000-0000-0000-000000000000}</Data><Data Name=""LogonId"">1001</Data><Data Name=""TerminalSessionId"">4294967295</Data><Data Name=""IntegrityLevel"">no level</Data><Data Name=""Hashes"">-</Data><Data Name=""ParentProcessGuid"">{00000000-a720-42ab-e71f-447c3a39d836}</Data><Data Name=""ParentProcessId"">40013</Data><Data Name=""ParentImage"">/usr/bin/bash</Data><Data Name=""ParentCommandLine"">bash</Data><Data Name=""ParentUser"">dev01</Data></EventData></Event>",2026-09-27 02:16:38.599
"<Event><System><Provider Name=""Linux-Sysmon"" Guid=""{ff032593-a8d3-4f13-b0d6-01fc615a0f97}""/><EventID>1</EventID><Version>5</Version><Level>4</Level><Task>1</Task><Opcode>0</Opcode><Keywords>0x8000000000000000</Keywords><TimeCreated SystemTime=""2026-10-02T03:05:09.000000000Z""/><EventRecordID>1001796</EventRecordID><Correlation/><Execution ProcessID=""1542964"" ThreadID=""1542964""/><Channel>Linux-Sysmon/Operational</Channel><Computer>node-01</Computer><Security UserId=""0""/></System><EventData><Data Name=""RuleName"">ProcessCreate</Data><Data Name=""UtcTime"">2026-10-02 03:05:09.000</Data><Data Name=""ProcessGuid"">{00000000-0434-2d25-787f-51940c6385bc}</Data><Data Name=""ProcessId"">41502</Data><Data Name=""Image"">/usr/bin/python3.12</Data><Data Name=""FileVersion"">-</Data><Data Name=""Description"">-</Data><Data Name=""Product"">-</Data><Data Name=""Company"">-</Data><Data Name=""OriginalFileName"">-</Data><Data Name=""CommandLine"">python3.12 /opt/healthcheck/probe.py</Data><Data Name=""CurrentDirectory"">/opt/healthcheck</Data><Data Name=""User"">root</Data><Data Name=""LogonGuid"">{00000000-0000-0000-0000-000000000000}</Data><Data Name=""LogonId"">0</Data><Data Name=""TerminalSessionId"">4294967295</Data><Data Name=""IntegrityLevel"">no level</Data><Data Name=""Hashes"">-</Data><Data Name=""ParentProcessGuid"">{00000000-808b-43ef-09a6-cad96ffdc208}</Data><Data Name=""ParentProcessId"">41503</Data><Data Name=""ParentImage"">/usr/bin/python3.12</Data><Data Name=""ParentCommandLine"">python3.12</Data><Data Name=""ParentUser"">root</Data></EventData></Event>",2026-09-27 02:16:38.599
