2026-10-01 08:24:12.544000,sysmon,bastion-01,admin01,,,,process_create,1,/usr/bin/curl,40827,{00000000-a16d-82e3-5e82-886068544592},curl -m 10 -f -s -S http://10.10.1.30/healthz,/home/admin01,{00000000-ecde-3e28-39db-7cefea98a9d7},40828,/usr/bin/bash,bash,admin01,,1001037,"<Event><System><Provider Name=""Linux-Sysmon"" Guid=""{ff032593-a8d3-4f13-b0d6-01fc615a0f97}""/><EventID>1</EventID><Version>5</Version><Level>4</Level><Task>1</Task><Opcode>0</Opcode><Keywords>0x8000000000000000</Keywords><TimeCreated SystemTime=""2026-10-01T08:24:12.544098000Z""/><EventRecordID>1001037</EventRecordID><Correlation/><Execution ProcessID=""1542964"" ThreadID=""1542964""/><Channel>Linux-Sysmon/Operational</Channel><Computer>bastion-01</Computer><Security UserId=""0""/></System><EventData><Data Name=""RuleName"">ProcessCreate</Data><Data Name=""UtcTime"">2026-10-01 08:24:12.544</Data><Data Name=""ProcessGuid"">{00000000-a16d-82e3-5e82-886068544592}</Data><Data Name=""ProcessId"">40827</Data><Data Name=""Image"">/usr/bin/curl</Data><Data Name=""FileVersion"">-</Data><Data Name=""Description"">-</Data><Data Name=""Product"">-</Data><Data Name=""Company"">-</Data><Data Name=""OriginalFileName"">-</Data><Data Name=""CommandLine"">curl -m 10 -f -s -S http://10.10.1.30/healthz</Data><Data Name=""CurrentDirectory"">/home/admin01</Data><Data Name=""User"">admin01</Data><Data Name=""LogonGuid"">{00000000-0000-0000-0000-000000000000}</Data><Data Name=""LogonId"">1001</Data><Data Name=""TerminalSessionId"">4294967295</Data><Data Name=""IntegrityLevel"">no level</Data><Data Name=""Hashes"">-</Data><Data Name=""ParentProcessGuid"">{00000000-ecde-3e28-39db-7cefea98a9d7}</Data><Data Name=""ParentProcessId"">40828</Data><Data Name=""ParentImage"">/usr/bin/bash</Data><Data Name=""ParentCommandLine"">bash</Data><Data Name=""ParentUser"">admin01</Data></EventData></Event>","{""Provider_Name"":""Linux-Sysmon"",""Provider_Guid"":""{ff032593-a8d3-4f13-b0d6-01fc615a0f97}"",""Version"":""5"",""Level"":""4"",""Task"":""1"",""Opcode"":""0"",""Keywords"":""0x8000000000000000"",""TimeCreated_SystemTime"":""2026-10-01T08:24:12.544098000Z"",""Execution_ProcessID"":""1542964"",""Execution_ThreadID"":""1542964"",""Channel"":""Linux-Sysmon/Operational"",""Security_UserId"":""0"",""RuleName"":""ProcessCreate"",""FileVersion"":""-"",""Description"":""-"",""Product"":""-"",""Company"":""-"",""OriginalFileName"":""-"",""LogonGuid"":""{00000000-0000-0000-0000-000000000000}"",""LogonId"":""1001"",""TerminalSessionId"":""4294967295"",""IntegrityLevel"":""no level"",""Hashes"":""-"",""LOADED_AT"":""2026-09-27 02:16:38.599""}"
2026-10-01 08:24:12.944000,sysmon,bastion-01,admin01,10.10.1.10,10.10.1.30,80,network_connect,3,/usr/bin/curl,40829,{00000000-0bd4-2841-7bf9-f08cb4c2b215},,,,,,,,,1001039,"<Event><System><Provider Name=""Linux-Sysmon"" Guid=""{ff032593-a8d3-4f13-b0d6-01fc615a0f97}""/><EventID>3</EventID><Version>5</Version><Level>4</Level><Task>3</Task><Opcode>0</Opcode><Keywords>0x8000000000000000</Keywords><TimeCreated SystemTime=""2026-10-01T08:24:12.944098000Z""/><EventRecordID>1001039</EventRecordID><Correlation/><Execution ProcessID=""1542964"" ThreadID=""1542964""/><Channel>Linux-Sysmon/Operational</Channel><Computer>bastion-01</Computer><Security UserId=""0""/></System><EventData><Data Name=""RuleName"">NetworkConnect</Data><Data Name=""UtcTime"">2026-10-01 08:24:12.944</Data><Data Name=""ProcessGuid"">{00000000-0bd4-2841-7bf9-f08cb4c2b215}</Data><Data Name=""ProcessId"">40829</Data><Data Name=""Image"">/usr/bin/curl</Data><Data Name=""User"">admin01</Data><Data Name=""Protocol"">tcp</Data><Data Name=""Initiated"">true</Data><Data Name=""SourceIsIpv6"">false</Data><Data Name=""SourceIp"">10.10.1.10</Data><Data Name=""SourceHostname"">-</Data><Data Name=""SourcePort"">46129</Data><Data Name=""SourcePortName"">-</Data><Data Name=""DestinationIsIpv6"">false</Data><Data Name=""DestinationIp"">10.10.1.30</Data><Data Name=""DestinationHostname"">-</Data><Data Name=""DestinationPort"">80</Data><Data Name=""DestinationPortName"">-</Data></EventData></Event>","{""Provider_Name"":""Linux-Sysmon"",""Provider_Guid"":""{ff032593-a8d3-4f13-b0d6-01fc615a0f97}"",""Version"":""5"",""Level"":""4"",""Task"":""3"",""Opcode"":""0"",""Keywords"":""0x8000000000000000"",""TimeCreated_SystemTime"":""2026-10-01T08:24:12.944098000Z"",""Execution_ProcessID"":""1542964"",""Execution_ThreadID"":""1542964"",""Channel"":""Linux-Sysmon/Operational"",""Security_UserId"":""0"",""RuleName"":""NetworkConnect"",""Protocol"":""tcp"",""Initiated"":""true"",""SourceIsIpv6"":""false"",""SourceHostname"":""-"",""SourcePort"":""46129"",""SourcePortName"":""-"",""DestinationIsIpv6"":""false"",""DestinationHostname"":""-"",""DestinationPortName"":""-"",""LOADED_AT"":""2026-09-27 02:16:38.599""}"
2026-10-01 08:24:16.544000,sysmon,bastion-01,,,,,process_terminate,5,/usr/bin/curl,40827,{00000000-a16d-82e3-5e82-886068544592},,,,,,,,,1001038,"<Event><System><Provider Name=""Linux-Sysmon"" Guid=""{ff032593-a8d3-4f13-b0d6-01fc615a0f97}""/><EventID>5</EventID><Version>3</Version><Level>4</Level><Task>5</Task><Opcode>0</Opcode><Keywords>0x8000000000000000</Keywords><TimeCreated SystemTime=""2026-10-01T08:24:16.544098000Z""/><EventRecordID>1001038</EventRecordID><Correlation/><Execution ProcessID=""1542964"" ThreadID=""1542964""/><Channel>Linux-Sysmon/Operational</Channel><Computer>bastion-01</Computer><Security UserId=""0""/></System><EventData><Data Name=""RuleName"">ProcessTerminate</Data><Data Name=""UtcTime"">2026-10-01 08:24:16.544</Data><Data Name=""ProcessGuid"">{00000000-a16d-82e3-5e82-886068544592}</Data><Data Name=""ProcessId"">40827</Data><Data Name=""Image"">/usr/bin/curl</Data><Data Name=""User"">-</Data></EventData></Event>","{""Provider_Name"":""Linux-Sysmon"",""Provider_Guid"":""{ff032593-a8d3-4f13-b0d6-01fc615a0f97}"",""Version"":""3"",""Level"":""4"",""Task"":""5"",""Opcode"":""0"",""Keywords"":""0x8000000000000000"",""TimeCreated_SystemTime"":""2026-10-01T08:24:16.544098000Z"",""Execution_ProcessID"":""1542964"",""Execution_ThreadID"":""1542964"",""Channel"":""Linux-Sysmon/Operational"",""Security_UserId"":""0"",""RuleName"":""ProcessTerminate"",""LOADED_AT"":""2026-09-27 02:16:38.599""}"
2026-10-01 08:25:21.417000,sysmon,web-01,,,,,process_terminate,5,/usr/bin/bash,41012,{00000000-0744-8150-3ebc-78c08d110164},,,,,,,,,1001273,"<Event><System><Provider Name=""Linux-Sysmon"" Guid=""{ff032593-a8d3-4f13-b0d6-01fc615a0f97}""/><EventID>5</EventID><Version>3</Version><Level>4</Level><Task>5</Task><Opcode>0</Opcode><Keywords>0x8000000000000000</Keywords><TimeCreated SystemTime=""2026-10-01T08:25:21.417476000Z""/><EventRecordID>1001273</EventRecordID><Correlation/><Execution ProcessID=""1542964"" ThreadID=""1542964""/><Channel>Linux-Sysmon/Operational</Channel><Computer>web-01</Computer><Security UserId=""0""/></System><EventData><Data Name=""RuleName"">ProcessTerminate</Data><Data Name=""UtcTime"">2026-10-01 08:25:21.417</Data><Data Name=""ProcessGuid"">{00000000-0744-8150-3ebc-78c08d110164}</Data><Data Name=""ProcessId"">41012</Data><Data Name=""Image"">/usr/bin/bash</Data><Data Name=""User"">-</Data></EventData></Event>","{""Provider_Name"":""Linux-Sysmon"",""Provider_Guid"":""{ff032593-a8d3-4f13-b0d6-01fc615a0f97}"",""Version"":""3"",""Level"":""4"",""Task"":""5"",""Opcode"":""0"",""Keywords"":""0x8000000000000000"",""TimeCreated_SystemTime"":""2026-10-01T08:25:21.417476000Z"",""Execution_ProcessID"":""1542964"",""Execution_ThreadID"":""1542964"",""Channel"":""Linux-Sysmon/Operational"",""Security_UserId"":""0"",""RuleName"":""ProcessTerminate"",""LOADED_AT"":""2026-09-27 02:16:38.599""}"
2026-10-01 08:58:07.544000,sysmon,bastion-01,,,,,process_terminate,5,/usr/bin/bash,40821,{00000000-2800-6352-348a-65b60684b65f},,,,,,,,,1001040,"<Event><System><Provider Name=""Linux-Sysmon"" Guid=""{ff032593-a8d3-4f13-b0d6-01fc615a0f97}""/><EventID>5</EventID><Version>3</Version><Level>4</Level><Task>5</Task><Opcode>0</Opcode><Keywords>0x8000000000000000</Keywords><TimeCreated SystemTime=""2026-10-01T08:58:07.544098000Z""/><EventRecordID>1001040</EventRecordID><Correlation/><Execution ProcessID=""1542964"" ThreadID=""1542964""/><Channel>Linux-Sysmon/Operational</Channel><Computer>bastion-01</Computer><Security UserId=""0""/></System><EventData><Data Name=""RuleName"">ProcessTerminate</Data><Data Name=""UtcTime"">2026-10-01 08:58:07.544</Data><Data Name=""ProcessGuid"">{00000000-2800-6352-348a-65b60684b65f}</Data><Data Name=""ProcessId"">40821</Data><Data Name=""Image"">/usr/bin/bash</Data><Data Name=""User"">-</Data></EventData></Event>","{""Provider_Name"":""Linux-Sysmon"",""Provider_Guid"":""{ff032593-a8d3-4f13-b0d6-01fc615a0f97}"",""Version"":""3"",""Level"":""4"",""Task"":""5"",""Opcode"":""0"",""Keywords"":""0x8000000000000000"",""TimeCreated_SystemTime"":""2026-10-01T08:58:07.544098000Z"",""Execution_ProcessID"":""1542964"",""Execution_ThreadID"":""1542964"",""Channel"":""Linux-Sysmon/Operational"",""Security_UserId"":""0"",""RuleName"":""ProcessTerminate"",""LOADED_AT"":""2026-09-27 02:16:38.599""}"
2026-10-01 09:04:15.000000,sysmon,bastion-01,root,,,,process_create,1,/usr/bin/python3.12,41324,{00000000-7e95-7527-9563-49af2c4d2b8e},python3.12 /opt/healthcheck/probe.py,/opt/healthcheck,{00000000-47b9-7dd8-b047-8ec6275ccf5f},41325,/usr/bin/python3.12,python3.12,root,,1001618,"<Event><System><Provider Name=""Linux-Sysmon"" Guid=""{ff032593-a8d3-4f13-b0d6-01fc615a0f97}""/><EventID>1</EventID><Version>5</Version><Level>4</Level><Task>1</Task><Opcode>0</Opcode><Keywords>0x8000000000000000</Keywords><TimeCreated SystemTime=""2026-10-01T09:04:15.000000000Z""/><EventRecordID>1001618</EventRecordID><Correlation/><Execution ProcessID=""1542964"" ThreadID=""1542964""/><Channel>Linux-Sysmon/Operational</Channel><Computer>bastion-01</Computer><Security UserId=""0""/></System><EventData><Data Name=""RuleName"">ProcessCreate</Data><Data Name=""UtcTime"">2026-10-01 09:04:15.000</Data><Data Name=""ProcessGuid"">{00000000-7e95-7527-9563-49af2c4d2b8e}</Data><Data Name=""ProcessId"">41324</Data><Data Name=""Image"">/usr/bin/python3.12</Data><Data Name=""FileVersion"">-</Data><Data Name=""Description"">-</Data><Data Name=""Product"">-</Data><Data Name=""Company"">-</Data><Data Name=""OriginalFileName"">-</Data><Data Name=""CommandLine"">python3.12 /opt/healthcheck/probe.py</Data><Data Name=""CurrentDirectory"">/opt/healthcheck</Data><Data Name=""User"">root</Data><Data Name=""LogonGuid"">{00000000-0000-0000-0000-000000000000}</Data><Data Name=""LogonId"">0</Data><Data Name=""TerminalSessionId"">4294967295</Data><Data Name=""IntegrityLevel"">no level</Data><Data Name=""Hashes"">-</Data><Data Name=""ParentProcessGuid"">{00000000-47b9-7dd8-b047-8ec6275ccf5f}</Data><Data Name=""ParentProcessId"">41325</Data><Data Name=""ParentImage"">/usr/bin/python3.12</Data><Data Name=""ParentCommandLine"">python3.12</Data><Data Name=""ParentUser"">root</Data></EventData></Event>","{""Provider_Name"":""Linux-Sysmon"",""Provider_Guid"":""{ff032593-a8d3-4f13-b0d6-01fc615a0f97}"",""Version"":""5"",""Level"":""4"",""Task"":""1"",""Opcode"":""0"",""Keywords"":""0x8000000000000000"",""TimeCreated_SystemTime"":""2026-10-01T09:04:15.000000000Z"",""Execution_ProcessID"":""1542964"",""Execution_ThreadID"":""1542964"",""Channel"":""Linux-Sysmon/Operational"",""Security_UserId"":""0"",""RuleName"":""ProcessCreate"",""FileVersion"":""-"",""Description"":""-"",""Product"":""-"",""Company"":""-"",""OriginalFileName"":""-"",""LogonGuid"":""{00000000-0000-0000-0000-000000000000}"",""LogonId"":""0"",""TerminalSessionId"":""4294967295"",""IntegrityLevel"":""no level"",""Hashes"":""-"",""LOADED_AT"":""2026-09-27 02:16:38.599""}"
2026-10-01 09:04:15.300000,sysmon,bastion-01,root,10.10.1.10,10.10.1.30,80,network_connect,3,/usr/bin/python3.12,41326,{00000000-e038-337a-8cd6-c9287d093f58},,,,,,,,,1001620,"<Event><System><Provider Name=""Linux-Sysmon"" Guid=""{ff032593-a8d3-4f13-b0d6-01fc615a0f97}""/><EventID>3</EventID><Version>5</Version><Level>4</Level><Task>3</Task><Opcode>0</Opcode><Keywords>0x8000000000000000</Keywords><TimeCreated SystemTime=""2026-10-01T09:04:15.300000000Z""/><EventRecordID>1001620</EventRecordID><Correlation/><Execution ProcessID=""1542964"" ThreadID=""1542964""/><Channel>Linux-Sysmon/Operational</Channel><Computer>bastion-01</Computer><Security UserId=""0""/></System><EventData><Data Name=""RuleName"">NetworkConnect</Data><Data Name=""UtcTime"">2026-10-01 09:04:15.300</Data><Data Name=""ProcessGuid"">{00000000-e038-337a-8cd6-c9287d093f58}</Data><Data Name=""ProcessId"">41326</Data><Data Name=""Image"">/usr/bin/python3.12</Data><Data Name=""User"">root</Data><Data Name=""Protocol"">tcp</Data><Data Name=""Initiated"">true</Data><Data Name=""SourceIsIpv6"">false</Data><Data Name=""SourceIp"">10.10.1.10</Data><Data Name=""SourceHostname"">-</Data><Data Name=""SourcePort"">40162</Data><Data Name=""SourcePortName"">-</Data><Data Name=""DestinationIsIpv6"">false</Data><Data Name=""DestinationIp"">10.10.1.30</Data><Data Name=""DestinationHostname"">-</Data><Data Name=""DestinationPort"">80</Data><Data Name=""DestinationPortName"">-</Data></EventData></Event>","{""Provider_Name"":""Linux-Sysmon"",""Provider_Guid"":""{ff032593-a8d3-4f13-b0d6-01fc615a0f97}"",""Version"":""5"",""Level"":""4"",""Task"":""3"",""Opcode"":""0"",""Keywords"":""0x8000000000000000"",""TimeCreated_SystemTime"":""2026-10-01T09:04:15.300000000Z"",""Execution_ProcessID"":""1542964"",""Execution_ThreadID"":""1542964"",""Channel"":""Linux-Sysmon/Operational"",""Security_UserId"":""0"",""RuleName"":""NetworkConnect"",""Protocol"":""tcp"",""Initiated"":""true"",""SourceIsIpv6"":""false"",""SourceHostname"":""-"",""SourcePort"":""40162"",""SourcePortName"":""-"",""DestinationIsIpv6"":""false"",""DestinationHostname"":""-"",""DestinationPortName"":""-"",""LOADED_AT"":""2026-09-27 02:16:38.599""}"
2026-10-01 09:04:16.000000,sysmon,bastion-01,,,,,process_terminate,5,/usr/bin/python3.12,41324,{00000000-7e95-7527-9563-49af2c4d2b8e},,,,,,,,,1001619,"<Event><System><Provider Name=""Linux-Sysmon"" Guid=""{ff032593-a8d3-4f13-b0d6-01fc615a0f97}""/><EventID>5</EventID><Version>3</Version><Level>4</Level><Task>5</Task><Opcode>0</Opcode><Keywords>0x8000000000000000</Keywords><TimeCreated SystemTime=""2026-10-01T09:04:16.000000000Z""/><EventRecordID>1001619</EventRecordID><Correlation/><Execution ProcessID=""1542964"" ThreadID=""1542964""/><Channel>Linux-Sysmon/Operational</Channel><Computer>bastion-01</Computer><Security UserId=""0""/></System><EventData><Data Name=""RuleName"">ProcessTerminate</Data><Data Name=""UtcTime"">2026-10-01 09:04:16.000</Data><Data Name=""ProcessGuid"">{00000000-7e95-7527-9563-49af2c4d2b8e}</Data><Data Name=""ProcessId"">41324</Data><Data Name=""Image"">/usr/bin/python3.12</Data><Data Name=""User"">-</Data></EventData></Event>","{""Provider_Name"":""Linux-Sysmon"",""Provider_Guid"":""{ff032593-a8d3-4f13-b0d6-01fc615a0f97}"",""Version"":""3"",""Level"":""4"",""Task"":""5"",""Opcode"":""0"",""Keywords"":""0x8000000000000000"",""TimeCreated_SystemTime"":""2026-10-01T09:04:16.000000000Z"",""Execution_ProcessID"":""1542964"",""Execution_ThreadID"":""1542964"",""Channel"":""Linux-Sysmon/Operational"",""Security_UserId"":""0"",""RuleName"":""ProcessTerminate"",""LOADED_AT"":""2026-09-27 02:16:38.599""}"
2026-10-01 09:04:27.000000,sysmon,app-01,root,,,,process_create,1,/usr/bin/python3.12,41328,{00000000-e2de-56c3-4b5b-6def11c72e22},python3.12 /opt/healthcheck/probe.py,/opt/healthcheck,{00000000-ddc4-5e66-6a65-f4c5f999bd53},41329,/usr/bin/python3.12,python3.12,root,,1001622,"<Event><System><Provider Name=""Linux-Sysmon"" Guid=""{ff032593-a8d3-4f13-b0d6-01fc615a0f97}""/><EventID>1</EventID><Version>5</Version><Level>4</Level><Task>1</Task><Opcode>0</Opcode><Keywords>0x8000000000000000</Keywords><TimeCreated SystemTime=""2026-10-01T09:04:27.000000000Z""/><EventRecordID>1001622</EventRecordID><Correlation/><Execution ProcessID=""1542964"" ThreadID=""1542964""/><Channel>Linux-Sysmon/Operational</Channel><Computer>app-01</Computer><Security UserId=""0""/></System><EventData><Data Name=""RuleName"">ProcessCreate</Data><Data Name=""UtcTime"">2026-10-01 09:04:27.000</Data><Data Name=""ProcessGuid"">{00000000-e2de-56c3-4b5b-6def11c72e22}</Data><Data Name=""ProcessId"">41328</Data><Data Name=""Image"">/usr/bin/python3.12</Data><Data Name=""FileVersion"">-</Data><Data Name=""Description"">-</Data><Data Name=""Product"">-</Data><Data Name=""Company"">-</Data><Data Name=""OriginalFileName"">-</Data><Data Name=""CommandLine"">python3.12 /opt/healthcheck/probe.py</Data><Data Name=""CurrentDirectory"">/opt/healthcheck</Data><Data Name=""User"">root</Data><Data Name=""LogonGuid"">{00000000-0000-0000-0000-000000000000}</Data><Data Name=""LogonId"">0</Data><Data Name=""TerminalSessionId"">4294967295</Data><Data Name=""IntegrityLevel"">no level</Data><Data Name=""Hashes"">-</Data><Data Name=""ParentProcessGuid"">{00000000-ddc4-5e66-6a65-f4c5f999bd53}</Data><Data Name=""ParentProcessId"">41329</Data><Data Name=""ParentImage"">/usr/bin/python3.12</Data><Data Name=""ParentCommandLine"">python3.12</Data><Data Name=""ParentUser"">root</Data></EventData></Event>","{""Provider_Name"":""Linux-Sysmon"",""Provider_Guid"":""{ff032593-a8d3-4f13-b0d6-01fc615a0f97}"",""Version"":""5"",""Level"":""4"",""Task"":""1"",""Opcode"":""0"",""Keywords"":""0x8000000000000000"",""TimeCreated_SystemTime"":""2026-10-01T09:04:27.000000000Z"",""Execution_ProcessID"":""1542964"",""Execution_ThreadID"":""1542964"",""Channel"":""Linux-Sysmon/Operational"",""Security_UserId"":""0"",""RuleName"":""ProcessCreate"",""FileVersion"":""-"",""Description"":""-"",""Product"":""-"",""Company"":""-"",""OriginalFileName"":""-"",""LogonGuid"":""{00000000-0000-0000-0000-000000000000}"",""LogonId"":""0"",""TerminalSessionId"":""4294967295"",""IntegrityLevel"":""no level"",""Hashes"":""-"",""LOADED_AT"":""2026-09-27 02:16:38.599""}"
2026-10-01 09:04:27.300000,sysmon,app-01,root,10.10.1.20,10.10.1.30,80,network_connect,3,/usr/bin/python3.12,41330,{00000000-e6d3-ddd1-ed63-bcac9daaf9ba},,,,,,,,,1001624,"<Event><System><Provider Name=""Linux-Sysmon"" Guid=""{ff032593-a8d3-4f13-b0d6-01fc615a0f97}""/><EventID>3</EventID><Version>5</Version><Level>4</Level><Task>3</Task><Opcode>0</Opcode><Keywords>0x8000000000000000</Keywords><TimeCreated SystemTime=""2026-10-01T09:04:27.300000000Z""/><EventRecordID>1001624</EventRecordID><Correlation/><Execution ProcessID=""1542964"" ThreadID=""1542964""/><Channel>Linux-Sysmon/Operational</Channel><Computer>app-01</Computer><Security UserId=""0""/></System><EventData><Data Name=""RuleName"">NetworkConnect</Data><Data Name=""UtcTime"">2026-10-01 09:04:27.300</Data><Data Name=""ProcessGuid"">{00000000-e6d3-ddd1-ed63-bcac9daaf9ba}</Data><Data Name=""ProcessId"">41330</Data><Data Name=""Image"">/usr/bin/python3.12</Data><Data Name=""User"">root</Data><Data Name=""Protocol"">tcp</Data><Data Name=""Initiated"">true</Data><Data Name=""SourceIsIpv6"">false</Data><Data Name=""SourceIp"">10.10.1.20</Data><Data Name=""SourceHostname"">-</Data><Data Name=""SourcePort"">49279</Data><Data Name=""SourcePortName"">-</Data><Data Name=""DestinationIsIpv6"">false</Data><Data Name=""DestinationIp"">10.10.1.30</Data><Data Name=""DestinationHostname"">-</Data><Data Name=""DestinationPort"">80</Data><Data Name=""DestinationPortName"">-</Data></EventData></Event>","{""Provider_Name"":""Linux-Sysmon"",""Provider_Guid"":""{ff032593-a8d3-4f13-b0d6-01fc615a0f97}"",""Version"":""5"",""Level"":""4"",""Task"":""3"",""Opcode"":""0"",""Keywords"":""0x8000000000000000"",""TimeCreated_SystemTime"":""2026-10-01T09:04:27.300000000Z"",""Execution_ProcessID"":""1542964"",""Execution_ThreadID"":""1542964"",""Channel"":""Linux-Sysmon/Operational"",""Security_UserId"":""0"",""RuleName"":""NetworkConnect"",""Protocol"":""tcp"",""Initiated"":""true"",""SourceIsIpv6"":""false"",""SourceHostname"":""-"",""SourcePort"":""49279"",""SourcePortName"":""-"",""DestinationIsIpv6"":""false"",""DestinationHostname"":""-"",""DestinationPortName"":""-"",""LOADED_AT"":""2026-09-27 02:16:38.599""}"
2026-10-01 09:04:28.000000,sysmon,app-01,,,,,process_terminate,5,/usr/bin/python3.12,41328,{00000000-e2de-56c3-4b5b-6def11c72e22},,,,,,,,,1001623,"<Event><System><Provider Name=""Linux-Sysmon"" Guid=""{ff032593-a8d3-4f13-b0d6-01fc615a0f97}""/><EventID>5</EventID><Version>3</Version><Level>4</Level><Task>5</Task><Opcode>0</Opcode><Keywords>0x8000000000000000</Keywords><TimeCreated SystemTime=""2026-10-01T09:04:28.000000000Z""/><EventRecordID>1001623</EventRecordID><Correlation/><Execution ProcessID=""1542964"" ThreadID=""1542964""/><Channel>Linux-Sysmon/Operational</Channel><Computer>app-01</Computer><Security UserId=""0""/></System><EventData><Data Name=""RuleName"">ProcessTerminate</Data><Data Name=""UtcTime"">2026-10-01 09:04:28.000</Data><Data Name=""ProcessGuid"">{00000000-e2de-56c3-4b5b-6def11c72e22}</Data><Data Name=""ProcessId"">41328</Data><Data Name=""Image"">/usr/bin/python3.12</Data><Data Name=""User"">-</Data></EventData></Event>","{""Provider_Name"":""Linux-Sysmon"",""Provider_Guid"":""{ff032593-a8d3-4f13-b0d6-01fc615a0f97}"",""Version"":""3"",""Level"":""4"",""Task"":""5"",""Opcode"":""0"",""Keywords"":""0x8000000000000000"",""TimeCreated_SystemTime"":""2026-10-01T09:04:28.000000000Z"",""Execution_ProcessID"":""1542964"",""Execution_ThreadID"":""1542964"",""Channel"":""Linux-Sysmon/Operational"",""Security_UserId"":""0"",""RuleName"":""ProcessTerminate"",""LOADED_AT"":""2026-09-27 02:16:38.599""}"
2026-10-01 09:04:38.000000,sysmon,node-01,root,10.10.1.40,10.10.1.30,443,network_connect,3,/usr/sbin/nginx,41332,{00000000-feb3-fc7f-89d6-1e30e6d4530b},,,,,,,,,1001626,"<Event><System><Provider Name=""Linux-Sysmon"" Guid=""{ff032593-a8d3-4f13-b0d6-01fc615a0f97}""/><EventID>3</EventID><Version>5</Version><Level>4</Level><Task>3</Task><Opcode>0</Opcode><Keywords>0x8000000000000000</Keywords><TimeCreated SystemTime=""2026-10-01T09:04:38.000000000Z""/><EventRecordID>1001626</EventRecordID><Correlation/><Execution ProcessID=""1542964"" ThreadID=""1542964""/><Channel>Linux-Sysmon/Operational</Channel><Computer>node-01</Computer><Security UserId=""0""/></System><EventData><Data Name=""RuleName"">NetworkConnect</Data><Data Name=""UtcTime"">2026-10-01 09:04:38.000</Data><Data Name=""ProcessGuid"">{00000000-feb3-fc7f-89d6-1e30e6d4530b}</Data><Data Name=""ProcessId"">41332</Data><Data Name=""Image"">/usr/sbin/nginx</Data><Data Name=""User"">root</Data><Data Name=""Protocol"">tcp</Data><Data Name=""Initiated"">true</Data><Data Name=""SourceIsIpv6"">false</Data><Data Name=""SourceIp"">10.10.1.40</Data><Data Name=""SourceHostname"">-</Data><Data Name=""SourcePort"">41288</Data><Data Name=""SourcePortName"">-</Data><Data Name=""DestinationIsIpv6"">false</Data><Data Name=""DestinationIp"">10.10.1.30</Data><Data Name=""DestinationHostname"">-</Data><Data Name=""DestinationPort"">443</Data><Data Name=""DestinationPortName"">-</Data></EventData></Event>","{""Provider_Name"":""Linux-Sysmon"",""Provider_Guid"":""{ff032593-a8d3-4f13-b0d6-01fc615a0f97}"",""Version"":""5"",""Level"":""4"",""Task"":""3"",""Opcode"":""0"",""Keywords"":""0x8000000000000000"",""TimeCreated_SystemTime"":""2026-10-01T09:04:38.000000000Z"",""Execution_ProcessID"":""1542964"",""Execution_ThreadID"":""1542964"",""Channel"":""Linux-Sysmon/Operational"",""Security_UserId"":""0"",""RuleName"":""NetworkConnect"",""Protocol"":""tcp"",""Initiated"":""true"",""SourceIsIpv6"":""false"",""SourceHostname"":""-"",""SourcePort"":""41288"",""SourcePortName"":""-"",""DestinationIsIpv6"":""false"",""DestinationHostname"":""-"",""DestinationPortName"":""-"",""LOADED_AT"":""2026-09-27 02:16:38.599""}"
2026-10-01 09:11:14.000000,sysmon,bastion-01,root,10.10.1.10,10.10.1.30,443,network_connect,3,/usr/sbin/nginx,41327,{00000000-1bde-6536-286d-afe9e90ae978},,,,,,,,,1001621,"<Event><System><Provider Name=""Linux-Sysmon"" Guid=""{ff032593-a8d3-4f13-b0d6-01fc615a0f97}""/><EventID>3</EventID><Version>5</Version><Level>4</Level><Task>3</Task><Opcode>0</Opcode><Keywords>0x8000000000000000</Keywords><TimeCreated SystemTime=""2026-10-01T09:11:14.000000000Z""/><EventRecordID>1001621</EventRecordID><Correlation/><Execution ProcessID=""1542964"" ThreadID=""1542964""/><Channel>Linux-Sysmon/Operational</Channel><Computer>bastion-01</Computer><Security UserId=""0""/></System><EventData><Data Name=""RuleName"">NetworkConnect</Data><Data Name=""UtcTime"">2026-10-01 09:11:14.000</Data><Data Name=""ProcessGuid"">{00000000-1bde-6536-286d-afe9e90ae978}</Data><Data Name=""ProcessId"">41327</Data><Data Name=""Image"">/usr/sbin/nginx</Data><Data Name=""User"">root</Data><Data Name=""Protocol"">tcp</Data><Data Name=""Initiated"">true</Data><Data Name=""SourceIsIpv6"">false</Data><Data Name=""SourceIp"">10.10.1.10</Data><Data Name=""SourceHostname"">-</Data><Data Name=""SourcePort"">41626</Data><Data Name=""SourcePortName"">-</Data><Data Name=""DestinationIsIpv6"">false</Data><Data Name=""DestinationIp"">10.10.1.30</Data><Data Name=""DestinationHostname"">-</Data><Data Name=""DestinationPort"">443</Data><Data Name=""DestinationPortName"">-</Data></EventData></Event>","{""Provider_Name"":""Linux-Sysmon"",""Provider_Guid"":""{ff032593-a8d3-4f13-b0d6-01fc615a0f97}"",""Version"":""5"",""Level"":""4"",""Task"":""3"",""Opcode"":""0"",""Keywords"":""0x8000000000000000"",""TimeCreated_SystemTime"":""2026-10-01T09:11:14.000000000Z"",""Execution_ProcessID"":""1542964"",""Execution_ThreadID"":""1542964"",""Channel"":""Linux-Sysmon/Operational"",""Security_UserId"":""0"",""RuleName"":""NetworkConnect"",""Protocol"":""tcp"",""Initiated"":""true"",""SourceIsIpv6"":""false"",""SourceHostname"":""-"",""SourcePort"":""41626"",""SourcePortName"":""-"",""DestinationIsIpv6"":""false"",""DestinationHostname"":""-"",""DestinationPortName"":""-"",""LOADED_AT"":""2026-09-27 02:16:38.599""}"
2026-10-01 09:13:01.000000,sysmon,node-01,root,,,,file_create,11,/usr/bin/python3.12,41333,{00000000-a326-ef56-262f-52623c7d6fa7},,,,,,,,/tmp/health-197360,1001627,"<Event><System><Provider Name=""Linux-Sysmon"" Guid=""{ff032593-a8d3-4f13-b0d6-01fc615a0f97}""/><EventID>11</EventID><Version>2</Version><Level>4</Level><Task>11</Task><Opcode>0</Opcode><Keywords>0x8000000000000000</Keywords><TimeCreated SystemTime=""2026-10-01T09:13:01.000000000Z""/><EventRecordID>1001627</EventRecordID><Correlation/><Execution ProcessID=""1542964"" ThreadID=""1542964""/><Channel>Linux-Sysmon/Operational</Channel><Computer>node-01</Computer><Security UserId=""0""/></System><EventData><Data Name=""RuleName"">FileCreate</Data><Data Name=""UtcTime"">2026-10-01 09:13:01.000</Data><Data Name=""ProcessGuid"">{00000000-a326-ef56-262f-52623c7d6fa7}</Data><Data Name=""ProcessId"">41333</Data><Data Name=""Image"">/usr/bin/python3.12</Data><Data Name=""TargetFilename"">/tmp/health-197360</Data><Data Name=""CreationUtcTime"">2026-10-01 09:13:01.000</Data><Data Name=""User"">root</Data></EventData></Event>","{""Provider_Name"":""Linux-Sysmon"",""Provider_Guid"":""{ff032593-a8d3-4f13-b0d6-01fc615a0f97}"",""Version"":""2"",""Level"":""4"",""Task"":""11"",""Opcode"":""0"",""Keywords"":""0x8000000000000000"",""TimeCreated_SystemTime"":""2026-10-01T09:13:01.000000000Z"",""Execution_ProcessID"":""1542964"",""Execution_ThreadID"":""1542964"",""Channel"":""Linux-Sysmon/Operational"",""Security_UserId"":""0"",""RuleName"":""FileCreate"",""CreationUtcTime"":""2026-10-01 09:13:01.000"",""LOADED_AT"":""2026-09-27 02:16:38.599""}"
2026-10-01 09:13:51.000000,sysmon,web-01,syslog,10.10.1.30,10.10.1.20,443,network_connect,3,/usr/local/nginx/sbin/nginx,41331,{00000000-a51e-c89b-42e5-9b2d7f6b91c4},,,,,,,,,1001625,"<Event><System><Provider Name=""Linux-Sysmon"" Guid=""{ff032593-a8d3-4f13-b0d6-01fc615a0f97}""/><EventID>3</EventID><Version>5</Version><Level>4</Level><Task>3</Task><Opcode>0</Opcode><Keywords>0x8000000000000000</Keywords><TimeCreated SystemTime=""2026-10-01T09:13:51.000000000Z""/><EventRecordID>1001625</EventRecordID><Correlation/><Execution ProcessID=""1542964"" ThreadID=""1542964""/><Channel>Linux-Sysmon/Operational</Channel><Computer>web-01</Computer><Security UserId=""0""/></System><EventData><Data Name=""RuleName"">NetworkConnect</Data><Data Name=""UtcTime"">2026-10-01 09:13:51.000</Data><Data Name=""ProcessGuid"">{00000000-a51e-c89b-42e5-9b2d7f6b91c4}</Data><Data Name=""ProcessId"">41331</Data><Data Name=""Image"">/usr/local/nginx/sbin/nginx</Data><Data Name=""User"">syslog</Data><Data Name=""Protocol"">tcp</Data><Data Name=""Initiated"">true</Data><Data Name=""SourceIsIpv6"">false</Data><Data Name=""SourceIp"">10.10.1.30</Data><Data Name=""SourceHostname"">-</Data><Data Name=""SourcePort"">36220</Data><Data Name=""SourcePortName"">-</Data><Data Name=""DestinationIsIpv6"">false</Data><Data Name=""DestinationIp"">10.10.1.20</Data><Data Name=""DestinationHostname"">-</Data><Data Name=""DestinationPort"">443</Data><Data Name=""DestinationPortName"">-</Data></EventData></Event>","{""Provider_Name"":""Linux-Sysmon"",""Provider_Guid"":""{ff032593-a8d3-4f13-b0d6-01fc615a0f97}"",""Version"":""5"",""Level"":""4"",""Task"":""3"",""Opcode"":""0"",""Keywords"":""0x8000000000000000"",""TimeCreated_SystemTime"":""2026-10-01T09:13:51.000000000Z"",""Execution_ProcessID"":""1542964"",""Execution_ThreadID"":""1542964"",""Channel"":""Linux-Sysmon/Operational"",""Security_UserId"":""0"",""RuleName"":""NetworkConnect"",""Protocol"":""tcp"",""Initiated"":""true"",""SourceIsIpv6"":""false"",""SourceHostname"":""-"",""SourcePort"":""36220"",""SourcePortName"":""-"",""DestinationIsIpv6"":""false"",""DestinationHostname"":""-"",""DestinationPortName"":""-"",""LOADED_AT"":""2026-09-27 02:16:38.599""}"
2026-10-01 09:18:36.000000,sysmon,node-01,root,,,,process_create,1,/usr/bin/dash,41334,{00000000-ba68-f348-f6ba-a34f65570663},dash /opt/healthcheck/rotate.sh,/opt/healthcheck,{00000000-cdaf-deac-4f14-3fd26b030c7b},41335,/usr/bin/dash,dash,root,,1001628,"<Event><System><Provider Name=""Linux-Sysmon"" Guid=""{ff032593-a8d3-4f13-b0d6-01fc615a0f97}""/><EventID>1</EventID><Version>5</Version><Level>4</Level><Task>1</Task><Opcode>0</Opcode><Keywords>0x8000000000000000</Keywords><TimeCreated SystemTime=""2026-10-01T09:18:36.000000000Z""/><EventRecordID>1001628</EventRecordID><Correlation/><Execution ProcessID=""1542964"" ThreadID=""1542964""/><Channel>Linux-Sysmon/Operational</Channel><Computer>node-01</Computer><Security UserId=""0""/></System><EventData><Data Name=""RuleName"">ProcessCreate</Data><Data Name=""UtcTime"">2026-10-01 09:18:36.000</Data><Data Name=""ProcessGuid"">{00000000-ba68-f348-f6ba-a34f65570663}</Data><Data Name=""ProcessId"">41334</Data><Data Name=""Image"">/usr/bin/dash</Data><Data Name=""FileVersion"">-</Data><Data Name=""Description"">-</Data><Data Name=""Product"">-</Data><Data Name=""Company"">-</Data><Data Name=""OriginalFileName"">-</Data><Data Name=""CommandLine"">dash /opt/healthcheck/rotate.sh</Data><Data Name=""CurrentDirectory"">/opt/healthcheck</Data><Data Name=""User"">root</Data><Data Name=""LogonGuid"">{00000000-0000-0000-0000-000000000000}</Data><Data Name=""LogonId"">0</Data><Data Name=""TerminalSessionId"">4294967295</Data><Data Name=""IntegrityLevel"">no level</Data><Data Name=""Hashes"">-</Data><Data Name=""ParentProcessGuid"">{00000000-cdaf-deac-4f14-3fd26b030c7b}</Data><Data Name=""ParentProcessId"">41335</Data><Data Name=""ParentImage"">/usr/bin/dash</Data><Data Name=""ParentCommandLine"">dash</Data><Data Name=""ParentUser"">root</Data></EventData></Event>","{""Provider_Name"":""Linux-Sysmon"",""Provider_Guid"":""{ff032593-a8d3-4f13-b0d6-01fc615a0f97}"",""Version"":""5"",""Level"":""4"",""Task"":""1"",""Opcode"":""0"",""Keywords"":""0x8000000000000000"",""TimeCreated_SystemTime"":""2026-10-01T09:18:36.000000000Z"",""Execution_ProcessID"":""1542964"",""Execution_ThreadID"":""1542964"",""Channel"":""Linux-Sysmon/Operational"",""Security_UserId"":""0"",""RuleName"":""ProcessCreate"",""FileVersion"":""-"",""Description"":""-"",""Product"":""-"",""Company"":""-"",""OriginalFileName"":""-"",""LogonGuid"":""{00000000-0000-0000-0000-000000000000}"",""LogonId"":""0"",""TerminalSessionId"":""4294967295"",""IntegrityLevel"":""no level"",""Hashes"":""-"",""LOADED_AT"":""2026-09-27 02:16:38.599""}"
2026-10-01 09:18:37.000000,sysmon,node-01,,,,,process_terminate,5,/usr/bin/dash,41334,{00000000-ba68-f348-f6ba-a34f65570663},,,,,,,,,1001629,"<Event><System><Provider Name=""Linux-Sysmon"" Guid=""{ff032593-a8d3-4f13-b0d6-01fc615a0f97}""/><EventID>5</EventID><Version>3</Version><Level>4</Level><Task>5</Task><Opcode>0</Opcode><Keywords>0x8000000000000000</Keywords><TimeCreated SystemTime=""2026-10-01T09:18:37.000000000Z""/><EventRecordID>1001629</EventRecordID><Correlation/><Execution ProcessID=""1542964"" ThreadID=""1542964""/><Channel>Linux-Sysmon/Operational</Channel><Computer>node-01</Computer><Security UserId=""0""/></System><EventData><Data Name=""RuleName"">ProcessTerminate</Data><Data Name=""UtcTime"">2026-10-01 09:18:37.000</Data><Data Name=""ProcessGuid"">{00000000-ba68-f348-f6ba-a34f65570663}</Data><Data Name=""ProcessId"">41334</Data><Data Name=""Image"">/usr/bin/dash</Data><Data Name=""User"">-</Data></EventData></Event>","{""Provider_Name"":""Linux-Sysmon"",""Provider_Guid"":""{ff032593-a8d3-4f13-b0d6-01fc615a0f97}"",""Version"":""3"",""Level"":""4"",""Task"":""5"",""Opcode"":""0"",""Keywords"":""0x8000000000000000"",""TimeCreated_SystemTime"":""2026-10-01T09:18:37.000000000Z"",""Execution_ProcessID"":""1542964"",""Execution_ThreadID"":""1542964"",""Channel"":""Linux-Sysmon/Operational"",""Security_UserId"":""0"",""RuleName"":""ProcessTerminate"",""LOADED_AT"":""2026-09-27 02:16:38.599""}"
2026-10-01 10:04:59.000000,sysmon,bastion-01,root,10.10.1.10,10.10.1.30,80,network_connect,3,/usr/sbin/nginx,41336,{00000000-df42-90d5-6608-3f1b842c0577},,,,,,,,,1001630,"<Event><System><Provider Name=""Linux-Sysmon"" Guid=""{ff032593-a8d3-4f13-b0d6-01fc615a0f97}""/><EventID>3</EventID><Version>5</Version><Level>4</Level><Task>3</Task><Opcode>0</Opcode><Keywords>0x8000000000000000</Keywords><TimeCreated SystemTime=""2026-10-01T10:04:59.000000000Z""/><EventRecordID>1001630</EventRecordID><Correlation/><Execution ProcessID=""1542964"" ThreadID=""1542964""/><Channel>Linux-Sysmon/Operational</Channel><Computer>bastion-01</Computer><Security UserId=""0""/></System><EventData><Data Name=""RuleName"">NetworkConnect</Data><Data Name=""UtcTime"">2026-10-01 10:04:59.000</Data><Data Name=""ProcessGuid"">{00000000-df42-90d5-6608-3f1b842c0577}</Data><Data Name=""ProcessId"">41336</Data><Data Name=""Image"">/usr/sbin/nginx</Data><Data Name=""User"">root</Data><Data Name=""Protocol"">tcp</Data><Data Name=""Initiated"">true</Data><Data Name=""SourceIsIpv6"">false</Data><Data Name=""SourceIp"">10.10.1.10</Data><Data Name=""SourceHostname"">-</Data><Data Name=""SourcePort"">39262</Data><Data Name=""SourcePortName"">-</Data><Data Name=""DestinationIsIpv6"">false</Data><Data Name=""DestinationIp"">10.10.1.30</Data><Data Name=""DestinationHostname"">-</Data><Data Name=""DestinationPort"">80</Data><Data Name=""DestinationPortName"">-</Data></EventData></Event>","{""Provider_Name"":""Linux-Sysmon"",""Provider_Guid"":""{ff032593-a8d3-4f13-b0d6-01fc615a0f97}"",""Version"":""5"",""Level"":""4"",""Task"":""3"",""Opcode"":""0"",""Keywords"":""0x8000000000000000"",""TimeCreated_SystemTime"":""2026-10-01T10:04:59.000000000Z"",""Execution_ProcessID"":""1542964"",""Execution_ThreadID"":""1542964"",""Channel"":""Linux-Sysmon/Operational"",""Security_UserId"":""0"",""RuleName"":""NetworkConnect"",""Protocol"":""tcp"",""Initiated"":""true"",""SourceIsIpv6"":""false"",""SourceHostname"":""-"",""SourcePort"":""39262"",""SourcePortName"":""-"",""DestinationIsIpv6"":""false"",""DestinationHostname"":""-"",""DestinationPortName"":""-"",""LOADED_AT"":""2026-09-27 02:16:38.599""}"
2026-10-01 10:07:16.000000,sysmon,web-01,syslog,10.10.1.30,10.10.1.20,80,network_connect,3,/usr/local/nginx/sbin/nginx,41338,{00000000-5e6d-8e4d-6391-cb6cf9d23642},,,,,,,,,1001632,"<Event><System><Provider Name=""Linux-Sysmon"" Guid=""{ff032593-a8d3-4f13-b0d6-01fc615a0f97}""/><EventID>3</EventID><Version>5</Version><Level>4</Level><Task>3</Task><Opcode>0</Opcode><Keywords>0x8000000000000000</Keywords><TimeCreated SystemTime=""2026-10-01T10:07:16.000000000Z""/><EventRecordID>1001632</EventRecordID><Correlation/><Execution ProcessID=""1542964"" ThreadID=""1542964""/><Channel>Linux-Sysmon/Operational</Channel><Computer>web-01</Computer><Security UserId=""0""/></System><EventData><Data Name=""RuleName"">NetworkConnect</Data><Data Name=""UtcTime"">2026-10-01 10:07:16.000</Data><Data Name=""ProcessGuid"">{00000000-5e6d-8e4d-6391-cb6cf9d23642}</Data><Data Name=""ProcessId"">41338</Data><Data Name=""Image"">/usr/local/nginx/sbin/nginx</Data><Data Name=""User"">syslog</Data><Data Name=""Protocol"">tcp</Data><Data Name=""Initiated"">true</Data><Data Name=""SourceIsIpv6"">false</Data><Data Name=""SourceIp"">10.10.1.30</Data><Data Name=""SourceHostname"">-</Data><Data Name=""SourcePort"">39460</Data><Data Name=""SourcePortName"">-</Data><Data Name=""DestinationIsIpv6"">false</Data><Data Name=""DestinationIp"">10.10.1.20</Data><Data Name=""DestinationHostname"">-</Data><Data Name=""DestinationPort"">80</Data><Data Name=""DestinationPortName"">-</Data></EventData></Event>","{""Provider_Name"":""Linux-Sysmon"",""Provider_Guid"":""{ff032593-a8d3-4f13-b0d6-01fc615a0f97}"",""Version"":""5"",""Level"":""4"",""Task"":""3"",""Opcode"":""0"",""Keywords"":""0x8000000000000000"",""TimeCreated_SystemTime"":""2026-10-01T10:07:16.000000000Z"",""Execution_ProcessID"":""1542964"",""Execution_ThreadID"":""1542964"",""Channel"":""Linux-Sysmon/Operational"",""Security_UserId"":""0"",""RuleName"":""NetworkConnect"",""Protocol"":""tcp"",""Initiated"":""true"",""SourceIsIpv6"":""false"",""SourceHostname"":""-"",""SourcePort"":""39460"",""SourcePortName"":""-"",""DestinationIsIpv6"":""false"",""DestinationHostname"":""-"",""DestinationPortName"":""-"",""LOADED_AT"":""2026-09-27 02:16:38.599""}"
2026-10-01 10:08:32.000000,sysmon,app-01,root,10.10.1.20,10.10.1.30,443,network_connect,3,/usr/sbin/nginx,41337,{00000000-895f-1e93-68d0-c881f72f4d62},,,,,,,,,1001631,"<Event><System><Provider Name=""Linux-Sysmon"" Guid=""{ff032593-a8d3-4f13-b0d6-01fc615a0f97}""/><EventID>3</EventID><Version>5</Version><Level>4</Level><Task>3</Task><Opcode>0</Opcode><Keywords>0x8000000000000000</Keywords><TimeCreated SystemTime=""2026-10-01T10:08:32.000000000Z""/><EventRecordID>1001631</EventRecordID><Correlation/><Execution ProcessID=""1542964"" ThreadID=""1542964""/><Channel>Linux-Sysmon/Operational</Channel><Computer>app-01</Computer><Security UserId=""0""/></System><EventData><Data Name=""RuleName"">NetworkConnect</Data><Data Name=""UtcTime"">2026-10-01 10:08:32.000</Data><Data Name=""ProcessGuid"">{00000000-895f-1e93-68d0-c881f72f4d62}</Data><Data Name=""ProcessId"">41337</Data><Data Name=""Image"">/usr/sbin/nginx</Data><Data Name=""User"">root</Data><Data Name=""Protocol"">tcp</Data><Data Name=""Initiated"">true</Data><Data Name=""SourceIsIpv6"">false</Data><Data Name=""SourceIp"">10.10.1.20</Data><Data Name=""SourceHostname"">-</Data><Data Name=""SourcePort"">37317</Data><Data Name=""SourcePortName"">-</Data><Data Name=""DestinationIsIpv6"">false</Data><Data Name=""DestinationIp"">10.10.1.30</Data><Data Name=""DestinationHostname"">-</Data><Data Name=""DestinationPort"">443</Data><Data Name=""DestinationPortName"">-</Data></EventData></Event>","{""Provider_Name"":""Linux-Sysmon"",""Provider_Guid"":""{ff032593-a8d3-4f13-b0d6-01fc615a0f97}"",""Version"":""5"",""Level"":""4"",""Task"":""3"",""Opcode"":""0"",""Keywords"":""0x8000000000000000"",""TimeCreated_SystemTime"":""2026-10-01T10:08:32.000000000Z"",""Execution_ProcessID"":""1542964"",""Execution_ThreadID"":""1542964"",""Channel"":""Linux-Sysmon/Operational"",""Security_UserId"":""0"",""RuleName"":""NetworkConnect"",""Protocol"":""tcp"",""Initiated"":""true"",""SourceIsIpv6"":""false"",""SourceHostname"":""-"",""SourcePort"":""37317"",""SourcePortName"":""-"",""DestinationIsIpv6"":""false"",""DestinationHostname"":""-"",""DestinationPortName"":""-"",""LOADED_AT"":""2026-09-27 02:16:38.599""}"
2026-10-01 11:03:40.000000,sysmon,app-01,root,,,,process_create,1,/usr/bin/python3.12,41340,{00000000-8b93-0142-c0c4-9632333ed083},python3.12 /opt/healthcheck/probe.py,/opt/healthcheck,{00000000-23f6-15d0-ae30-519dffe045ba},41341,/usr/bin/python3.12,python3.12,root,,1001634,"<Event><System><Provider Name=""Linux-Sysmon"" Guid=""{ff032593-a8d3-4f13-b0d6-01fc615a0f97}""/><EventID>1</EventID><Version>5</Version><Level>4</Level><Task>1</Task><Opcode>0</Opcode><Keywords>0x8000000000000000</Keywords><TimeCreated SystemTime=""2026-10-01T11:03:40.000000000Z""/><EventRecordID>1001634</EventRecordID><Correlation/><Execution ProcessID=""1542964"" ThreadID=""1542964""/><Channel>Linux-Sysmon/Operational</Channel><Computer>app-01</Computer><Security UserId=""0""/></System><EventData><Data Name=""RuleName"">ProcessCreate</Data><Data Name=""UtcTime"">2026-10-01 11:03:40.000</Data><Data Name=""ProcessGuid"">{00000000-8b93-0142-c0c4-9632333ed083}</Data><Data Name=""ProcessId"">41340</Data><Data Name=""Image"">/usr/bin/python3.12</Data><Data Name=""FileVersion"">-</Data><Data Name=""Description"">-</Data><Data Name=""Product"">-</Data><Data Name=""Company"">-</Data><Data Name=""OriginalFileName"">-</Data><Data Name=""CommandLine"">python3.12 /opt/healthcheck/probe.py</Data><Data Name=""CurrentDirectory"">/opt/healthcheck</Data><Data Name=""User"">root</Data><Data Name=""LogonGuid"">{00000000-0000-0000-0000-000000000000}</Data><Data Name=""LogonId"">0</Data><Data Name=""TerminalSessionId"">4294967295</Data><Data Name=""IntegrityLevel"">no level</Data><Data Name=""Hashes"">-</Data><Data Name=""ParentProcessGuid"">{00000000-23f6-15d0-ae30-519dffe045ba}</Data><Data Name=""ParentProcessId"">41341</Data><Data Name=""ParentImage"">/usr/bin/python3.12</Data><Data Name=""ParentCommandLine"">python3.12</Data><Data Name=""ParentUser"">root</Data></EventData></Event>","{""Provider_Name"":""Linux-Sysmon"",""Provider_Guid"":""{ff032593-a8d3-4f13-b0d6-01fc615a0f97}"",""Version"":""5"",""Level"":""4"",""Task"":""1"",""Opcode"":""0"",""Keywords"":""0x8000000000000000"",""TimeCreated_SystemTime"":""2026-10-01T11:03:40.000000000Z"",""Execution_ProcessID"":""1542964"",""Execution_ThreadID"":""1542964"",""Channel"":""Linux-Sysmon/Operational"",""Security_UserId"":""0"",""RuleName"":""ProcessCreate"",""FileVersion"":""-"",""Description"":""-"",""Product"":""-"",""Company"":""-"",""OriginalFileName"":""-"",""LogonGuid"":""{00000000-0000-0000-0000-000000000000}"",""LogonId"":""0"",""TerminalSessionId"":""4294967295"",""IntegrityLevel"":""no level"",""Hashes"":""-"",""LOADED_AT"":""2026-09-27 02:16:38.599""}"
2026-10-01 11:03:40.300000,sysmon,app-01,root,10.10.1.20,10.10.1.30,80,network_connect,3,/usr/bin/python3.12,41342,{00000000-b9d2-546f-715a-6d0c28b8fa76},,,,,,,,,1001636,"<Event><System><Provider Name=""Linux-Sysmon"" Guid=""{ff032593-a8d3-4f13-b0d6-01fc615a0f97}""/><EventID>3</EventID><Version>5</Version><Level>4</Level><Task>3</Task><Opcode>0</Opcode><Keywords>0x8000000000000000</Keywords><TimeCreated SystemTime=""2026-10-01T11:03:40.300000000Z""/><EventRecordID>1001636</EventRecordID><Correlation/><Execution ProcessID=""1542964"" ThreadID=""1542964""/><Channel>Linux-Sysmon/Operational</Channel><Computer>app-01</Computer><Security UserId=""0""/></System><EventData><Data Name=""RuleName"">NetworkConnect</Data><Data Name=""UtcTime"">2026-10-01 11:03:40.300</Data><Data Name=""ProcessGuid"">{00000000-b9d2-546f-715a-6d0c28b8fa76}</Data><Data Name=""ProcessId"">41342</Data><Data Name=""Image"">/usr/bin/python3.12</Data><Data Name=""User"">root</Data><Data Name=""Protocol"">tcp</Data><Data Name=""Initiated"">true</Data><Data Name=""SourceIsIpv6"">false</Data><Data Name=""SourceIp"">10.10.1.20</Data><Data Name=""SourceHostname"">-</Data><Data Name=""SourcePort"">54909</Data><Data Name=""SourcePortName"">-</Data><Data Name=""DestinationIsIpv6"">false</Data><Data Name=""DestinationIp"">10.10.1.30</Data><Data Name=""DestinationHostname"">-</Data><Data Name=""DestinationPort"">80</Data><Data Name=""DestinationPortName"">-</Data></EventData></Event>","{""Provider_Name"":""Linux-Sysmon"",""Provider_Guid"":""{ff032593-a8d3-4f13-b0d6-01fc615a0f97}"",""Version"":""5"",""Level"":""4"",""Task"":""3"",""Opcode"":""0"",""Keywords"":""0x8000000000000000"",""TimeCreated_SystemTime"":""2026-10-01T11:03:40.300000000Z"",""Execution_ProcessID"":""1542964"",""Execution_ThreadID"":""1542964"",""Channel"":""Linux-Sysmon/Operational"",""Security_UserId"":""0"",""RuleName"":""NetworkConnect"",""Protocol"":""tcp"",""Initiated"":""true"",""SourceIsIpv6"":""false"",""SourceHostname"":""-"",""SourcePort"":""54909"",""SourcePortName"":""-"",""DestinationIsIpv6"":""false"",""DestinationHostname"":""-"",""DestinationPortName"":""-"",""LOADED_AT"":""2026-09-27 02:16:38.599""}"
2026-10-01 11:03:41.000000,sysmon,app-01,,,,,process_terminate,5,/usr/bin/python3.12,41340,{00000000-8b93-0142-c0c4-9632333ed083},,,,,,,,,1001635,"<Event><System><Provider Name=""Linux-Sysmon"" Guid=""{ff032593-a8d3-4f13-b0d6-01fc615a0f97}""/><EventID>5</EventID><Version>3</Version><Level>4</Level><Task>5</Task><Opcode>0</Opcode><Keywords>0x8000000000000000</Keywords><TimeCreated SystemTime=""2026-10-01T11:03:41.000000000Z""/><EventRecordID>1001635</EventRecordID><Correlation/><Execution ProcessID=""1542964"" ThreadID=""1542964""/><Channel>Linux-Sysmon/Operational</Channel><Computer>app-01</Computer><Security UserId=""0""/></System><EventData><Data Name=""RuleName"">ProcessTerminate</Data><Data Name=""UtcTime"">2026-10-01 11:03:41.000</Data><Data Name=""ProcessGuid"">{00000000-8b93-0142-c0c4-9632333ed083}</Data><Data Name=""ProcessId"">41340</Data><Data Name=""Image"">/usr/bin/python3.12</Data><Data Name=""User"">-</Data></EventData></Event>","{""Provider_Name"":""Linux-Sysmon"",""Provider_Guid"":""{ff032593-a8d3-4f13-b0d6-01fc615a0f97}"",""Version"":""3"",""Level"":""4"",""Task"":""5"",""Opcode"":""0"",""Keywords"":""0x8000000000000000"",""TimeCreated_SystemTime"":""2026-10-01T11:03:41.000000000Z"",""Execution_ProcessID"":""1542964"",""Execution_ThreadID"":""1542964"",""Channel"":""Linux-Sysmon/Operational"",""Security_UserId"":""0"",""RuleName"":""ProcessTerminate"",""LOADED_AT"":""2026-09-27 02:16:38.599""}"
2026-10-01 11:04:37.000000,sysmon,node-01,root,10.10.1.40,10.10.1.30,443,network_connect,3,/usr/sbin/nginx,41348,{00000000-56bd-0eba-f268-0725f30b07a2},,,,,,,,,1001642,"<Event><System><Provider Name=""Linux-Sysmon"" Guid=""{ff032593-a8d3-4f13-b0d6-01fc615a0f97}""/><EventID>3</EventID><Version>5</Version><Level>4</Level><Task>3</Task><Opcode>0</Opcode><Keywords>0x8000000000000000</Keywords><TimeCreated SystemTime=""2026-10-01T11:04:37.000000000Z""/><EventRecordID>1001642</EventRecordID><Correlation/><Execution ProcessID=""1542964"" ThreadID=""1542964""/><Channel>Linux-Sysmon/Operational</Channel><Computer>node-01</Computer><Security UserId=""0""/></System><EventData><Data Name=""RuleName"">NetworkConnect</Data><Data Name=""UtcTime"">2026-10-01 11:04:37.000</Data><Data Name=""ProcessGuid"">{00000000-56bd-0eba-f268-0725f30b07a2}</Data><Data Name=""ProcessId"">41348</Data><Data Name=""Image"">/usr/sbin/nginx</Data><Data Name=""User"">root</Data><Data Name=""Protocol"">tcp</Data><Data Name=""Initiated"">true</Data><Data Name=""SourceIsIpv6"">false</Data><Data Name=""SourceIp"">10.10.1.40</Data><Data Name=""SourceHostname"">-</Data><Data Name=""SourcePort"">40382</Data><Data Name=""SourcePortName"">-</Data><Data Name=""DestinationIsIpv6"">false</Data><Data Name=""DestinationIp"">10.10.1.30</Data><Data Name=""DestinationHostname"">-</Data><Data Name=""DestinationPort"">443</Data><Data Name=""DestinationPortName"">-</Data></EventData></Event>","{""Provider_Name"":""Linux-Sysmon"",""Provider_Guid"":""{ff032593-a8d3-4f13-b0d6-01fc615a0f97}"",""Version"":""5"",""Level"":""4"",""Task"":""3"",""Opcode"":""0"",""Keywords"":""0x8000000000000000"",""TimeCreated_SystemTime"":""2026-10-01T11:04:37.000000000Z"",""Execution_ProcessID"":""1542964"",""Execution_ThreadID"":""1542964"",""Channel"":""Linux-Sysmon/Operational"",""Security_UserId"":""0"",""RuleName"":""NetworkConnect"",""Protocol"":""tcp"",""Initiated"":""true"",""SourceIsIpv6"":""false"",""SourceHostname"":""-"",""SourcePort"":""40382"",""SourcePortName"":""-"",""DestinationIsIpv6"":""false"",""DestinationHostname"":""-"",""DestinationPortName"":""-"",""LOADED_AT"":""2026-09-27 02:16:38.599""}"
