2026-10-02 05:15:54.160000,sysmon,node-01,ops02,,,,process_create,1,/usr/bin/python3,40527,{00000000-978b-d2dc-5b27-5b23cb841a4f},python3 /opt/app/scripts/check.py,/home/ops02,{00000000-9aa3-43b0-62d1-83b4947a0de6},40528,/usr/bin/bash,bash,ops02,,1000659,"<Event><System><Provider Name=""Linux-Sysmon"" Guid=""{ff032593-a8d3-4f13-b0d6-01fc615a0f97}""/><EventID>1</EventID><Version>5</Version><Level>4</Level><Task>1</Task><Opcode>0</Opcode><Keywords>0x8000000000000000</Keywords><TimeCreated SystemTime=""2026-10-02T05:15:54.160169000Z""/><EventRecordID>1000659</EventRecordID><Correlation/><Execution ProcessID=""1542964"" ThreadID=""1542964""/><Channel>Linux-Sysmon/Operational</Channel><Computer>node-01</Computer><Security UserId=""0""/></System><EventData><Data Name=""RuleName"">ProcessCreate</Data><Data Name=""UtcTime"">2026-10-02 05:15:54.160</Data><Data Name=""ProcessGuid"">{00000000-978b-d2dc-5b27-5b23cb841a4f}</Data><Data Name=""ProcessId"">40527</Data><Data Name=""Image"">/usr/bin/python3</Data><Data Name=""FileVersion"">-</Data><Data Name=""Description"">-</Data><Data Name=""Product"">-</Data><Data Name=""Company"">-</Data><Data Name=""OriginalFileName"">-</Data><Data Name=""CommandLine"">python3 /opt/app/scripts/check.py</Data><Data Name=""CurrentDirectory"">/home/ops02</Data><Data Name=""User"">ops02</Data><Data Name=""LogonGuid"">{00000000-0000-0000-0000-000000000000}</Data><Data Name=""LogonId"">1001</Data><Data Name=""TerminalSessionId"">4294967295</Data><Data Name=""IntegrityLevel"">no level</Data><Data Name=""Hashes"">-</Data><Data Name=""ParentProcessGuid"">{00000000-9aa3-43b0-62d1-83b4947a0de6}</Data><Data Name=""ParentProcessId"">40528</Data><Data Name=""ParentImage"">/usr/bin/bash</Data><Data Name=""ParentCommandLine"">bash</Data><Data Name=""ParentUser"">ops02</Data></EventData></Event>","{""Provider_Name"":""Linux-Sysmon"",""Provider_Guid"":""{ff032593-a8d3-4f13-b0d6-01fc615a0f97}"",""Version"":""5"",""Level"":""4"",""Task"":""1"",""Opcode"":""0"",""Keywords"":""0x8000000000000000"",""TimeCreated_SystemTime"":""2026-10-02T05:15:54.160169000Z"",""Execution_ProcessID"":""1542964"",""Execution_ThreadID"":""1542964"",""Channel"":""Linux-Sysmon/Operational"",""Security_UserId"":""0"",""RuleName"":""ProcessCreate"",""FileVersion"":""-"",""Description"":""-"",""Product"":""-"",""Company"":""-"",""OriginalFileName"":""-"",""LogonGuid"":""{00000000-0000-0000-0000-000000000000}"",""LogonId"":""1001"",""TerminalSessionId"":""4294967295"",""IntegrityLevel"":""no level"",""Hashes"":""-"",""LOADED_AT"":""2026-09-27 02:16:38.599""}"
2026-10-02 05:15:56.160000,sysmon,node-01,,,,,process_terminate,5,/usr/bin/python3,40527,{00000000-978b-d2dc-5b27-5b23cb841a4f},,,,,,,,,1000660,"<Event><System><Provider Name=""Linux-Sysmon"" Guid=""{ff032593-a8d3-4f13-b0d6-01fc615a0f97}""/><EventID>5</EventID><Version>3</Version><Level>4</Level><Task>5</Task><Opcode>0</Opcode><Keywords>0x8000000000000000</Keywords><TimeCreated SystemTime=""2026-10-02T05:15:56.160169000Z""/><EventRecordID>1000660</EventRecordID><Correlation/><Execution ProcessID=""1542964"" ThreadID=""1542964""/><Channel>Linux-Sysmon/Operational</Channel><Computer>node-01</Computer><Security UserId=""0""/></System><EventData><Data Name=""RuleName"">ProcessTerminate</Data><Data Name=""UtcTime"">2026-10-02 05:15:56.160</Data><Data Name=""ProcessGuid"">{00000000-978b-d2dc-5b27-5b23cb841a4f}</Data><Data Name=""ProcessId"">40527</Data><Data Name=""Image"">/usr/bin/python3</Data><Data Name=""User"">-</Data></EventData></Event>","{""Provider_Name"":""Linux-Sysmon"",""Provider_Guid"":""{ff032593-a8d3-4f13-b0d6-01fc615a0f97}"",""Version"":""3"",""Level"":""4"",""Task"":""5"",""Opcode"":""0"",""Keywords"":""0x8000000000000000"",""TimeCreated_SystemTime"":""2026-10-02T05:15:56.160169000Z"",""Execution_ProcessID"":""1542964"",""Execution_ThreadID"":""1542964"",""Channel"":""Linux-Sysmon/Operational"",""Security_UserId"":""0"",""RuleName"":""ProcessTerminate"",""LOADED_AT"":""2026-09-27 02:16:38.599""}"
2026-10-02 05:47:37.160000,sysmon,node-01,,,,,process_terminate,5,/usr/bin/bash,40525,{00000000-316b-e4e8-9374-f99a32014c54},,,,,,,,,1000661,"<Event><System><Provider Name=""Linux-Sysmon"" Guid=""{ff032593-a8d3-4f13-b0d6-01fc615a0f97}""/><EventID>5</EventID><Version>3</Version><Level>4</Level><Task>5</Task><Opcode>0</Opcode><Keywords>0x8000000000000000</Keywords><TimeCreated SystemTime=""2026-10-02T05:47:37.160169000Z""/><EventRecordID>1000661</EventRecordID><Correlation/><Execution ProcessID=""1542964"" ThreadID=""1542964""/><Channel>Linux-Sysmon/Operational</Channel><Computer>node-01</Computer><Security UserId=""0""/></System><EventData><Data Name=""RuleName"">ProcessTerminate</Data><Data Name=""UtcTime"">2026-10-02 05:47:37.160</Data><Data Name=""ProcessGuid"">{00000000-316b-e4e8-9374-f99a32014c54}</Data><Data Name=""ProcessId"">40525</Data><Data Name=""Image"">/usr/bin/bash</Data><Data Name=""User"">-</Data></EventData></Event>","{""Provider_Name"":""Linux-Sysmon"",""Provider_Guid"":""{ff032593-a8d3-4f13-b0d6-01fc615a0f97}"",""Version"":""3"",""Level"":""4"",""Task"":""5"",""Opcode"":""0"",""Keywords"":""0x8000000000000000"",""TimeCreated_SystemTime"":""2026-10-02T05:47:37.160169000Z"",""Execution_ProcessID"":""1542964"",""Execution_ThreadID"":""1542964"",""Channel"":""Linux-Sysmon/Operational"",""Security_UserId"":""0"",""RuleName"":""ProcessTerminate"",""LOADED_AT"":""2026-09-27 02:16:38.599""}"
2026-10-02 06:05:34.000000,sysmon,web-01,syslog,10.10.1.30,10.10.1.20,80,network_connect,3,/usr/local/nginx/sbin/nginx,41521,{00000000-7d56-0629-a75c-bcc3f637dbf8},,,,,,,,,1001815,"<Event><System><Provider Name=""Linux-Sysmon"" Guid=""{ff032593-a8d3-4f13-b0d6-01fc615a0f97}""/><EventID>3</EventID><Version>5</Version><Level>4</Level><Task>3</Task><Opcode>0</Opcode><Keywords>0x8000000000000000</Keywords><TimeCreated SystemTime=""2026-10-02T06:05:34.000000000Z""/><EventRecordID>1001815</EventRecordID><Correlation/><Execution ProcessID=""1542964"" ThreadID=""1542964""/><Channel>Linux-Sysmon/Operational</Channel><Computer>web-01</Computer><Security UserId=""0""/></System><EventData><Data Name=""RuleName"">NetworkConnect</Data><Data Name=""UtcTime"">2026-10-02 06:05:34.000</Data><Data Name=""ProcessGuid"">{00000000-7d56-0629-a75c-bcc3f637dbf8}</Data><Data Name=""ProcessId"">41521</Data><Data Name=""Image"">/usr/local/nginx/sbin/nginx</Data><Data Name=""User"">syslog</Data><Data Name=""Protocol"">tcp</Data><Data Name=""Initiated"">true</Data><Data Name=""SourceIsIpv6"">false</Data><Data Name=""SourceIp"">10.10.1.30</Data><Data Name=""SourceHostname"">-</Data><Data Name=""SourcePort"">37177</Data><Data Name=""SourcePortName"">-</Data><Data Name=""DestinationIsIpv6"">false</Data><Data Name=""DestinationIp"">10.10.1.20</Data><Data Name=""DestinationHostname"">-</Data><Data Name=""DestinationPort"">80</Data><Data Name=""DestinationPortName"">-</Data></EventData></Event>","{""Provider_Name"":""Linux-Sysmon"",""Provider_Guid"":""{ff032593-a8d3-4f13-b0d6-01fc615a0f97}"",""Version"":""5"",""Level"":""4"",""Task"":""3"",""Opcode"":""0"",""Keywords"":""0x8000000000000000"",""TimeCreated_SystemTime"":""2026-10-02T06:05:34.000000000Z"",""Execution_ProcessID"":""1542964"",""Execution_ThreadID"":""1542964"",""Channel"":""Linux-Sysmon/Operational"",""Security_UserId"":""0"",""RuleName"":""NetworkConnect"",""Protocol"":""tcp"",""Initiated"":""true"",""SourceIsIpv6"":""false"",""SourceHostname"":""-"",""SourcePort"":""37177"",""SourcePortName"":""-"",""DestinationIsIpv6"":""false"",""DestinationHostname"":""-"",""DestinationPortName"":""-"",""LOADED_AT"":""2026-09-27 02:16:38.599""}"
2026-10-02 06:05:45.000000,sysmon,bastion-01,root,,,,process_create,1,/usr/bin/python3.12,41517,{00000000-ac4b-8c6c-f63b-b9db1520c333},python3.12 /opt/healthcheck/probe.py,/opt/healthcheck,{00000000-b79f-4647-3882-850c73be84f5},41518,/usr/bin/python3.12,python3.12,root,,1001811,"<Event><System><Provider Name=""Linux-Sysmon"" Guid=""{ff032593-a8d3-4f13-b0d6-01fc615a0f97}""/><EventID>1</EventID><Version>5</Version><Level>4</Level><Task>1</Task><Opcode>0</Opcode><Keywords>0x8000000000000000</Keywords><TimeCreated SystemTime=""2026-10-02T06:05:45.000000000Z""/><EventRecordID>1001811</EventRecordID><Correlation/><Execution ProcessID=""1542964"" ThreadID=""1542964""/><Channel>Linux-Sysmon/Operational</Channel><Computer>bastion-01</Computer><Security UserId=""0""/></System><EventData><Data Name=""RuleName"">ProcessCreate</Data><Data Name=""UtcTime"">2026-10-02 06:05:45.000</Data><Data Name=""ProcessGuid"">{00000000-ac4b-8c6c-f63b-b9db1520c333}</Data><Data Name=""ProcessId"">41517</Data><Data Name=""Image"">/usr/bin/python3.12</Data><Data Name=""FileVersion"">-</Data><Data Name=""Description"">-</Data><Data Name=""Product"">-</Data><Data Name=""Company"">-</Data><Data Name=""OriginalFileName"">-</Data><Data Name=""CommandLine"">python3.12 /opt/healthcheck/probe.py</Data><Data Name=""CurrentDirectory"">/opt/healthcheck</Data><Data Name=""User"">root</Data><Data Name=""LogonGuid"">{00000000-0000-0000-0000-000000000000}</Data><Data Name=""LogonId"">0</Data><Data Name=""TerminalSessionId"">4294967295</Data><Data Name=""IntegrityLevel"">no level</Data><Data Name=""Hashes"">-</Data><Data Name=""ParentProcessGuid"">{00000000-b79f-4647-3882-850c73be84f5}</Data><Data Name=""ParentProcessId"">41518</Data><Data Name=""ParentImage"">/usr/bin/python3.12</Data><Data Name=""ParentCommandLine"">python3.12</Data><Data Name=""ParentUser"">root</Data></EventData></Event>","{""Provider_Name"":""Linux-Sysmon"",""Provider_Guid"":""{ff032593-a8d3-4f13-b0d6-01fc615a0f97}"",""Version"":""5"",""Level"":""4"",""Task"":""1"",""Opcode"":""0"",""Keywords"":""0x8000000000000000"",""TimeCreated_SystemTime"":""2026-10-02T06:05:45.000000000Z"",""Execution_ProcessID"":""1542964"",""Execution_ThreadID"":""1542964"",""Channel"":""Linux-Sysmon/Operational"",""Security_UserId"":""0"",""RuleName"":""ProcessCreate"",""FileVersion"":""-"",""Description"":""-"",""Product"":""-"",""Company"":""-"",""OriginalFileName"":""-"",""LogonGuid"":""{00000000-0000-0000-0000-000000000000}"",""LogonId"":""0"",""TerminalSessionId"":""4294967295"",""IntegrityLevel"":""no level"",""Hashes"":""-"",""LOADED_AT"":""2026-09-27 02:16:38.599""}"
2026-10-02 06:05:45.300000,sysmon,bastion-01,root,10.10.1.10,10.10.1.30,80,network_connect,3,/usr/bin/python3.12,41519,{00000000-a130-e74b-b91f-c863d017a5e6},,,,,,,,,1001813,"<Event><System><Provider Name=""Linux-Sysmon"" Guid=""{ff032593-a8d3-4f13-b0d6-01fc615a0f97}""/><EventID>3</EventID><Version>5</Version><Level>4</Level><Task>3</Task><Opcode>0</Opcode><Keywords>0x8000000000000000</Keywords><TimeCreated SystemTime=""2026-10-02T06:05:45.300000000Z""/><EventRecordID>1001813</EventRecordID><Correlation/><Execution ProcessID=""1542964"" ThreadID=""1542964""/><Channel>Linux-Sysmon/Operational</Channel><Computer>bastion-01</Computer><Security UserId=""0""/></System><EventData><Data Name=""RuleName"">NetworkConnect</Data><Data Name=""UtcTime"">2026-10-02 06:05:45.300</Data><Data Name=""ProcessGuid"">{00000000-a130-e74b-b91f-c863d017a5e6}</Data><Data Name=""ProcessId"">41519</Data><Data Name=""Image"">/usr/bin/python3.12</Data><Data Name=""User"">root</Data><Data Name=""Protocol"">tcp</Data><Data Name=""Initiated"">true</Data><Data Name=""SourceIsIpv6"">false</Data><Data Name=""SourceIp"">10.10.1.10</Data><Data Name=""SourceHostname"">-</Data><Data Name=""SourcePort"">53135</Data><Data Name=""SourcePortName"">-</Data><Data Name=""DestinationIsIpv6"">false</Data><Data Name=""DestinationIp"">10.10.1.30</Data><Data Name=""DestinationHostname"">-</Data><Data Name=""DestinationPort"">80</Data><Data Name=""DestinationPortName"">-</Data></EventData></Event>","{""Provider_Name"":""Linux-Sysmon"",""Provider_Guid"":""{ff032593-a8d3-4f13-b0d6-01fc615a0f97}"",""Version"":""5"",""Level"":""4"",""Task"":""3"",""Opcode"":""0"",""Keywords"":""0x8000000000000000"",""TimeCreated_SystemTime"":""2026-10-02T06:05:45.300000000Z"",""Execution_ProcessID"":""1542964"",""Execution_ThreadID"":""1542964"",""Channel"":""Linux-Sysmon/Operational"",""Security_UserId"":""0"",""RuleName"":""NetworkConnect"",""Protocol"":""tcp"",""Initiated"":""true"",""SourceIsIpv6"":""false"",""SourceHostname"":""-"",""SourcePort"":""53135"",""SourcePortName"":""-"",""DestinationIsIpv6"":""false"",""DestinationHostname"":""-"",""DestinationPortName"":""-"",""LOADED_AT"":""2026-09-27 02:16:38.599""}"
2026-10-02 06:05:46.000000,sysmon,bastion-01,,,,,process_terminate,5,/usr/bin/python3.12,41517,{00000000-ac4b-8c6c-f63b-b9db1520c333},,,,,,,,,1001812,"<Event><System><Provider Name=""Linux-Sysmon"" Guid=""{ff032593-a8d3-4f13-b0d6-01fc615a0f97}""/><EventID>5</EventID><Version>3</Version><Level>4</Level><Task>5</Task><Opcode>0</Opcode><Keywords>0x8000000000000000</Keywords><TimeCreated SystemTime=""2026-10-02T06:05:46.000000000Z""/><EventRecordID>1001812</EventRecordID><Correlation/><Execution ProcessID=""1542964"" ThreadID=""1542964""/><Channel>Linux-Sysmon/Operational</Channel><Computer>bastion-01</Computer><Security UserId=""0""/></System><EventData><Data Name=""RuleName"">ProcessTerminate</Data><Data Name=""UtcTime"">2026-10-02 06:05:46.000</Data><Data Name=""ProcessGuid"">{00000000-ac4b-8c6c-f63b-b9db1520c333}</Data><Data Name=""ProcessId"">41517</Data><Data Name=""Image"">/usr/bin/python3.12</Data><Data Name=""User"">-</Data></EventData></Event>","{""Provider_Name"":""Linux-Sysmon"",""Provider_Guid"":""{ff032593-a8d3-4f13-b0d6-01fc615a0f97}"",""Version"":""3"",""Level"":""4"",""Task"":""5"",""Opcode"":""0"",""Keywords"":""0x8000000000000000"",""TimeCreated_SystemTime"":""2026-10-02T06:05:46.000000000Z"",""Execution_ProcessID"":""1542964"",""Execution_ThreadID"":""1542964"",""Channel"":""Linux-Sysmon/Operational"",""Security_UserId"":""0"",""RuleName"":""ProcessTerminate"",""LOADED_AT"":""2026-09-27 02:16:38.599""}"
2026-10-02 06:09:06.000000,sysmon,app-01,root,10.10.1.20,10.10.1.30,80,network_connect,3,/usr/sbin/nginx,41520,{00000000-62ec-09ab-4c5e-c54f4df47035},,,,,,,,,1001814,"<Event><System><Provider Name=""Linux-Sysmon"" Guid=""{ff032593-a8d3-4f13-b0d6-01fc615a0f97}""/><EventID>3</EventID><Version>5</Version><Level>4</Level><Task>3</Task><Opcode>0</Opcode><Keywords>0x8000000000000000</Keywords><TimeCreated SystemTime=""2026-10-02T06:09:06.000000000Z""/><EventRecordID>1001814</EventRecordID><Correlation/><Execution ProcessID=""1542964"" ThreadID=""1542964""/><Channel>Linux-Sysmon/Operational</Channel><Computer>app-01</Computer><Security UserId=""0""/></System><EventData><Data Name=""RuleName"">NetworkConnect</Data><Data Name=""UtcTime"">2026-10-02 06:09:06.000</Data><Data Name=""ProcessGuid"">{00000000-62ec-09ab-4c5e-c54f4df47035}</Data><Data Name=""ProcessId"">41520</Data><Data Name=""Image"">/usr/sbin/nginx</Data><Data Name=""User"">root</Data><Data Name=""Protocol"">tcp</Data><Data Name=""Initiated"">true</Data><Data Name=""SourceIsIpv6"">false</Data><Data Name=""SourceIp"">10.10.1.20</Data><Data Name=""SourceHostname"">-</Data><Data Name=""SourcePort"">38058</Data><Data Name=""SourcePortName"">-</Data><Data Name=""DestinationIsIpv6"">false</Data><Data Name=""DestinationIp"">10.10.1.30</Data><Data Name=""DestinationHostname"">-</Data><Data Name=""DestinationPort"">80</Data><Data Name=""DestinationPortName"">-</Data></EventData></Event>","{""Provider_Name"":""Linux-Sysmon"",""Provider_Guid"":""{ff032593-a8d3-4f13-b0d6-01fc615a0f97}"",""Version"":""5"",""Level"":""4"",""Task"":""3"",""Opcode"":""0"",""Keywords"":""0x8000000000000000"",""TimeCreated_SystemTime"":""2026-10-02T06:09:06.000000000Z"",""Execution_ProcessID"":""1542964"",""Execution_ThreadID"":""1542964"",""Channel"":""Linux-Sysmon/Operational"",""Security_UserId"":""0"",""RuleName"":""NetworkConnect"",""Protocol"":""tcp"",""Initiated"":""true"",""SourceIsIpv6"":""false"",""SourceHostname"":""-"",""SourcePort"":""38058"",""SourcePortName"":""-"",""DestinationIsIpv6"":""false"",""DestinationHostname"":""-"",""DestinationPortName"":""-"",""LOADED_AT"":""2026-09-27 02:16:38.599""}"
2026-10-02 06:23:04.000000,sysmon,node-01,root,,,,process_create,1,/usr/bin/dash,41522,{00000000-835c-0e12-ea20-ef393d969ef6},dash /opt/healthcheck/rotate.sh,/opt/healthcheck,{00000000-40f2-f4f2-ea36-b646c5e5f323},41523,/usr/bin/dash,dash,root,,1001816,"<Event><System><Provider Name=""Linux-Sysmon"" Guid=""{ff032593-a8d3-4f13-b0d6-01fc615a0f97}""/><EventID>1</EventID><Version>5</Version><Level>4</Level><Task>1</Task><Opcode>0</Opcode><Keywords>0x8000000000000000</Keywords><TimeCreated SystemTime=""2026-10-02T06:23:04.000000000Z""/><EventRecordID>1001816</EventRecordID><Correlation/><Execution ProcessID=""1542964"" ThreadID=""1542964""/><Channel>Linux-Sysmon/Operational</Channel><Computer>node-01</Computer><Security UserId=""0""/></System><EventData><Data Name=""RuleName"">ProcessCreate</Data><Data Name=""UtcTime"">2026-10-02 06:23:04.000</Data><Data Name=""ProcessGuid"">{00000000-835c-0e12-ea20-ef393d969ef6}</Data><Data Name=""ProcessId"">41522</Data><Data Name=""Image"">/usr/bin/dash</Data><Data Name=""FileVersion"">-</Data><Data Name=""Description"">-</Data><Data Name=""Product"">-</Data><Data Name=""Company"">-</Data><Data Name=""OriginalFileName"">-</Data><Data Name=""CommandLine"">dash /opt/healthcheck/rotate.sh</Data><Data Name=""CurrentDirectory"">/opt/healthcheck</Data><Data Name=""User"">root</Data><Data Name=""LogonGuid"">{00000000-0000-0000-0000-000000000000}</Data><Data Name=""LogonId"">0</Data><Data Name=""TerminalSessionId"">4294967295</Data><Data Name=""IntegrityLevel"">no level</Data><Data Name=""Hashes"">-</Data><Data Name=""ParentProcessGuid"">{00000000-40f2-f4f2-ea36-b646c5e5f323}</Data><Data Name=""ParentProcessId"">41523</Data><Data Name=""ParentImage"">/usr/bin/dash</Data><Data Name=""ParentCommandLine"">dash</Data><Data Name=""ParentUser"">root</Data></EventData></Event>","{""Provider_Name"":""Linux-Sysmon"",""Provider_Guid"":""{ff032593-a8d3-4f13-b0d6-01fc615a0f97}"",""Version"":""5"",""Level"":""4"",""Task"":""1"",""Opcode"":""0"",""Keywords"":""0x8000000000000000"",""TimeCreated_SystemTime"":""2026-10-02T06:23:04.000000000Z"",""Execution_ProcessID"":""1542964"",""Execution_ThreadID"":""1542964"",""Channel"":""Linux-Sysmon/Operational"",""Security_UserId"":""0"",""RuleName"":""ProcessCreate"",""FileVersion"":""-"",""Description"":""-"",""Product"":""-"",""Company"":""-"",""OriginalFileName"":""-"",""LogonGuid"":""{00000000-0000-0000-0000-000000000000}"",""LogonId"":""0"",""TerminalSessionId"":""4294967295"",""IntegrityLevel"":""no level"",""Hashes"":""-"",""LOADED_AT"":""2026-09-27 02:16:38.599""}"
2026-10-02 06:23:05.000000,sysmon,node-01,,,,,process_terminate,5,/usr/bin/dash,41522,{00000000-835c-0e12-ea20-ef393d969ef6},,,,,,,,,1001817,"<Event><System><Provider Name=""Linux-Sysmon"" Guid=""{ff032593-a8d3-4f13-b0d6-01fc615a0f97}""/><EventID>5</EventID><Version>3</Version><Level>4</Level><Task>5</Task><Opcode>0</Opcode><Keywords>0x8000000000000000</Keywords><TimeCreated SystemTime=""2026-10-02T06:23:05.000000000Z""/><EventRecordID>1001817</EventRecordID><Correlation/><Execution ProcessID=""1542964"" ThreadID=""1542964""/><Channel>Linux-Sysmon/Operational</Channel><Computer>node-01</Computer><Security UserId=""0""/></System><EventData><Data Name=""RuleName"">ProcessTerminate</Data><Data Name=""UtcTime"">2026-10-02 06:23:05.000</Data><Data Name=""ProcessGuid"">{00000000-835c-0e12-ea20-ef393d969ef6}</Data><Data Name=""ProcessId"">41522</Data><Data Name=""Image"">/usr/bin/dash</Data><Data Name=""User"">-</Data></EventData></Event>","{""Provider_Name"":""Linux-Sysmon"",""Provider_Guid"":""{ff032593-a8d3-4f13-b0d6-01fc615a0f97}"",""Version"":""3"",""Level"":""4"",""Task"":""5"",""Opcode"":""0"",""Keywords"":""0x8000000000000000"",""TimeCreated_SystemTime"":""2026-10-02T06:23:05.000000000Z"",""Execution_ProcessID"":""1542964"",""Execution_ThreadID"":""1542964"",""Channel"":""Linux-Sysmon/Operational"",""Security_UserId"":""0"",""RuleName"":""ProcessTerminate"",""LOADED_AT"":""2026-09-27 02:16:38.599""}"
2026-10-02 06:36:18.385000,sysmon,node-01,ops01,,,,process_create,1,/usr/bin/bash,40285,{00000000-f8e2-f8c5-e4f9-571a7cc6eee4},bash,/home/ops01,{00000000-b0ea-eb92-1a28-93acf30008b9},40286,/usr/bin/bash,bash,ops01,,1000356,"<Event><System><Provider Name=""Linux-Sysmon"" Guid=""{ff032593-a8d3-4f13-b0d6-01fc615a0f97}""/><EventID>1</EventID><Version>5</Version><Level>4</Level><Task>1</Task><Opcode>0</Opcode><Keywords>0x8000000000000000</Keywords><TimeCreated SystemTime=""2026-10-02T06:36:18.385548000Z""/><EventRecordID>1000356</EventRecordID><Correlation/><Execution ProcessID=""1542964"" ThreadID=""1542964""/><Channel>Linux-Sysmon/Operational</Channel><Computer>node-01</Computer><Security UserId=""0""/></System><EventData><Data Name=""RuleName"">ProcessCreate</Data><Data Name=""UtcTime"">2026-10-02 06:36:18.385</Data><Data Name=""ProcessGuid"">{00000000-f8e2-f8c5-e4f9-571a7cc6eee4}</Data><Data Name=""ProcessId"">40285</Data><Data Name=""Image"">/usr/bin/bash</Data><Data Name=""FileVersion"">-</Data><Data Name=""Description"">-</Data><Data Name=""Product"">-</Data><Data Name=""Company"">-</Data><Data Name=""OriginalFileName"">-</Data><Data Name=""CommandLine"">bash</Data><Data Name=""CurrentDirectory"">/home/ops01</Data><Data Name=""User"">ops01</Data><Data Name=""LogonGuid"">{00000000-0000-0000-0000-000000000000}</Data><Data Name=""LogonId"">1001</Data><Data Name=""TerminalSessionId"">4294967295</Data><Data Name=""IntegrityLevel"">no level</Data><Data Name=""Hashes"">-</Data><Data Name=""ParentProcessGuid"">{00000000-b0ea-eb92-1a28-93acf30008b9}</Data><Data Name=""ParentProcessId"">40286</Data><Data Name=""ParentImage"">/usr/bin/bash</Data><Data Name=""ParentCommandLine"">bash</Data><Data Name=""ParentUser"">ops01</Data></EventData></Event>","{""Provider_Name"":""Linux-Sysmon"",""Provider_Guid"":""{ff032593-a8d3-4f13-b0d6-01fc615a0f97}"",""Version"":""5"",""Level"":""4"",""Task"":""1"",""Opcode"":""0"",""Keywords"":""0x8000000000000000"",""TimeCreated_SystemTime"":""2026-10-02T06:36:18.385548000Z"",""Execution_ProcessID"":""1542964"",""Execution_ThreadID"":""1542964"",""Channel"":""Linux-Sysmon/Operational"",""Security_UserId"":""0"",""RuleName"":""ProcessCreate"",""FileVersion"":""-"",""Description"":""-"",""Product"":""-"",""Company"":""-"",""OriginalFileName"":""-"",""LogonGuid"":""{00000000-0000-0000-0000-000000000000}"",""LogonId"":""1001"",""TerminalSessionId"":""4294967295"",""IntegrityLevel"":""no level"",""Hashes"":""-"",""LOADED_AT"":""2026-09-27 02:16:38.599""}"
2026-10-02 06:36:28.385000,sysmon,node-01,ops01,,,,process_create,1,/usr/bin/python3,40287,{00000000-7311-460b-ec0a-d3dbc5e1e8dc},python3 /opt/app/scripts/check.py,/home/ops01,{00000000-bd4f-2503-86ec-9a3e0772c50b},40288,/usr/bin/bash,bash,ops01,,1000357,"<Event><System><Provider Name=""Linux-Sysmon"" Guid=""{ff032593-a8d3-4f13-b0d6-01fc615a0f97}""/><EventID>1</EventID><Version>5</Version><Level>4</Level><Task>1</Task><Opcode>0</Opcode><Keywords>0x8000000000000000</Keywords><TimeCreated SystemTime=""2026-10-02T06:36:28.385548000Z""/><EventRecordID>1000357</EventRecordID><Correlation/><Execution ProcessID=""1542964"" ThreadID=""1542964""/><Channel>Linux-Sysmon/Operational</Channel><Computer>node-01</Computer><Security UserId=""0""/></System><EventData><Data Name=""RuleName"">ProcessCreate</Data><Data Name=""UtcTime"">2026-10-02 06:36:28.385</Data><Data Name=""ProcessGuid"">{00000000-7311-460b-ec0a-d3dbc5e1e8dc}</Data><Data Name=""ProcessId"">40287</Data><Data Name=""Image"">/usr/bin/python3</Data><Data Name=""FileVersion"">-</Data><Data Name=""Description"">-</Data><Data Name=""Product"">-</Data><Data Name=""Company"">-</Data><Data Name=""OriginalFileName"">-</Data><Data Name=""CommandLine"">python3 /opt/app/scripts/check.py</Data><Data Name=""CurrentDirectory"">/home/ops01</Data><Data Name=""User"">ops01</Data><Data Name=""LogonGuid"">{00000000-0000-0000-0000-000000000000}</Data><Data Name=""LogonId"">1001</Data><Data Name=""TerminalSessionId"">4294967295</Data><Data Name=""IntegrityLevel"">no level</Data><Data Name=""Hashes"">-</Data><Data Name=""ParentProcessGuid"">{00000000-bd4f-2503-86ec-9a3e0772c50b}</Data><Data Name=""ParentProcessId"">40288</Data><Data Name=""ParentImage"">/usr/bin/bash</Data><Data Name=""ParentCommandLine"">bash</Data><Data Name=""ParentUser"">ops01</Data></EventData></Event>","{""Provider_Name"":""Linux-Sysmon"",""Provider_Guid"":""{ff032593-a8d3-4f13-b0d6-01fc615a0f97}"",""Version"":""5"",""Level"":""4"",""Task"":""1"",""Opcode"":""0"",""Keywords"":""0x8000000000000000"",""TimeCreated_SystemTime"":""2026-10-02T06:36:28.385548000Z"",""Execution_ProcessID"":""1542964"",""Execution_ThreadID"":""1542964"",""Channel"":""Linux-Sysmon/Operational"",""Security_UserId"":""0"",""RuleName"":""ProcessCreate"",""FileVersion"":""-"",""Description"":""-"",""Product"":""-"",""Company"":""-"",""OriginalFileName"":""-"",""LogonGuid"":""{00000000-0000-0000-0000-000000000000}"",""LogonId"":""1001"",""TerminalSessionId"":""4294967295"",""IntegrityLevel"":""no level"",""Hashes"":""-"",""LOADED_AT"":""2026-09-27 02:16:38.599""}"
2026-10-02 06:36:29.385000,sysmon,node-01,,,,,process_terminate,5,/usr/bin/python3,40287,{00000000-7311-460b-ec0a-d3dbc5e1e8dc},,,,,,,,,1000358,"<Event><System><Provider Name=""Linux-Sysmon"" Guid=""{ff032593-a8d3-4f13-b0d6-01fc615a0f97}""/><EventID>5</EventID><Version>3</Version><Level>4</Level><Task>5</Task><Opcode>0</Opcode><Keywords>0x8000000000000000</Keywords><TimeCreated SystemTime=""2026-10-02T06:36:29.385548000Z""/><EventRecordID>1000358</EventRecordID><Correlation/><Execution ProcessID=""1542964"" ThreadID=""1542964""/><Channel>Linux-Sysmon/Operational</Channel><Computer>node-01</Computer><Security UserId=""0""/></System><EventData><Data Name=""RuleName"">ProcessTerminate</Data><Data Name=""UtcTime"">2026-10-02 06:36:29.385</Data><Data Name=""ProcessGuid"">{00000000-7311-460b-ec0a-d3dbc5e1e8dc}</Data><Data Name=""ProcessId"">40287</Data><Data Name=""Image"">/usr/bin/python3</Data><Data Name=""User"">-</Data></EventData></Event>","{""Provider_Name"":""Linux-Sysmon"",""Provider_Guid"":""{ff032593-a8d3-4f13-b0d6-01fc615a0f97}"",""Version"":""3"",""Level"":""4"",""Task"":""5"",""Opcode"":""0"",""Keywords"":""0x8000000000000000"",""TimeCreated_SystemTime"":""2026-10-02T06:36:29.385548000Z"",""Execution_ProcessID"":""1542964"",""Execution_ThreadID"":""1542964"",""Channel"":""Linux-Sysmon/Operational"",""Security_UserId"":""0"",""RuleName"":""ProcessTerminate"",""LOADED_AT"":""2026-09-27 02:16:38.599""}"
2026-10-02 06:37:33.379000,sysmon,app-01,dev01,,,,process_create,1,/usr/bin/bash,40007,{00000000-a850-7082-df0d-577ed8d64517},bash,/home/dev01,{00000000-8af0-7ac1-95d1-0f0c963d71dc},40008,/usr/bin/bash,bash,dev01,,1000008,"<Event><System><Provider Name=""Linux-Sysmon"" Guid=""{ff032593-a8d3-4f13-b0d6-01fc615a0f97}""/><EventID>1</EventID><Version>5</Version><Level>4</Level><Task>1</Task><Opcode>0</Opcode><Keywords>0x8000000000000000</Keywords><TimeCreated SystemTime=""2026-10-02T06:37:33.379580000Z""/><EventRecordID>1000008</EventRecordID><Correlation/><Execution ProcessID=""1542964"" ThreadID=""1542964""/><Channel>Linux-Sysmon/Operational</Channel><Computer>app-01</Computer><Security UserId=""0""/></System><EventData><Data Name=""RuleName"">ProcessCreate</Data><Data Name=""UtcTime"">2026-10-02 06:37:33.379</Data><Data Name=""ProcessGuid"">{00000000-a850-7082-df0d-577ed8d64517}</Data><Data Name=""ProcessId"">40007</Data><Data Name=""Image"">/usr/bin/bash</Data><Data Name=""FileVersion"">-</Data><Data Name=""Description"">-</Data><Data Name=""Product"">-</Data><Data Name=""Company"">-</Data><Data Name=""OriginalFileName"">-</Data><Data Name=""CommandLine"">bash</Data><Data Name=""CurrentDirectory"">/home/dev01</Data><Data Name=""User"">dev01</Data><Data Name=""LogonGuid"">{00000000-0000-0000-0000-000000000000}</Data><Data Name=""LogonId"">1001</Data><Data Name=""TerminalSessionId"">4294967295</Data><Data Name=""IntegrityLevel"">no level</Data><Data Name=""Hashes"">-</Data><Data Name=""ParentProcessGuid"">{00000000-8af0-7ac1-95d1-0f0c963d71dc}</Data><Data Name=""ParentProcessId"">40008</Data><Data Name=""ParentImage"">/usr/bin/bash</Data><Data Name=""ParentCommandLine"">bash</Data><Data Name=""ParentUser"">dev01</Data></EventData></Event>","{""Provider_Name"":""Linux-Sysmon"",""Provider_Guid"":""{ff032593-a8d3-4f13-b0d6-01fc615a0f97}"",""Version"":""5"",""Level"":""4"",""Task"":""1"",""Opcode"":""0"",""Keywords"":""0x8000000000000000"",""TimeCreated_SystemTime"":""2026-10-02T06:37:33.379580000Z"",""Execution_ProcessID"":""1542964"",""Execution_ThreadID"":""1542964"",""Channel"":""Linux-Sysmon/Operational"",""Security_UserId"":""0"",""RuleName"":""ProcessCreate"",""FileVersion"":""-"",""Description"":""-"",""Product"":""-"",""Company"":""-"",""OriginalFileName"":""-"",""LogonGuid"":""{00000000-0000-0000-0000-000000000000}"",""LogonId"":""1001"",""TerminalSessionId"":""4294967295"",""IntegrityLevel"":""no level"",""Hashes"":""-"",""LOADED_AT"":""2026-09-27 02:16:38.599""}"
2026-10-02 06:37:43.379000,sysmon,app-01,dev01,,,,process_create,1,/usr/bin/python3,40009,{00000000-8cb6-c5ca-5404-34aee8ac126c},python3 /opt/app/scripts/check.py,/home/dev01,{00000000-3443-ae98-105a-4310451c8062},40010,/usr/bin/bash,bash,dev01,,1000009,"<Event><System><Provider Name=""Linux-Sysmon"" Guid=""{ff032593-a8d3-4f13-b0d6-01fc615a0f97}""/><EventID>1</EventID><Version>5</Version><Level>4</Level><Task>1</Task><Opcode>0</Opcode><Keywords>0x8000000000000000</Keywords><TimeCreated SystemTime=""2026-10-02T06:37:43.379580000Z""/><EventRecordID>1000009</EventRecordID><Correlation/><Execution ProcessID=""1542964"" ThreadID=""1542964""/><Channel>Linux-Sysmon/Operational</Channel><Computer>app-01</Computer><Security UserId=""0""/></System><EventData><Data Name=""RuleName"">ProcessCreate</Data><Data Name=""UtcTime"">2026-10-02 06:37:43.379</Data><Data Name=""ProcessGuid"">{00000000-8cb6-c5ca-5404-34aee8ac126c}</Data><Data Name=""ProcessId"">40009</Data><Data Name=""Image"">/usr/bin/python3</Data><Data Name=""FileVersion"">-</Data><Data Name=""Description"">-</Data><Data Name=""Product"">-</Data><Data Name=""Company"">-</Data><Data Name=""OriginalFileName"">-</Data><Data Name=""CommandLine"">python3 /opt/app/scripts/check.py</Data><Data Name=""CurrentDirectory"">/home/dev01</Data><Data Name=""User"">dev01</Data><Data Name=""LogonGuid"">{00000000-0000-0000-0000-000000000000}</Data><Data Name=""LogonId"">1001</Data><Data Name=""TerminalSessionId"">4294967295</Data><Data Name=""IntegrityLevel"">no level</Data><Data Name=""Hashes"">-</Data><Data Name=""ParentProcessGuid"">{00000000-3443-ae98-105a-4310451c8062}</Data><Data Name=""ParentProcessId"">40010</Data><Data Name=""ParentImage"">/usr/bin/bash</Data><Data Name=""ParentCommandLine"">bash</Data><Data Name=""ParentUser"">dev01</Data></EventData></Event>","{""Provider_Name"":""Linux-Sysmon"",""Provider_Guid"":""{ff032593-a8d3-4f13-b0d6-01fc615a0f97}"",""Version"":""5"",""Level"":""4"",""Task"":""1"",""Opcode"":""0"",""Keywords"":""0x8000000000000000"",""TimeCreated_SystemTime"":""2026-10-02T06:37:43.379580000Z"",""Execution_ProcessID"":""1542964"",""Execution_ThreadID"":""1542964"",""Channel"":""Linux-Sysmon/Operational"",""Security_UserId"":""0"",""RuleName"":""ProcessCreate"",""FileVersion"":""-"",""Description"":""-"",""Product"":""-"",""Company"":""-"",""OriginalFileName"":""-"",""LogonGuid"":""{00000000-0000-0000-0000-000000000000}"",""LogonId"":""1001"",""TerminalSessionId"":""4294967295"",""IntegrityLevel"":""no level"",""Hashes"":""-"",""LOADED_AT"":""2026-09-27 02:16:38.599""}"
2026-10-02 06:37:45.379000,sysmon,app-01,,,,,process_terminate,5,/usr/bin/python3,40009,{00000000-8cb6-c5ca-5404-34aee8ac126c},,,,,,,,,1000010,"<Event><System><Provider Name=""Linux-Sysmon"" Guid=""{ff032593-a8d3-4f13-b0d6-01fc615a0f97}""/><EventID>5</EventID><Version>3</Version><Level>4</Level><Task>5</Task><Opcode>0</Opcode><Keywords>0x8000000000000000</Keywords><TimeCreated SystemTime=""2026-10-02T06:37:45.379580000Z""/><EventRecordID>1000010</EventRecordID><Correlation/><Execution ProcessID=""1542964"" ThreadID=""1542964""/><Channel>Linux-Sysmon/Operational</Channel><Computer>app-01</Computer><Security UserId=""0""/></System><EventData><Data Name=""RuleName"">ProcessTerminate</Data><Data Name=""UtcTime"">2026-10-02 06:37:45.379</Data><Data Name=""ProcessGuid"">{00000000-8cb6-c5ca-5404-34aee8ac126c}</Data><Data Name=""ProcessId"">40009</Data><Data Name=""Image"">/usr/bin/python3</Data><Data Name=""User"">-</Data></EventData></Event>","{""Provider_Name"":""Linux-Sysmon"",""Provider_Guid"":""{ff032593-a8d3-4f13-b0d6-01fc615a0f97}"",""Version"":""3"",""Level"":""4"",""Task"":""5"",""Opcode"":""0"",""Keywords"":""0x8000000000000000"",""TimeCreated_SystemTime"":""2026-10-02T06:37:45.379580000Z"",""Execution_ProcessID"":""1542964"",""Execution_ThreadID"":""1542964"",""Channel"":""Linux-Sysmon/Operational"",""Security_UserId"":""0"",""RuleName"":""ProcessTerminate"",""LOADED_AT"":""2026-09-27 02:16:38.599""}"
2026-10-02 06:49:49.385000,sysmon,node-01,,,,,process_terminate,5,/usr/bin/bash,40285,{00000000-f8e2-f8c5-e4f9-571a7cc6eee4},,,,,,,,,1000359,"<Event><System><Provider Name=""Linux-Sysmon"" Guid=""{ff032593-a8d3-4f13-b0d6-01fc615a0f97}""/><EventID>5</EventID><Version>3</Version><Level>4</Level><Task>5</Task><Opcode>0</Opcode><Keywords>0x8000000000000000</Keywords><TimeCreated SystemTime=""2026-10-02T06:49:49.385548000Z""/><EventRecordID>1000359</EventRecordID><Correlation/><Execution ProcessID=""1542964"" ThreadID=""1542964""/><Channel>Linux-Sysmon/Operational</Channel><Computer>node-01</Computer><Security UserId=""0""/></System><EventData><Data Name=""RuleName"">ProcessTerminate</Data><Data Name=""UtcTime"">2026-10-02 06:49:49.385</Data><Data Name=""ProcessGuid"">{00000000-f8e2-f8c5-e4f9-571a7cc6eee4}</Data><Data Name=""ProcessId"">40285</Data><Data Name=""Image"">/usr/bin/bash</Data><Data Name=""User"">-</Data></EventData></Event>","{""Provider_Name"":""Linux-Sysmon"",""Provider_Guid"":""{ff032593-a8d3-4f13-b0d6-01fc615a0f97}"",""Version"":""3"",""Level"":""4"",""Task"":""5"",""Opcode"":""0"",""Keywords"":""0x8000000000000000"",""TimeCreated_SystemTime"":""2026-10-02T06:49:49.385548000Z"",""Execution_ProcessID"":""1542964"",""Execution_ThreadID"":""1542964"",""Channel"":""Linux-Sysmon/Operational"",""Security_UserId"":""0"",""RuleName"":""ProcessTerminate"",""LOADED_AT"":""2026-09-27 02:16:38.599""}"
2026-10-02 06:55:18.379000,sysmon,app-01,,,,,process_terminate,5,/usr/bin/bash,40007,{00000000-a850-7082-df0d-577ed8d64517},,,,,,,,,1000011,"<Event><System><Provider Name=""Linux-Sysmon"" Guid=""{ff032593-a8d3-4f13-b0d6-01fc615a0f97}""/><EventID>5</EventID><Version>3</Version><Level>4</Level><Task>5</Task><Opcode>0</Opcode><Keywords>0x8000000000000000</Keywords><TimeCreated SystemTime=""2026-10-02T06:55:18.379580000Z""/><EventRecordID>1000011</EventRecordID><Correlation/><Execution ProcessID=""1542964"" ThreadID=""1542964""/><Channel>Linux-Sysmon/Operational</Channel><Computer>app-01</Computer><Security UserId=""0""/></System><EventData><Data Name=""RuleName"">ProcessTerminate</Data><Data Name=""UtcTime"">2026-10-02 06:55:18.379</Data><Data Name=""ProcessGuid"">{00000000-a850-7082-df0d-577ed8d64517}</Data><Data Name=""ProcessId"">40007</Data><Data Name=""Image"">/usr/bin/bash</Data><Data Name=""User"">-</Data></EventData></Event>","{""Provider_Name"":""Linux-Sysmon"",""Provider_Guid"":""{ff032593-a8d3-4f13-b0d6-01fc615a0f97}"",""Version"":""3"",""Level"":""4"",""Task"":""5"",""Opcode"":""0"",""Keywords"":""0x8000000000000000"",""TimeCreated_SystemTime"":""2026-10-02T06:55:18.379580000Z"",""Execution_ProcessID"":""1542964"",""Execution_ThreadID"":""1542964"",""Channel"":""Linux-Sysmon/Operational"",""Security_UserId"":""0"",""RuleName"":""ProcessTerminate"",""LOADED_AT"":""2026-09-27 02:16:38.599""}"
2026-10-02 07:04:38.000000,sysmon,app-01,root,,,,process_create,1,/usr/bin/python3.12,41524,{00000000-1bac-b5c2-af09-d55369c2c102},python3.12 /opt/healthcheck/probe.py,/opt/healthcheck,{00000000-217b-02a3-6ad9-061ee15e4785},41525,/usr/bin/python3.12,python3.12,root,,1001818,"<Event><System><Provider Name=""Linux-Sysmon"" Guid=""{ff032593-a8d3-4f13-b0d6-01fc615a0f97}""/><EventID>1</EventID><Version>5</Version><Level>4</Level><Task>1</Task><Opcode>0</Opcode><Keywords>0x8000000000000000</Keywords><TimeCreated SystemTime=""2026-10-02T07:04:38.000000000Z""/><EventRecordID>1001818</EventRecordID><Correlation/><Execution ProcessID=""1542964"" ThreadID=""1542964""/><Channel>Linux-Sysmon/Operational</Channel><Computer>app-01</Computer><Security UserId=""0""/></System><EventData><Data Name=""RuleName"">ProcessCreate</Data><Data Name=""UtcTime"">2026-10-02 07:04:38.000</Data><Data Name=""ProcessGuid"">{00000000-1bac-b5c2-af09-d55369c2c102}</Data><Data Name=""ProcessId"">41524</Data><Data Name=""Image"">/usr/bin/python3.12</Data><Data Name=""FileVersion"">-</Data><Data Name=""Description"">-</Data><Data Name=""Product"">-</Data><Data Name=""Company"">-</Data><Data Name=""OriginalFileName"">-</Data><Data Name=""CommandLine"">python3.12 /opt/healthcheck/probe.py</Data><Data Name=""CurrentDirectory"">/opt/healthcheck</Data><Data Name=""User"">root</Data><Data Name=""LogonGuid"">{00000000-0000-0000-0000-000000000000}</Data><Data Name=""LogonId"">0</Data><Data Name=""TerminalSessionId"">4294967295</Data><Data Name=""IntegrityLevel"">no level</Data><Data Name=""Hashes"">-</Data><Data Name=""ParentProcessGuid"">{00000000-217b-02a3-6ad9-061ee15e4785}</Data><Data Name=""ParentProcessId"">41525</Data><Data Name=""ParentImage"">/usr/bin/python3.12</Data><Data Name=""ParentCommandLine"">python3.12</Data><Data Name=""ParentUser"">root</Data></EventData></Event>","{""Provider_Name"":""Linux-Sysmon"",""Provider_Guid"":""{ff032593-a8d3-4f13-b0d6-01fc615a0f97}"",""Version"":""5"",""Level"":""4"",""Task"":""1"",""Opcode"":""0"",""Keywords"":""0x8000000000000000"",""TimeCreated_SystemTime"":""2026-10-02T07:04:38.000000000Z"",""Execution_ProcessID"":""1542964"",""Execution_ThreadID"":""1542964"",""Channel"":""Linux-Sysmon/Operational"",""Security_UserId"":""0"",""RuleName"":""ProcessCreate"",""FileVersion"":""-"",""Description"":""-"",""Product"":""-"",""Company"":""-"",""OriginalFileName"":""-"",""LogonGuid"":""{00000000-0000-0000-0000-000000000000}"",""LogonId"":""0"",""TerminalSessionId"":""4294967295"",""IntegrityLevel"":""no level"",""Hashes"":""-"",""LOADED_AT"":""2026-09-27 02:16:38.599""}"
2026-10-02 07:04:38.300000,sysmon,app-01,root,10.10.1.20,10.10.1.30,80,network_connect,3,/usr/bin/python3.12,41526,{00000000-cda7-3486-3bcb-441a61618bc5},,,,,,,,,1001820,"<Event><System><Provider Name=""Linux-Sysmon"" Guid=""{ff032593-a8d3-4f13-b0d6-01fc615a0f97}""/><EventID>3</EventID><Version>5</Version><Level>4</Level><Task>3</Task><Opcode>0</Opcode><Keywords>0x8000000000000000</Keywords><TimeCreated SystemTime=""2026-10-02T07:04:38.300000000Z""/><EventRecordID>1001820</EventRecordID><Correlation/><Execution ProcessID=""1542964"" ThreadID=""1542964""/><Channel>Linux-Sysmon/Operational</Channel><Computer>app-01</Computer><Security UserId=""0""/></System><EventData><Data Name=""RuleName"">NetworkConnect</Data><Data Name=""UtcTime"">2026-10-02 07:04:38.300</Data><Data Name=""ProcessGuid"">{00000000-cda7-3486-3bcb-441a61618bc5}</Data><Data Name=""ProcessId"">41526</Data><Data Name=""Image"">/usr/bin/python3.12</Data><Data Name=""User"">root</Data><Data Name=""Protocol"">tcp</Data><Data Name=""Initiated"">true</Data><Data Name=""SourceIsIpv6"">false</Data><Data Name=""SourceIp"">10.10.1.20</Data><Data Name=""SourceHostname"">-</Data><Data Name=""SourcePort"">50196</Data><Data Name=""SourcePortName"">-</Data><Data Name=""DestinationIsIpv6"">false</Data><Data Name=""DestinationIp"">10.10.1.30</Data><Data Name=""DestinationHostname"">-</Data><Data Name=""DestinationPort"">80</Data><Data Name=""DestinationPortName"">-</Data></EventData></Event>","{""Provider_Name"":""Linux-Sysmon"",""Provider_Guid"":""{ff032593-a8d3-4f13-b0d6-01fc615a0f97}"",""Version"":""5"",""Level"":""4"",""Task"":""3"",""Opcode"":""0"",""Keywords"":""0x8000000000000000"",""TimeCreated_SystemTime"":""2026-10-02T07:04:38.300000000Z"",""Execution_ProcessID"":""1542964"",""Execution_ThreadID"":""1542964"",""Channel"":""Linux-Sysmon/Operational"",""Security_UserId"":""0"",""RuleName"":""NetworkConnect"",""Protocol"":""tcp"",""Initiated"":""true"",""SourceIsIpv6"":""false"",""SourceHostname"":""-"",""SourcePort"":""50196"",""SourcePortName"":""-"",""DestinationIsIpv6"":""false"",""DestinationHostname"":""-"",""DestinationPortName"":""-"",""LOADED_AT"":""2026-09-27 02:16:38.599""}"
2026-10-02 07:04:39.000000,sysmon,app-01,,,,,process_terminate,5,/usr/bin/python3.12,41524,{00000000-1bac-b5c2-af09-d55369c2c102},,,,,,,,,1001819,"<Event><System><Provider Name=""Linux-Sysmon"" Guid=""{ff032593-a8d3-4f13-b0d6-01fc615a0f97}""/><EventID>5</EventID><Version>3</Version><Level>4</Level><Task>5</Task><Opcode>0</Opcode><Keywords>0x8000000000000000</Keywords><TimeCreated SystemTime=""2026-10-02T07:04:39.000000000Z""/><EventRecordID>1001819</EventRecordID><Correlation/><Execution ProcessID=""1542964"" ThreadID=""1542964""/><Channel>Linux-Sysmon/Operational</Channel><Computer>app-01</Computer><Security UserId=""0""/></System><EventData><Data Name=""RuleName"">ProcessTerminate</Data><Data Name=""UtcTime"">2026-10-02 07:04:39.000</Data><Data Name=""ProcessGuid"">{00000000-1bac-b5c2-af09-d55369c2c102}</Data><Data Name=""ProcessId"">41524</Data><Data Name=""Image"">/usr/bin/python3.12</Data><Data Name=""User"">-</Data></EventData></Event>","{""Provider_Name"":""Linux-Sysmon"",""Provider_Guid"":""{ff032593-a8d3-4f13-b0d6-01fc615a0f97}"",""Version"":""3"",""Level"":""4"",""Task"":""5"",""Opcode"":""0"",""Keywords"":""0x8000000000000000"",""TimeCreated_SystemTime"":""2026-10-02T07:04:39.000000000Z"",""Execution_ProcessID"":""1542964"",""Execution_ThreadID"":""1542964"",""Channel"":""Linux-Sysmon/Operational"",""Security_UserId"":""0"",""RuleName"":""ProcessTerminate"",""LOADED_AT"":""2026-09-27 02:16:38.599""}"
2026-10-02 07:10:47.000000,sysmon,node-01,root,10.10.1.40,10.10.1.30,80,network_connect,3,/usr/sbin/nginx,41528,{00000000-b479-086d-e627-c195cdee1f2b},,,,,,,,,1001822,"<Event><System><Provider Name=""Linux-Sysmon"" Guid=""{ff032593-a8d3-4f13-b0d6-01fc615a0f97}""/><EventID>3</EventID><Version>5</Version><Level>4</Level><Task>3</Task><Opcode>0</Opcode><Keywords>0x8000000000000000</Keywords><TimeCreated SystemTime=""2026-10-02T07:10:47.000000000Z""/><EventRecordID>1001822</EventRecordID><Correlation/><Execution ProcessID=""1542964"" ThreadID=""1542964""/><Channel>Linux-Sysmon/Operational</Channel><Computer>node-01</Computer><Security UserId=""0""/></System><EventData><Data Name=""RuleName"">NetworkConnect</Data><Data Name=""UtcTime"">2026-10-02 07:10:47.000</Data><Data Name=""ProcessGuid"">{00000000-b479-086d-e627-c195cdee1f2b}</Data><Data Name=""ProcessId"">41528</Data><Data Name=""Image"">/usr/sbin/nginx</Data><Data Name=""User"">root</Data><Data Name=""Protocol"">tcp</Data><Data Name=""Initiated"">true</Data><Data Name=""SourceIsIpv6"">false</Data><Data Name=""SourceIp"">10.10.1.40</Data><Data Name=""SourceHostname"">-</Data><Data Name=""SourcePort"">36924</Data><Data Name=""SourcePortName"">-</Data><Data Name=""DestinationIsIpv6"">false</Data><Data Name=""DestinationIp"">10.10.1.30</Data><Data Name=""DestinationHostname"">-</Data><Data Name=""DestinationPort"">80</Data><Data Name=""DestinationPortName"">-</Data></EventData></Event>","{""Provider_Name"":""Linux-Sysmon"",""Provider_Guid"":""{ff032593-a8d3-4f13-b0d6-01fc615a0f97}"",""Version"":""5"",""Level"":""4"",""Task"":""3"",""Opcode"":""0"",""Keywords"":""0x8000000000000000"",""TimeCreated_SystemTime"":""2026-10-02T07:10:47.000000000Z"",""Execution_ProcessID"":""1542964"",""Execution_ThreadID"":""1542964"",""Channel"":""Linux-Sysmon/Operational"",""Security_UserId"":""0"",""RuleName"":""NetworkConnect"",""Protocol"":""tcp"",""Initiated"":""true"",""SourceIsIpv6"":""false"",""SourceHostname"":""-"",""SourcePort"":""36924"",""SourcePortName"":""-"",""DestinationIsIpv6"":""false"",""DestinationHostname"":""-"",""DestinationPortName"":""-"",""LOADED_AT"":""2026-09-27 02:16:38.599""}"
2026-10-02 07:15:16.000000,sysmon,web-01,syslog,10.10.1.30,10.10.1.20,80,network_connect,3,/usr/local/nginx/sbin/nginx,41527,{00000000-cce9-0512-608c-56e141489ffa},,,,,,,,,1001821,"<Event><System><Provider Name=""Linux-Sysmon"" Guid=""{ff032593-a8d3-4f13-b0d6-01fc615a0f97}""/><EventID>3</EventID><Version>5</Version><Level>4</Level><Task>3</Task><Opcode>0</Opcode><Keywords>0x8000000000000000</Keywords><TimeCreated SystemTime=""2026-10-02T07:15:16.000000000Z""/><EventRecordID>1001821</EventRecordID><Correlation/><Execution ProcessID=""1542964"" ThreadID=""1542964""/><Channel>Linux-Sysmon/Operational</Channel><Computer>web-01</Computer><Security UserId=""0""/></System><EventData><Data Name=""RuleName"">NetworkConnect</Data><Data Name=""UtcTime"">2026-10-02 07:15:16.000</Data><Data Name=""ProcessGuid"">{00000000-cce9-0512-608c-56e141489ffa}</Data><Data Name=""ProcessId"">41527</Data><Data Name=""Image"">/usr/local/nginx/sbin/nginx</Data><Data Name=""User"">syslog</Data><Data Name=""Protocol"">tcp</Data><Data Name=""Initiated"">true</Data><Data Name=""SourceIsIpv6"">false</Data><Data Name=""SourceIp"">10.10.1.30</Data><Data Name=""SourceHostname"">-</Data><Data Name=""SourcePort"">40997</Data><Data Name=""SourcePortName"">-</Data><Data Name=""DestinationIsIpv6"">false</Data><Data Name=""DestinationIp"">10.10.1.20</Data><Data Name=""DestinationHostname"">-</Data><Data Name=""DestinationPort"">80</Data><Data Name=""DestinationPortName"">-</Data></EventData></Event>","{""Provider_Name"":""Linux-Sysmon"",""Provider_Guid"":""{ff032593-a8d3-4f13-b0d6-01fc615a0f97}"",""Version"":""5"",""Level"":""4"",""Task"":""3"",""Opcode"":""0"",""Keywords"":""0x8000000000000000"",""TimeCreated_SystemTime"":""2026-10-02T07:15:16.000000000Z"",""Execution_ProcessID"":""1542964"",""Execution_ThreadID"":""1542964"",""Channel"":""Linux-Sysmon/Operational"",""Security_UserId"":""0"",""RuleName"":""NetworkConnect"",""Protocol"":""tcp"",""Initiated"":""true"",""SourceIsIpv6"":""false"",""SourceHostname"":""-"",""SourcePort"":""40997"",""SourcePortName"":""-"",""DestinationIsIpv6"":""false"",""DestinationHostname"":""-"",""DestinationPortName"":""-"",""LOADED_AT"":""2026-09-27 02:16:38.599""}"
2026-10-02 07:29:37.604000,sysmon,bastion-01,admin01,,,,process_create,1,/usr/bin/bash,40838,{00000000-2596-b449-30dc-73a5d7d388e1},bash,/home/admin01,{00000000-70c2-3ceb-c582-d074c6b1c658},40839,/usr/bin/bash,bash,admin01,,1001053,"<Event><System><Provider Name=""Linux-Sysmon"" Guid=""{ff032593-a8d3-4f13-b0d6-01fc615a0f97}""/><EventID>1</EventID><Version>5</Version><Level>4</Level><Task>1</Task><Opcode>0</Opcode><Keywords>0x8000000000000000</Keywords><TimeCreated SystemTime=""2026-10-02T07:29:37.604118000Z""/><EventRecordID>1001053</EventRecordID><Correlation/><Execution ProcessID=""1542964"" ThreadID=""1542964""/><Channel>Linux-Sysmon/Operational</Channel><Computer>bastion-01</Computer><Security UserId=""0""/></System><EventData><Data Name=""RuleName"">ProcessCreate</Data><Data Name=""UtcTime"">2026-10-02 07:29:37.604</Data><Data Name=""ProcessGuid"">{00000000-2596-b449-30dc-73a5d7d388e1}</Data><Data Name=""ProcessId"">40838</Data><Data Name=""Image"">/usr/bin/bash</Data><Data Name=""FileVersion"">-</Data><Data Name=""Description"">-</Data><Data Name=""Product"">-</Data><Data Name=""Company"">-</Data><Data Name=""OriginalFileName"">-</Data><Data Name=""CommandLine"">bash</Data><Data Name=""CurrentDirectory"">/home/admin01</Data><Data Name=""User"">admin01</Data><Data Name=""LogonGuid"">{00000000-0000-0000-0000-000000000000}</Data><Data Name=""LogonId"">1001</Data><Data Name=""TerminalSessionId"">4294967295</Data><Data Name=""IntegrityLevel"">no level</Data><Data Name=""Hashes"">-</Data><Data Name=""ParentProcessGuid"">{00000000-70c2-3ceb-c582-d074c6b1c658}</Data><Data Name=""ParentProcessId"">40839</Data><Data Name=""ParentImage"">/usr/bin/bash</Data><Data Name=""ParentCommandLine"">bash</Data><Data Name=""ParentUser"">admin01</Data></EventData></Event>","{""Provider_Name"":""Linux-Sysmon"",""Provider_Guid"":""{ff032593-a8d3-4f13-b0d6-01fc615a0f97}"",""Version"":""5"",""Level"":""4"",""Task"":""1"",""Opcode"":""0"",""Keywords"":""0x8000000000000000"",""TimeCreated_SystemTime"":""2026-10-02T07:29:37.604118000Z"",""Execution_ProcessID"":""1542964"",""Execution_ThreadID"":""1542964"",""Channel"":""Linux-Sysmon/Operational"",""Security_UserId"":""0"",""RuleName"":""ProcessCreate"",""FileVersion"":""-"",""Description"":""-"",""Product"":""-"",""Company"":""-"",""OriginalFileName"":""-"",""LogonGuid"":""{00000000-0000-0000-0000-000000000000}"",""LogonId"":""1001"",""TerminalSessionId"":""4294967295"",""IntegrityLevel"":""no level"",""Hashes"":""-"",""LOADED_AT"":""2026-09-27 02:16:38.599""}"
