2026-10-03 03:29:46.000000,sysmon,bastion-01,root,,,,process_create,1,/usr/sbin/sshd,41719,{00000000-14d3-c5e7-9c4e-3b2c0978aa26},sshd: /usr/sbin/sshd -D [listener] 0 of 10-100 startups,/,{00000000-d1ba-ca97-b8de-2ff269b3142f},41720,/usr/sbin/sshd,sshd,root,,1002013,"<Event><System><Provider Name=""Linux-Sysmon"" Guid=""{ff032593-a8d3-4f13-b0d6-01fc615a0f97}""/><EventID>1</EventID><Version>5</Version><Level>4</Level><Task>1</Task><Opcode>0</Opcode><Keywords>0x8000000000000000</Keywords><TimeCreated SystemTime=""2026-10-03T03:29:46.000000000Z""/><EventRecordID>1002013</EventRecordID><Correlation/><Execution ProcessID=""1542964"" ThreadID=""1542964""/><Channel>Linux-Sysmon/Operational</Channel><Computer>bastion-01</Computer><Security UserId=""0""/></System><EventData><Data Name=""RuleName"">ProcessCreate</Data><Data Name=""UtcTime"">2026-10-03 03:29:46.000</Data><Data Name=""ProcessGuid"">{00000000-14d3-c5e7-9c4e-3b2c0978aa26}</Data><Data Name=""ProcessId"">41719</Data><Data Name=""Image"">/usr/sbin/sshd</Data><Data Name=""FileVersion"">-</Data><Data Name=""Description"">-</Data><Data Name=""Product"">-</Data><Data Name=""Company"">-</Data><Data Name=""OriginalFileName"">-</Data><Data Name=""CommandLine"">sshd: /usr/sbin/sshd -D [listener] 0 of 10-100 startups</Data><Data Name=""CurrentDirectory"">/</Data><Data Name=""User"">root</Data><Data Name=""LogonGuid"">{00000000-0000-0000-0000-000000000000}</Data><Data Name=""LogonId"">0</Data><Data Name=""TerminalSessionId"">4294967295</Data><Data Name=""IntegrityLevel"">no level</Data><Data Name=""Hashes"">-</Data><Data Name=""ParentProcessGuid"">{00000000-d1ba-ca97-b8de-2ff269b3142f}</Data><Data Name=""ParentProcessId"">41720</Data><Data Name=""ParentImage"">/usr/sbin/sshd</Data><Data Name=""ParentCommandLine"">sshd</Data><Data Name=""ParentUser"">root</Data></EventData></Event>","{""Provider_Name"":""Linux-Sysmon"",""Provider_Guid"":""{ff032593-a8d3-4f13-b0d6-01fc615a0f97}"",""Version"":""5"",""Level"":""4"",""Task"":""1"",""Opcode"":""0"",""Keywords"":""0x8000000000000000"",""TimeCreated_SystemTime"":""2026-10-03T03:29:46.000000000Z"",""Execution_ProcessID"":""1542964"",""Execution_ThreadID"":""1542964"",""Channel"":""Linux-Sysmon/Operational"",""Security_UserId"":""0"",""RuleName"":""ProcessCreate"",""FileVersion"":""-"",""Description"":""-"",""Product"":""-"",""Company"":""-"",""OriginalFileName"":""-"",""LogonGuid"":""{00000000-0000-0000-0000-000000000000}"",""LogonId"":""0"",""TerminalSessionId"":""4294967295"",""IntegrityLevel"":""no level"",""Hashes"":""-"",""LOADED_AT"":""2026-09-27 02:16:38.599""}"
2026-10-03 03:29:48.000000,sysmon,bastion-01,,,,,process_terminate,5,/usr/sbin/sshd,41719,{00000000-14d3-c5e7-9c4e-3b2c0978aa26},,,,,,,,,1002014,"<Event><System><Provider Name=""Linux-Sysmon"" Guid=""{ff032593-a8d3-4f13-b0d6-01fc615a0f97}""/><EventID>5</EventID><Version>3</Version><Level>4</Level><Task>5</Task><Opcode>0</Opcode><Keywords>0x8000000000000000</Keywords><TimeCreated SystemTime=""2026-10-03T03:29:48.000000000Z""/><EventRecordID>1002014</EventRecordID><Correlation/><Execution ProcessID=""1542964"" ThreadID=""1542964""/><Channel>Linux-Sysmon/Operational</Channel><Computer>bastion-01</Computer><Security UserId=""0""/></System><EventData><Data Name=""RuleName"">ProcessTerminate</Data><Data Name=""UtcTime"">2026-10-03 03:29:48.000</Data><Data Name=""ProcessGuid"">{00000000-14d3-c5e7-9c4e-3b2c0978aa26}</Data><Data Name=""ProcessId"">41719</Data><Data Name=""Image"">/usr/sbin/sshd</Data><Data Name=""User"">-</Data></EventData></Event>","{""Provider_Name"":""Linux-Sysmon"",""Provider_Guid"":""{ff032593-a8d3-4f13-b0d6-01fc615a0f97}"",""Version"":""3"",""Level"":""4"",""Task"":""5"",""Opcode"":""0"",""Keywords"":""0x8000000000000000"",""TimeCreated_SystemTime"":""2026-10-03T03:29:48.000000000Z"",""Execution_ProcessID"":""1542964"",""Execution_ThreadID"":""1542964"",""Channel"":""Linux-Sysmon/Operational"",""Security_UserId"":""0"",""RuleName"":""ProcessTerminate"",""LOADED_AT"":""2026-09-27 02:16:38.599""}"
2026-10-03 04:02:50.000000,sysmon,bastion-01,root,,,,process_create,1,/usr/bin/python3.12,41730,{00000000-1026-5257-84a8-89b9432c945f},python3.12 /opt/healthcheck/probe.py,/opt/healthcheck,{00000000-78b2-9fce-627c-42b00d7f35dd},41731,/usr/bin/python3.12,python3.12,root,,1002024,"<Event><System><Provider Name=""Linux-Sysmon"" Guid=""{ff032593-a8d3-4f13-b0d6-01fc615a0f97}""/><EventID>1</EventID><Version>5</Version><Level>4</Level><Task>1</Task><Opcode>0</Opcode><Keywords>0x8000000000000000</Keywords><TimeCreated SystemTime=""2026-10-03T04:02:50.000000000Z""/><EventRecordID>1002024</EventRecordID><Correlation/><Execution ProcessID=""1542964"" ThreadID=""1542964""/><Channel>Linux-Sysmon/Operational</Channel><Computer>bastion-01</Computer><Security UserId=""0""/></System><EventData><Data Name=""RuleName"">ProcessCreate</Data><Data Name=""UtcTime"">2026-10-03 04:02:50.000</Data><Data Name=""ProcessGuid"">{00000000-1026-5257-84a8-89b9432c945f}</Data><Data Name=""ProcessId"">41730</Data><Data Name=""Image"">/usr/bin/python3.12</Data><Data Name=""FileVersion"">-</Data><Data Name=""Description"">-</Data><Data Name=""Product"">-</Data><Data Name=""Company"">-</Data><Data Name=""OriginalFileName"">-</Data><Data Name=""CommandLine"">python3.12 /opt/healthcheck/probe.py</Data><Data Name=""CurrentDirectory"">/opt/healthcheck</Data><Data Name=""User"">root</Data><Data Name=""LogonGuid"">{00000000-0000-0000-0000-000000000000}</Data><Data Name=""LogonId"">0</Data><Data Name=""TerminalSessionId"">4294967295</Data><Data Name=""IntegrityLevel"">no level</Data><Data Name=""Hashes"">-</Data><Data Name=""ParentProcessGuid"">{00000000-78b2-9fce-627c-42b00d7f35dd}</Data><Data Name=""ParentProcessId"">41731</Data><Data Name=""ParentImage"">/usr/bin/python3.12</Data><Data Name=""ParentCommandLine"">python3.12</Data><Data Name=""ParentUser"">root</Data></EventData></Event>","{""Provider_Name"":""Linux-Sysmon"",""Provider_Guid"":""{ff032593-a8d3-4f13-b0d6-01fc615a0f97}"",""Version"":""5"",""Level"":""4"",""Task"":""1"",""Opcode"":""0"",""Keywords"":""0x8000000000000000"",""TimeCreated_SystemTime"":""2026-10-03T04:02:50.000000000Z"",""Execution_ProcessID"":""1542964"",""Execution_ThreadID"":""1542964"",""Channel"":""Linux-Sysmon/Operational"",""Security_UserId"":""0"",""RuleName"":""ProcessCreate"",""FileVersion"":""-"",""Description"":""-"",""Product"":""-"",""Company"":""-"",""OriginalFileName"":""-"",""LogonGuid"":""{00000000-0000-0000-0000-000000000000}"",""LogonId"":""0"",""TerminalSessionId"":""4294967295"",""IntegrityLevel"":""no level"",""Hashes"":""-"",""LOADED_AT"":""2026-09-27 02:16:38.599""}"
2026-10-03 04:02:50.300000,sysmon,bastion-01,root,10.10.1.10,10.10.1.30,80,network_connect,3,/usr/bin/python3.12,41732,{00000000-6cfa-9b5e-bb50-b99088256ef8},,,,,,,,,1002026,"<Event><System><Provider Name=""Linux-Sysmon"" Guid=""{ff032593-a8d3-4f13-b0d6-01fc615a0f97}""/><EventID>3</EventID><Version>5</Version><Level>4</Level><Task>3</Task><Opcode>0</Opcode><Keywords>0x8000000000000000</Keywords><TimeCreated SystemTime=""2026-10-03T04:02:50.300000000Z""/><EventRecordID>1002026</EventRecordID><Correlation/><Execution ProcessID=""1542964"" ThreadID=""1542964""/><Channel>Linux-Sysmon/Operational</Channel><Computer>bastion-01</Computer><Security UserId=""0""/></System><EventData><Data Name=""RuleName"">NetworkConnect</Data><Data Name=""UtcTime"">2026-10-03 04:02:50.300</Data><Data Name=""ProcessGuid"">{00000000-6cfa-9b5e-bb50-b99088256ef8}</Data><Data Name=""ProcessId"">41732</Data><Data Name=""Image"">/usr/bin/python3.12</Data><Data Name=""User"">root</Data><Data Name=""Protocol"">tcp</Data><Data Name=""Initiated"">true</Data><Data Name=""SourceIsIpv6"">false</Data><Data Name=""SourceIp"">10.10.1.10</Data><Data Name=""SourceHostname"">-</Data><Data Name=""SourcePort"">44198</Data><Data Name=""SourcePortName"">-</Data><Data Name=""DestinationIsIpv6"">false</Data><Data Name=""DestinationIp"">10.10.1.30</Data><Data Name=""DestinationHostname"">-</Data><Data Name=""DestinationPort"">80</Data><Data Name=""DestinationPortName"">-</Data></EventData></Event>","{""Provider_Name"":""Linux-Sysmon"",""Provider_Guid"":""{ff032593-a8d3-4f13-b0d6-01fc615a0f97}"",""Version"":""5"",""Level"":""4"",""Task"":""3"",""Opcode"":""0"",""Keywords"":""0x8000000000000000"",""TimeCreated_SystemTime"":""2026-10-03T04:02:50.300000000Z"",""Execution_ProcessID"":""1542964"",""Execution_ThreadID"":""1542964"",""Channel"":""Linux-Sysmon/Operational"",""Security_UserId"":""0"",""RuleName"":""NetworkConnect"",""Protocol"":""tcp"",""Initiated"":""true"",""SourceIsIpv6"":""false"",""SourceHostname"":""-"",""SourcePort"":""44198"",""SourcePortName"":""-"",""DestinationIsIpv6"":""false"",""DestinationHostname"":""-"",""DestinationPortName"":""-"",""LOADED_AT"":""2026-09-27 02:16:38.599""}"
2026-10-03 04:02:51.000000,sysmon,bastion-01,,,,,process_terminate,5,/usr/bin/python3.12,41730,{00000000-1026-5257-84a8-89b9432c945f},,,,,,,,,1002025,"<Event><System><Provider Name=""Linux-Sysmon"" Guid=""{ff032593-a8d3-4f13-b0d6-01fc615a0f97}""/><EventID>5</EventID><Version>3</Version><Level>4</Level><Task>5</Task><Opcode>0</Opcode><Keywords>0x8000000000000000</Keywords><TimeCreated SystemTime=""2026-10-03T04:02:51.000000000Z""/><EventRecordID>1002025</EventRecordID><Correlation/><Execution ProcessID=""1542964"" ThreadID=""1542964""/><Channel>Linux-Sysmon/Operational</Channel><Computer>bastion-01</Computer><Security UserId=""0""/></System><EventData><Data Name=""RuleName"">ProcessTerminate</Data><Data Name=""UtcTime"">2026-10-03 04:02:51.000</Data><Data Name=""ProcessGuid"">{00000000-1026-5257-84a8-89b9432c945f}</Data><Data Name=""ProcessId"">41730</Data><Data Name=""Image"">/usr/bin/python3.12</Data><Data Name=""User"">-</Data></EventData></Event>","{""Provider_Name"":""Linux-Sysmon"",""Provider_Guid"":""{ff032593-a8d3-4f13-b0d6-01fc615a0f97}"",""Version"":""3"",""Level"":""4"",""Task"":""5"",""Opcode"":""0"",""Keywords"":""0x8000000000000000"",""TimeCreated_SystemTime"":""2026-10-03T04:02:51.000000000Z"",""Execution_ProcessID"":""1542964"",""Execution_ThreadID"":""1542964"",""Channel"":""Linux-Sysmon/Operational"",""Security_UserId"":""0"",""RuleName"":""ProcessTerminate"",""LOADED_AT"":""2026-09-27 02:16:38.599""}"
2026-10-03 04:13:27.000000,sysmon,bastion-01,root,,,,file_create,11,/usr/bin/python3.12,41733,{00000000-250e-013f-4ae8-9e353fc8cff1},,,,,,,,/tmp/health-537256,1002027,"<Event><System><Provider Name=""Linux-Sysmon"" Guid=""{ff032593-a8d3-4f13-b0d6-01fc615a0f97}""/><EventID>11</EventID><Version>2</Version><Level>4</Level><Task>11</Task><Opcode>0</Opcode><Keywords>0x8000000000000000</Keywords><TimeCreated SystemTime=""2026-10-03T04:13:27.000000000Z""/><EventRecordID>1002027</EventRecordID><Correlation/><Execution ProcessID=""1542964"" ThreadID=""1542964""/><Channel>Linux-Sysmon/Operational</Channel><Computer>bastion-01</Computer><Security UserId=""0""/></System><EventData><Data Name=""RuleName"">FileCreate</Data><Data Name=""UtcTime"">2026-10-03 04:13:27.000</Data><Data Name=""ProcessGuid"">{00000000-250e-013f-4ae8-9e353fc8cff1}</Data><Data Name=""ProcessId"">41733</Data><Data Name=""Image"">/usr/bin/python3.12</Data><Data Name=""TargetFilename"">/tmp/health-537256</Data><Data Name=""CreationUtcTime"">2026-10-03 04:13:27.000</Data><Data Name=""User"">root</Data></EventData></Event>","{""Provider_Name"":""Linux-Sysmon"",""Provider_Guid"":""{ff032593-a8d3-4f13-b0d6-01fc615a0f97}"",""Version"":""2"",""Level"":""4"",""Task"":""11"",""Opcode"":""0"",""Keywords"":""0x8000000000000000"",""TimeCreated_SystemTime"":""2026-10-03T04:13:27.000000000Z"",""Execution_ProcessID"":""1542964"",""Execution_ThreadID"":""1542964"",""Channel"":""Linux-Sysmon/Operational"",""Security_UserId"":""0"",""RuleName"":""FileCreate"",""CreationUtcTime"":""2026-10-03 04:13:27.000"",""LOADED_AT"":""2026-09-27 02:16:38.599""}"
2026-10-03 04:15:32.000000,sysmon,web-01,syslog,10.10.1.30,10.10.1.20,80,network_connect,3,/usr/local/nginx/sbin/nginx,41734,{00000000-dd05-e0e6-25c7-8b20214c29f7},,,,,,,,,1002028,"<Event><System><Provider Name=""Linux-Sysmon"" Guid=""{ff032593-a8d3-4f13-b0d6-01fc615a0f97}""/><EventID>3</EventID><Version>5</Version><Level>4</Level><Task>3</Task><Opcode>0</Opcode><Keywords>0x8000000000000000</Keywords><TimeCreated SystemTime=""2026-10-03T04:15:32.000000000Z""/><EventRecordID>1002028</EventRecordID><Correlation/><Execution ProcessID=""1542964"" ThreadID=""1542964""/><Channel>Linux-Sysmon/Operational</Channel><Computer>web-01</Computer><Security UserId=""0""/></System><EventData><Data Name=""RuleName"">NetworkConnect</Data><Data Name=""UtcTime"">2026-10-03 04:15:32.000</Data><Data Name=""ProcessGuid"">{00000000-dd05-e0e6-25c7-8b20214c29f7}</Data><Data Name=""ProcessId"">41734</Data><Data Name=""Image"">/usr/local/nginx/sbin/nginx</Data><Data Name=""User"">syslog</Data><Data Name=""Protocol"">tcp</Data><Data Name=""Initiated"">true</Data><Data Name=""SourceIsIpv6"">false</Data><Data Name=""SourceIp"">10.10.1.30</Data><Data Name=""SourceHostname"">-</Data><Data Name=""SourcePort"">38712</Data><Data Name=""SourcePortName"">-</Data><Data Name=""DestinationIsIpv6"">false</Data><Data Name=""DestinationIp"">10.10.1.20</Data><Data Name=""DestinationHostname"">-</Data><Data Name=""DestinationPort"">80</Data><Data Name=""DestinationPortName"">-</Data></EventData></Event>","{""Provider_Name"":""Linux-Sysmon"",""Provider_Guid"":""{ff032593-a8d3-4f13-b0d6-01fc615a0f97}"",""Version"":""5"",""Level"":""4"",""Task"":""3"",""Opcode"":""0"",""Keywords"":""0x8000000000000000"",""TimeCreated_SystemTime"":""2026-10-03T04:15:32.000000000Z"",""Execution_ProcessID"":""1542964"",""Execution_ThreadID"":""1542964"",""Channel"":""Linux-Sysmon/Operational"",""Security_UserId"":""0"",""RuleName"":""NetworkConnect"",""Protocol"":""tcp"",""Initiated"":""true"",""SourceIsIpv6"":""false"",""SourceHostname"":""-"",""SourcePort"":""38712"",""SourcePortName"":""-"",""DestinationIsIpv6"":""false"",""DestinationHostname"":""-"",""DestinationPortName"":""-"",""LOADED_AT"":""2026-09-27 02:16:38.599""}"
2026-10-03 05:04:53.000000,sysmon,app-01,root,,,,process_create,1,/usr/bin/python3.12,41738,{00000000-f76d-91ca-2229-1bc5f6b8b546},python3.12 /opt/healthcheck/probe.py,/opt/healthcheck,{00000000-f693-3fb6-7f1c-a124ded8205d},41739,/usr/bin/python3.12,python3.12,root,,1002032,"<Event><System><Provider Name=""Linux-Sysmon"" Guid=""{ff032593-a8d3-4f13-b0d6-01fc615a0f97}""/><EventID>1</EventID><Version>5</Version><Level>4</Level><Task>1</Task><Opcode>0</Opcode><Keywords>0x8000000000000000</Keywords><TimeCreated SystemTime=""2026-10-03T05:04:53.000000000Z""/><EventRecordID>1002032</EventRecordID><Correlation/><Execution ProcessID=""1542964"" ThreadID=""1542964""/><Channel>Linux-Sysmon/Operational</Channel><Computer>app-01</Computer><Security UserId=""0""/></System><EventData><Data Name=""RuleName"">ProcessCreate</Data><Data Name=""UtcTime"">2026-10-03 05:04:53.000</Data><Data Name=""ProcessGuid"">{00000000-f76d-91ca-2229-1bc5f6b8b546}</Data><Data Name=""ProcessId"">41738</Data><Data Name=""Image"">/usr/bin/python3.12</Data><Data Name=""FileVersion"">-</Data><Data Name=""Description"">-</Data><Data Name=""Product"">-</Data><Data Name=""Company"">-</Data><Data Name=""OriginalFileName"">-</Data><Data Name=""CommandLine"">python3.12 /opt/healthcheck/probe.py</Data><Data Name=""CurrentDirectory"">/opt/healthcheck</Data><Data Name=""User"">root</Data><Data Name=""LogonGuid"">{00000000-0000-0000-0000-000000000000}</Data><Data Name=""LogonId"">0</Data><Data Name=""TerminalSessionId"">4294967295</Data><Data Name=""IntegrityLevel"">no level</Data><Data Name=""Hashes"">-</Data><Data Name=""ParentProcessGuid"">{00000000-f693-3fb6-7f1c-a124ded8205d}</Data><Data Name=""ParentProcessId"">41739</Data><Data Name=""ParentImage"">/usr/bin/python3.12</Data><Data Name=""ParentCommandLine"">python3.12</Data><Data Name=""ParentUser"">root</Data></EventData></Event>","{""Provider_Name"":""Linux-Sysmon"",""Provider_Guid"":""{ff032593-a8d3-4f13-b0d6-01fc615a0f97}"",""Version"":""5"",""Level"":""4"",""Task"":""1"",""Opcode"":""0"",""Keywords"":""0x8000000000000000"",""TimeCreated_SystemTime"":""2026-10-03T05:04:53.000000000Z"",""Execution_ProcessID"":""1542964"",""Execution_ThreadID"":""1542964"",""Channel"":""Linux-Sysmon/Operational"",""Security_UserId"":""0"",""RuleName"":""ProcessCreate"",""FileVersion"":""-"",""Description"":""-"",""Product"":""-"",""Company"":""-"",""OriginalFileName"":""-"",""LogonGuid"":""{00000000-0000-0000-0000-000000000000}"",""LogonId"":""0"",""TerminalSessionId"":""4294967295"",""IntegrityLevel"":""no level"",""Hashes"":""-"",""LOADED_AT"":""2026-09-27 02:16:38.599""}"
2026-10-03 05:04:53.300000,sysmon,app-01,root,10.10.1.20,10.10.1.30,80,network_connect,3,/usr/bin/python3.12,41740,{00000000-a87a-4779-223c-203f425f2c39},,,,,,,,,1002034,"<Event><System><Provider Name=""Linux-Sysmon"" Guid=""{ff032593-a8d3-4f13-b0d6-01fc615a0f97}""/><EventID>3</EventID><Version>5</Version><Level>4</Level><Task>3</Task><Opcode>0</Opcode><Keywords>0x8000000000000000</Keywords><TimeCreated SystemTime=""2026-10-03T05:04:53.300000000Z""/><EventRecordID>1002034</EventRecordID><Correlation/><Execution ProcessID=""1542964"" ThreadID=""1542964""/><Channel>Linux-Sysmon/Operational</Channel><Computer>app-01</Computer><Security UserId=""0""/></System><EventData><Data Name=""RuleName"">NetworkConnect</Data><Data Name=""UtcTime"">2026-10-03 05:04:53.300</Data><Data Name=""ProcessGuid"">{00000000-a87a-4779-223c-203f425f2c39}</Data><Data Name=""ProcessId"">41740</Data><Data Name=""Image"">/usr/bin/python3.12</Data><Data Name=""User"">root</Data><Data Name=""Protocol"">tcp</Data><Data Name=""Initiated"">true</Data><Data Name=""SourceIsIpv6"">false</Data><Data Name=""SourceIp"">10.10.1.20</Data><Data Name=""SourceHostname"">-</Data><Data Name=""SourcePort"">41934</Data><Data Name=""SourcePortName"">-</Data><Data Name=""DestinationIsIpv6"">false</Data><Data Name=""DestinationIp"">10.10.1.30</Data><Data Name=""DestinationHostname"">-</Data><Data Name=""DestinationPort"">80</Data><Data Name=""DestinationPortName"">-</Data></EventData></Event>","{""Provider_Name"":""Linux-Sysmon"",""Provider_Guid"":""{ff032593-a8d3-4f13-b0d6-01fc615a0f97}"",""Version"":""5"",""Level"":""4"",""Task"":""3"",""Opcode"":""0"",""Keywords"":""0x8000000000000000"",""TimeCreated_SystemTime"":""2026-10-03T05:04:53.300000000Z"",""Execution_ProcessID"":""1542964"",""Execution_ThreadID"":""1542964"",""Channel"":""Linux-Sysmon/Operational"",""Security_UserId"":""0"",""RuleName"":""NetworkConnect"",""Protocol"":""tcp"",""Initiated"":""true"",""SourceIsIpv6"":""false"",""SourceHostname"":""-"",""SourcePort"":""41934"",""SourcePortName"":""-"",""DestinationIsIpv6"":""false"",""DestinationHostname"":""-"",""DestinationPortName"":""-"",""LOADED_AT"":""2026-09-27 02:16:38.599""}"
2026-10-03 05:04:54.000000,sysmon,app-01,,,,,process_terminate,5,/usr/bin/python3.12,41738,{00000000-f76d-91ca-2229-1bc5f6b8b546},,,,,,,,,1002033,"<Event><System><Provider Name=""Linux-Sysmon"" Guid=""{ff032593-a8d3-4f13-b0d6-01fc615a0f97}""/><EventID>5</EventID><Version>3</Version><Level>4</Level><Task>5</Task><Opcode>0</Opcode><Keywords>0x8000000000000000</Keywords><TimeCreated SystemTime=""2026-10-03T05:04:54.000000000Z""/><EventRecordID>1002033</EventRecordID><Correlation/><Execution ProcessID=""1542964"" ThreadID=""1542964""/><Channel>Linux-Sysmon/Operational</Channel><Computer>app-01</Computer><Security UserId=""0""/></System><EventData><Data Name=""RuleName"">ProcessTerminate</Data><Data Name=""UtcTime"">2026-10-03 05:04:54.000</Data><Data Name=""ProcessGuid"">{00000000-f76d-91ca-2229-1bc5f6b8b546}</Data><Data Name=""ProcessId"">41738</Data><Data Name=""Image"">/usr/bin/python3.12</Data><Data Name=""User"">-</Data></EventData></Event>","{""Provider_Name"":""Linux-Sysmon"",""Provider_Guid"":""{ff032593-a8d3-4f13-b0d6-01fc615a0f97}"",""Version"":""3"",""Level"":""4"",""Task"":""5"",""Opcode"":""0"",""Keywords"":""0x8000000000000000"",""TimeCreated_SystemTime"":""2026-10-03T05:04:54.000000000Z"",""Execution_ProcessID"":""1542964"",""Execution_ThreadID"":""1542964"",""Channel"":""Linux-Sysmon/Operational"",""Security_UserId"":""0"",""RuleName"":""ProcessTerminate"",""LOADED_AT"":""2026-09-27 02:16:38.599""}"
2026-10-03 05:07:25.000000,sysmon,bastion-01,root,,,,process_create,1,/usr/bin/python3.12,41735,{00000000-cf37-5762-b99a-0cc08d9ffa25},python3.12 /opt/healthcheck/probe.py,/opt/healthcheck,{00000000-4fb5-a49f-5dfa-57525b94d014},41736,/usr/bin/python3.12,python3.12,root,,1002029,"<Event><System><Provider Name=""Linux-Sysmon"" Guid=""{ff032593-a8d3-4f13-b0d6-01fc615a0f97}""/><EventID>1</EventID><Version>5</Version><Level>4</Level><Task>1</Task><Opcode>0</Opcode><Keywords>0x8000000000000000</Keywords><TimeCreated SystemTime=""2026-10-03T05:07:25.000000000Z""/><EventRecordID>1002029</EventRecordID><Correlation/><Execution ProcessID=""1542964"" ThreadID=""1542964""/><Channel>Linux-Sysmon/Operational</Channel><Computer>bastion-01</Computer><Security UserId=""0""/></System><EventData><Data Name=""RuleName"">ProcessCreate</Data><Data Name=""UtcTime"">2026-10-03 05:07:25.000</Data><Data Name=""ProcessGuid"">{00000000-cf37-5762-b99a-0cc08d9ffa25}</Data><Data Name=""ProcessId"">41735</Data><Data Name=""Image"">/usr/bin/python3.12</Data><Data Name=""FileVersion"">-</Data><Data Name=""Description"">-</Data><Data Name=""Product"">-</Data><Data Name=""Company"">-</Data><Data Name=""OriginalFileName"">-</Data><Data Name=""CommandLine"">python3.12 /opt/healthcheck/probe.py</Data><Data Name=""CurrentDirectory"">/opt/healthcheck</Data><Data Name=""User"">root</Data><Data Name=""LogonGuid"">{00000000-0000-0000-0000-000000000000}</Data><Data Name=""LogonId"">0</Data><Data Name=""TerminalSessionId"">4294967295</Data><Data Name=""IntegrityLevel"">no level</Data><Data Name=""Hashes"">-</Data><Data Name=""ParentProcessGuid"">{00000000-4fb5-a49f-5dfa-57525b94d014}</Data><Data Name=""ParentProcessId"">41736</Data><Data Name=""ParentImage"">/usr/bin/python3.12</Data><Data Name=""ParentCommandLine"">python3.12</Data><Data Name=""ParentUser"">root</Data></EventData></Event>","{""Provider_Name"":""Linux-Sysmon"",""Provider_Guid"":""{ff032593-a8d3-4f13-b0d6-01fc615a0f97}"",""Version"":""5"",""Level"":""4"",""Task"":""1"",""Opcode"":""0"",""Keywords"":""0x8000000000000000"",""TimeCreated_SystemTime"":""2026-10-03T05:07:25.000000000Z"",""Execution_ProcessID"":""1542964"",""Execution_ThreadID"":""1542964"",""Channel"":""Linux-Sysmon/Operational"",""Security_UserId"":""0"",""RuleName"":""ProcessCreate"",""FileVersion"":""-"",""Description"":""-"",""Product"":""-"",""Company"":""-"",""OriginalFileName"":""-"",""LogonGuid"":""{00000000-0000-0000-0000-000000000000}"",""LogonId"":""0"",""TerminalSessionId"":""4294967295"",""IntegrityLevel"":""no level"",""Hashes"":""-"",""LOADED_AT"":""2026-09-27 02:16:38.599""}"
2026-10-03 05:07:25.300000,sysmon,bastion-01,root,10.10.1.10,10.10.1.30,80,network_connect,3,/usr/bin/python3.12,41737,{00000000-7746-ae7d-becd-727695fa439a},,,,,,,,,1002031,"<Event><System><Provider Name=""Linux-Sysmon"" Guid=""{ff032593-a8d3-4f13-b0d6-01fc615a0f97}""/><EventID>3</EventID><Version>5</Version><Level>4</Level><Task>3</Task><Opcode>0</Opcode><Keywords>0x8000000000000000</Keywords><TimeCreated SystemTime=""2026-10-03T05:07:25.300000000Z""/><EventRecordID>1002031</EventRecordID><Correlation/><Execution ProcessID=""1542964"" ThreadID=""1542964""/><Channel>Linux-Sysmon/Operational</Channel><Computer>bastion-01</Computer><Security UserId=""0""/></System><EventData><Data Name=""RuleName"">NetworkConnect</Data><Data Name=""UtcTime"">2026-10-03 05:07:25.300</Data><Data Name=""ProcessGuid"">{00000000-7746-ae7d-becd-727695fa439a}</Data><Data Name=""ProcessId"">41737</Data><Data Name=""Image"">/usr/bin/python3.12</Data><Data Name=""User"">root</Data><Data Name=""Protocol"">tcp</Data><Data Name=""Initiated"">true</Data><Data Name=""SourceIsIpv6"">false</Data><Data Name=""SourceIp"">10.10.1.10</Data><Data Name=""SourceHostname"">-</Data><Data Name=""SourcePort"">57341</Data><Data Name=""SourcePortName"">-</Data><Data Name=""DestinationIsIpv6"">false</Data><Data Name=""DestinationIp"">10.10.1.30</Data><Data Name=""DestinationHostname"">-</Data><Data Name=""DestinationPort"">80</Data><Data Name=""DestinationPortName"">-</Data></EventData></Event>","{""Provider_Name"":""Linux-Sysmon"",""Provider_Guid"":""{ff032593-a8d3-4f13-b0d6-01fc615a0f97}"",""Version"":""5"",""Level"":""4"",""Task"":""3"",""Opcode"":""0"",""Keywords"":""0x8000000000000000"",""TimeCreated_SystemTime"":""2026-10-03T05:07:25.300000000Z"",""Execution_ProcessID"":""1542964"",""Execution_ThreadID"":""1542964"",""Channel"":""Linux-Sysmon/Operational"",""Security_UserId"":""0"",""RuleName"":""NetworkConnect"",""Protocol"":""tcp"",""Initiated"":""true"",""SourceIsIpv6"":""false"",""SourceHostname"":""-"",""SourcePort"":""57341"",""SourcePortName"":""-"",""DestinationIsIpv6"":""false"",""DestinationHostname"":""-"",""DestinationPortName"":""-"",""LOADED_AT"":""2026-09-27 02:16:38.599""}"
2026-10-03 05:07:26.000000,sysmon,bastion-01,,,,,process_terminate,5,/usr/bin/python3.12,41735,{00000000-cf37-5762-b99a-0cc08d9ffa25},,,,,,,,,1002030,"<Event><System><Provider Name=""Linux-Sysmon"" Guid=""{ff032593-a8d3-4f13-b0d6-01fc615a0f97}""/><EventID>5</EventID><Version>3</Version><Level>4</Level><Task>5</Task><Opcode>0</Opcode><Keywords>0x8000000000000000</Keywords><TimeCreated SystemTime=""2026-10-03T05:07:26.000000000Z""/><EventRecordID>1002030</EventRecordID><Correlation/><Execution ProcessID=""1542964"" ThreadID=""1542964""/><Channel>Linux-Sysmon/Operational</Channel><Computer>bastion-01</Computer><Security UserId=""0""/></System><EventData><Data Name=""RuleName"">ProcessTerminate</Data><Data Name=""UtcTime"">2026-10-03 05:07:26.000</Data><Data Name=""ProcessGuid"">{00000000-cf37-5762-b99a-0cc08d9ffa25}</Data><Data Name=""ProcessId"">41735</Data><Data Name=""Image"">/usr/bin/python3.12</Data><Data Name=""User"">-</Data></EventData></Event>","{""Provider_Name"":""Linux-Sysmon"",""Provider_Guid"":""{ff032593-a8d3-4f13-b0d6-01fc615a0f97}"",""Version"":""3"",""Level"":""4"",""Task"":""5"",""Opcode"":""0"",""Keywords"":""0x8000000000000000"",""TimeCreated_SystemTime"":""2026-10-03T05:07:26.000000000Z"",""Execution_ProcessID"":""1542964"",""Execution_ThreadID"":""1542964"",""Channel"":""Linux-Sysmon/Operational"",""Security_UserId"":""0"",""RuleName"":""ProcessTerminate"",""LOADED_AT"":""2026-09-27 02:16:38.599""}"
2026-10-03 05:08:44.000000,sysmon,web-01,root,,,,process_create,1,/usr/bin/python3.12,41741,{00000000-6c2b-e8f4-85db-ed512226157c},python3.12 /opt/healthcheck/probe.py,/opt/healthcheck,{00000000-089c-3bfc-1855-6d500946d29a},41742,/usr/bin/python3.12,python3.12,root,,1002035,"<Event><System><Provider Name=""Linux-Sysmon"" Guid=""{ff032593-a8d3-4f13-b0d6-01fc615a0f97}""/><EventID>1</EventID><Version>5</Version><Level>4</Level><Task>1</Task><Opcode>0</Opcode><Keywords>0x8000000000000000</Keywords><TimeCreated SystemTime=""2026-10-03T05:08:44.000000000Z""/><EventRecordID>1002035</EventRecordID><Correlation/><Execution ProcessID=""1542964"" ThreadID=""1542964""/><Channel>Linux-Sysmon/Operational</Channel><Computer>web-01</Computer><Security UserId=""0""/></System><EventData><Data Name=""RuleName"">ProcessCreate</Data><Data Name=""UtcTime"">2026-10-03 05:08:44.000</Data><Data Name=""ProcessGuid"">{00000000-6c2b-e8f4-85db-ed512226157c}</Data><Data Name=""ProcessId"">41741</Data><Data Name=""Image"">/usr/bin/python3.12</Data><Data Name=""FileVersion"">-</Data><Data Name=""Description"">-</Data><Data Name=""Product"">-</Data><Data Name=""Company"">-</Data><Data Name=""OriginalFileName"">-</Data><Data Name=""CommandLine"">python3.12 /opt/healthcheck/probe.py</Data><Data Name=""CurrentDirectory"">/opt/healthcheck</Data><Data Name=""User"">root</Data><Data Name=""LogonGuid"">{00000000-0000-0000-0000-000000000000}</Data><Data Name=""LogonId"">0</Data><Data Name=""TerminalSessionId"">4294967295</Data><Data Name=""IntegrityLevel"">no level</Data><Data Name=""Hashes"">-</Data><Data Name=""ParentProcessGuid"">{00000000-089c-3bfc-1855-6d500946d29a}</Data><Data Name=""ParentProcessId"">41742</Data><Data Name=""ParentImage"">/usr/bin/python3.12</Data><Data Name=""ParentCommandLine"">python3.12</Data><Data Name=""ParentUser"">root</Data></EventData></Event>","{""Provider_Name"":""Linux-Sysmon"",""Provider_Guid"":""{ff032593-a8d3-4f13-b0d6-01fc615a0f97}"",""Version"":""5"",""Level"":""4"",""Task"":""1"",""Opcode"":""0"",""Keywords"":""0x8000000000000000"",""TimeCreated_SystemTime"":""2026-10-03T05:08:44.000000000Z"",""Execution_ProcessID"":""1542964"",""Execution_ThreadID"":""1542964"",""Channel"":""Linux-Sysmon/Operational"",""Security_UserId"":""0"",""RuleName"":""ProcessCreate"",""FileVersion"":""-"",""Description"":""-"",""Product"":""-"",""Company"":""-"",""OriginalFileName"":""-"",""LogonGuid"":""{00000000-0000-0000-0000-000000000000}"",""LogonId"":""0"",""TerminalSessionId"":""4294967295"",""IntegrityLevel"":""no level"",""Hashes"":""-"",""LOADED_AT"":""2026-09-27 02:16:38.599""}"
2026-10-03 05:08:44.300000,sysmon,web-01,root,10.10.1.30,10.10.1.30,80,network_connect,3,/usr/bin/python3.12,41743,{00000000-f905-3733-0a9b-fad2bde88bcf},,,,,,,,,1002037,"<Event><System><Provider Name=""Linux-Sysmon"" Guid=""{ff032593-a8d3-4f13-b0d6-01fc615a0f97}""/><EventID>3</EventID><Version>5</Version><Level>4</Level><Task>3</Task><Opcode>0</Opcode><Keywords>0x8000000000000000</Keywords><TimeCreated SystemTime=""2026-10-03T05:08:44.300000000Z""/><EventRecordID>1002037</EventRecordID><Correlation/><Execution ProcessID=""1542964"" ThreadID=""1542964""/><Channel>Linux-Sysmon/Operational</Channel><Computer>web-01</Computer><Security UserId=""0""/></System><EventData><Data Name=""RuleName"">NetworkConnect</Data><Data Name=""UtcTime"">2026-10-03 05:08:44.300</Data><Data Name=""ProcessGuid"">{00000000-f905-3733-0a9b-fad2bde88bcf}</Data><Data Name=""ProcessId"">41743</Data><Data Name=""Image"">/usr/bin/python3.12</Data><Data Name=""User"">root</Data><Data Name=""Protocol"">tcp</Data><Data Name=""Initiated"">true</Data><Data Name=""SourceIsIpv6"">false</Data><Data Name=""SourceIp"">10.10.1.30</Data><Data Name=""SourceHostname"">-</Data><Data Name=""SourcePort"">57573</Data><Data Name=""SourcePortName"">-</Data><Data Name=""DestinationIsIpv6"">false</Data><Data Name=""DestinationIp"">10.10.1.30</Data><Data Name=""DestinationHostname"">-</Data><Data Name=""DestinationPort"">80</Data><Data Name=""DestinationPortName"">-</Data></EventData></Event>","{""Provider_Name"":""Linux-Sysmon"",""Provider_Guid"":""{ff032593-a8d3-4f13-b0d6-01fc615a0f97}"",""Version"":""5"",""Level"":""4"",""Task"":""3"",""Opcode"":""0"",""Keywords"":""0x8000000000000000"",""TimeCreated_SystemTime"":""2026-10-03T05:08:44.300000000Z"",""Execution_ProcessID"":""1542964"",""Execution_ThreadID"":""1542964"",""Channel"":""Linux-Sysmon/Operational"",""Security_UserId"":""0"",""RuleName"":""NetworkConnect"",""Protocol"":""tcp"",""Initiated"":""true"",""SourceIsIpv6"":""false"",""SourceHostname"":""-"",""SourcePort"":""57573"",""SourcePortName"":""-"",""DestinationIsIpv6"":""false"",""DestinationHostname"":""-"",""DestinationPortName"":""-"",""LOADED_AT"":""2026-09-27 02:16:38.599""}"
2026-10-03 05:08:45.000000,sysmon,web-01,,,,,process_terminate,5,/usr/bin/python3.12,41741,{00000000-6c2b-e8f4-85db-ed512226157c},,,,,,,,,1002036,"<Event><System><Provider Name=""Linux-Sysmon"" Guid=""{ff032593-a8d3-4f13-b0d6-01fc615a0f97}""/><EventID>5</EventID><Version>3</Version><Level>4</Level><Task>5</Task><Opcode>0</Opcode><Keywords>0x8000000000000000</Keywords><TimeCreated SystemTime=""2026-10-03T05:08:45.000000000Z""/><EventRecordID>1002036</EventRecordID><Correlation/><Execution ProcessID=""1542964"" ThreadID=""1542964""/><Channel>Linux-Sysmon/Operational</Channel><Computer>web-01</Computer><Security UserId=""0""/></System><EventData><Data Name=""RuleName"">ProcessTerminate</Data><Data Name=""UtcTime"">2026-10-03 05:08:45.000</Data><Data Name=""ProcessGuid"">{00000000-6c2b-e8f4-85db-ed512226157c}</Data><Data Name=""ProcessId"">41741</Data><Data Name=""Image"">/usr/bin/python3.12</Data><Data Name=""User"">-</Data></EventData></Event>","{""Provider_Name"":""Linux-Sysmon"",""Provider_Guid"":""{ff032593-a8d3-4f13-b0d6-01fc615a0f97}"",""Version"":""3"",""Level"":""4"",""Task"":""5"",""Opcode"":""0"",""Keywords"":""0x8000000000000000"",""TimeCreated_SystemTime"":""2026-10-03T05:08:45.000000000Z"",""Execution_ProcessID"":""1542964"",""Execution_ThreadID"":""1542964"",""Channel"":""Linux-Sysmon/Operational"",""Security_UserId"":""0"",""RuleName"":""ProcessTerminate"",""LOADED_AT"":""2026-09-27 02:16:38.599""}"
2026-10-03 05:10:05.000000,sysmon,node-01,root,10.10.1.40,10.10.1.30,80,network_connect,3,/usr/sbin/nginx,41745,{00000000-0b9d-4ada-d142-cb022d54554c},,,,,,,,,1002039,"<Event><System><Provider Name=""Linux-Sysmon"" Guid=""{ff032593-a8d3-4f13-b0d6-01fc615a0f97}""/><EventID>3</EventID><Version>5</Version><Level>4</Level><Task>3</Task><Opcode>0</Opcode><Keywords>0x8000000000000000</Keywords><TimeCreated SystemTime=""2026-10-03T05:10:05.000000000Z""/><EventRecordID>1002039</EventRecordID><Correlation/><Execution ProcessID=""1542964"" ThreadID=""1542964""/><Channel>Linux-Sysmon/Operational</Channel><Computer>node-01</Computer><Security UserId=""0""/></System><EventData><Data Name=""RuleName"">NetworkConnect</Data><Data Name=""UtcTime"">2026-10-03 05:10:05.000</Data><Data Name=""ProcessGuid"">{00000000-0b9d-4ada-d142-cb022d54554c}</Data><Data Name=""ProcessId"">41745</Data><Data Name=""Image"">/usr/sbin/nginx</Data><Data Name=""User"">root</Data><Data Name=""Protocol"">tcp</Data><Data Name=""Initiated"">true</Data><Data Name=""SourceIsIpv6"">false</Data><Data Name=""SourceIp"">10.10.1.40</Data><Data Name=""SourceHostname"">-</Data><Data Name=""SourcePort"">39465</Data><Data Name=""SourcePortName"">-</Data><Data Name=""DestinationIsIpv6"">false</Data><Data Name=""DestinationIp"">10.10.1.30</Data><Data Name=""DestinationHostname"">-</Data><Data Name=""DestinationPort"">80</Data><Data Name=""DestinationPortName"">-</Data></EventData></Event>","{""Provider_Name"":""Linux-Sysmon"",""Provider_Guid"":""{ff032593-a8d3-4f13-b0d6-01fc615a0f97}"",""Version"":""5"",""Level"":""4"",""Task"":""3"",""Opcode"":""0"",""Keywords"":""0x8000000000000000"",""TimeCreated_SystemTime"":""2026-10-03T05:10:05.000000000Z"",""Execution_ProcessID"":""1542964"",""Execution_ThreadID"":""1542964"",""Channel"":""Linux-Sysmon/Operational"",""Security_UserId"":""0"",""RuleName"":""NetworkConnect"",""Protocol"":""tcp"",""Initiated"":""true"",""SourceIsIpv6"":""false"",""SourceHostname"":""-"",""SourcePort"":""39465"",""SourcePortName"":""-"",""DestinationIsIpv6"":""false"",""DestinationHostname"":""-"",""DestinationPortName"":""-"",""LOADED_AT"":""2026-09-27 02:16:38.599""}"
2026-10-03 05:12:31.000000,sysmon,web-01,syslog,10.10.1.30,10.10.1.20,80,network_connect,3,/usr/local/nginx/sbin/nginx,41744,{00000000-73b9-ad4b-6b68-c1bbb20d810f},,,,,,,,,1002038,"<Event><System><Provider Name=""Linux-Sysmon"" Guid=""{ff032593-a8d3-4f13-b0d6-01fc615a0f97}""/><EventID>3</EventID><Version>5</Version><Level>4</Level><Task>3</Task><Opcode>0</Opcode><Keywords>0x8000000000000000</Keywords><TimeCreated SystemTime=""2026-10-03T05:12:31.000000000Z""/><EventRecordID>1002038</EventRecordID><Correlation/><Execution ProcessID=""1542964"" ThreadID=""1542964""/><Channel>Linux-Sysmon/Operational</Channel><Computer>web-01</Computer><Security UserId=""0""/></System><EventData><Data Name=""RuleName"">NetworkConnect</Data><Data Name=""UtcTime"">2026-10-03 05:12:31.000</Data><Data Name=""ProcessGuid"">{00000000-73b9-ad4b-6b68-c1bbb20d810f}</Data><Data Name=""ProcessId"">41744</Data><Data Name=""Image"">/usr/local/nginx/sbin/nginx</Data><Data Name=""User"">syslog</Data><Data Name=""Protocol"">tcp</Data><Data Name=""Initiated"">true</Data><Data Name=""SourceIsIpv6"">false</Data><Data Name=""SourceIp"">10.10.1.30</Data><Data Name=""SourceHostname"">-</Data><Data Name=""SourcePort"">40895</Data><Data Name=""SourcePortName"">-</Data><Data Name=""DestinationIsIpv6"">false</Data><Data Name=""DestinationIp"">10.10.1.20</Data><Data Name=""DestinationHostname"">-</Data><Data Name=""DestinationPort"">80</Data><Data Name=""DestinationPortName"">-</Data></EventData></Event>","{""Provider_Name"":""Linux-Sysmon"",""Provider_Guid"":""{ff032593-a8d3-4f13-b0d6-01fc615a0f97}"",""Version"":""5"",""Level"":""4"",""Task"":""3"",""Opcode"":""0"",""Keywords"":""0x8000000000000000"",""TimeCreated_SystemTime"":""2026-10-03T05:12:31.000000000Z"",""Execution_ProcessID"":""1542964"",""Execution_ThreadID"":""1542964"",""Channel"":""Linux-Sysmon/Operational"",""Security_UserId"":""0"",""RuleName"":""NetworkConnect"",""Protocol"":""tcp"",""Initiated"":""true"",""SourceIsIpv6"":""false"",""SourceHostname"":""-"",""SourcePort"":""40895"",""SourcePortName"":""-"",""DestinationIsIpv6"":""false"",""DestinationHostname"":""-"",""DestinationPortName"":""-"",""LOADED_AT"":""2026-09-27 02:16:38.599""}"
2026-10-03 06:02:07.000000,sysmon,app-01,root,,,,process_create,1,/usr/bin/python3.12,41749,{00000000-d7dc-cfb4-045e-469bd6a90d74},python3.12 /opt/healthcheck/probe.py,/opt/healthcheck,{00000000-b536-e648-d3e2-b32946932396},41750,/usr/bin/python3.12,python3.12,root,,1002043,"<Event><System><Provider Name=""Linux-Sysmon"" Guid=""{ff032593-a8d3-4f13-b0d6-01fc615a0f97}""/><EventID>1</EventID><Version>5</Version><Level>4</Level><Task>1</Task><Opcode>0</Opcode><Keywords>0x8000000000000000</Keywords><TimeCreated SystemTime=""2026-10-03T06:02:07.000000000Z""/><EventRecordID>1002043</EventRecordID><Correlation/><Execution ProcessID=""1542964"" ThreadID=""1542964""/><Channel>Linux-Sysmon/Operational</Channel><Computer>app-01</Computer><Security UserId=""0""/></System><EventData><Data Name=""RuleName"">ProcessCreate</Data><Data Name=""UtcTime"">2026-10-03 06:02:07.000</Data><Data Name=""ProcessGuid"">{00000000-d7dc-cfb4-045e-469bd6a90d74}</Data><Data Name=""ProcessId"">41749</Data><Data Name=""Image"">/usr/bin/python3.12</Data><Data Name=""FileVersion"">-</Data><Data Name=""Description"">-</Data><Data Name=""Product"">-</Data><Data Name=""Company"">-</Data><Data Name=""OriginalFileName"">-</Data><Data Name=""CommandLine"">python3.12 /opt/healthcheck/probe.py</Data><Data Name=""CurrentDirectory"">/opt/healthcheck</Data><Data Name=""User"">root</Data><Data Name=""LogonGuid"">{00000000-0000-0000-0000-000000000000}</Data><Data Name=""LogonId"">0</Data><Data Name=""TerminalSessionId"">4294967295</Data><Data Name=""IntegrityLevel"">no level</Data><Data Name=""Hashes"">-</Data><Data Name=""ParentProcessGuid"">{00000000-b536-e648-d3e2-b32946932396}</Data><Data Name=""ParentProcessId"">41750</Data><Data Name=""ParentImage"">/usr/bin/python3.12</Data><Data Name=""ParentCommandLine"">python3.12</Data><Data Name=""ParentUser"">root</Data></EventData></Event>","{""Provider_Name"":""Linux-Sysmon"",""Provider_Guid"":""{ff032593-a8d3-4f13-b0d6-01fc615a0f97}"",""Version"":""5"",""Level"":""4"",""Task"":""1"",""Opcode"":""0"",""Keywords"":""0x8000000000000000"",""TimeCreated_SystemTime"":""2026-10-03T06:02:07.000000000Z"",""Execution_ProcessID"":""1542964"",""Execution_ThreadID"":""1542964"",""Channel"":""Linux-Sysmon/Operational"",""Security_UserId"":""0"",""RuleName"":""ProcessCreate"",""FileVersion"":""-"",""Description"":""-"",""Product"":""-"",""Company"":""-"",""OriginalFileName"":""-"",""LogonGuid"":""{00000000-0000-0000-0000-000000000000}"",""LogonId"":""0"",""TerminalSessionId"":""4294967295"",""IntegrityLevel"":""no level"",""Hashes"":""-"",""LOADED_AT"":""2026-09-27 02:16:38.599""}"
2026-10-03 06:02:07.300000,sysmon,app-01,root,10.10.1.20,10.10.1.30,80,network_connect,3,/usr/bin/python3.12,41751,{00000000-b843-a352-9b55-c3f4353e5704},,,,,,,,,1002045,"<Event><System><Provider Name=""Linux-Sysmon"" Guid=""{ff032593-a8d3-4f13-b0d6-01fc615a0f97}""/><EventID>3</EventID><Version>5</Version><Level>4</Level><Task>3</Task><Opcode>0</Opcode><Keywords>0x8000000000000000</Keywords><TimeCreated SystemTime=""2026-10-03T06:02:07.300000000Z""/><EventRecordID>1002045</EventRecordID><Correlation/><Execution ProcessID=""1542964"" ThreadID=""1542964""/><Channel>Linux-Sysmon/Operational</Channel><Computer>app-01</Computer><Security UserId=""0""/></System><EventData><Data Name=""RuleName"">NetworkConnect</Data><Data Name=""UtcTime"">2026-10-03 06:02:07.300</Data><Data Name=""ProcessGuid"">{00000000-b843-a352-9b55-c3f4353e5704}</Data><Data Name=""ProcessId"">41751</Data><Data Name=""Image"">/usr/bin/python3.12</Data><Data Name=""User"">root</Data><Data Name=""Protocol"">tcp</Data><Data Name=""Initiated"">true</Data><Data Name=""SourceIsIpv6"">false</Data><Data Name=""SourceIp"">10.10.1.20</Data><Data Name=""SourceHostname"">-</Data><Data Name=""SourcePort"">44211</Data><Data Name=""SourcePortName"">-</Data><Data Name=""DestinationIsIpv6"">false</Data><Data Name=""DestinationIp"">10.10.1.30</Data><Data Name=""DestinationHostname"">-</Data><Data Name=""DestinationPort"">80</Data><Data Name=""DestinationPortName"">-</Data></EventData></Event>","{""Provider_Name"":""Linux-Sysmon"",""Provider_Guid"":""{ff032593-a8d3-4f13-b0d6-01fc615a0f97}"",""Version"":""5"",""Level"":""4"",""Task"":""3"",""Opcode"":""0"",""Keywords"":""0x8000000000000000"",""TimeCreated_SystemTime"":""2026-10-03T06:02:07.300000000Z"",""Execution_ProcessID"":""1542964"",""Execution_ThreadID"":""1542964"",""Channel"":""Linux-Sysmon/Operational"",""Security_UserId"":""0"",""RuleName"":""NetworkConnect"",""Protocol"":""tcp"",""Initiated"":""true"",""SourceIsIpv6"":""false"",""SourceHostname"":""-"",""SourcePort"":""44211"",""SourcePortName"":""-"",""DestinationIsIpv6"":""false"",""DestinationHostname"":""-"",""DestinationPortName"":""-"",""LOADED_AT"":""2026-09-27 02:16:38.599""}"
2026-10-03 06:02:08.000000,sysmon,app-01,,,,,process_terminate,5,/usr/bin/python3.12,41749,{00000000-d7dc-cfb4-045e-469bd6a90d74},,,,,,,,,1002044,"<Event><System><Provider Name=""Linux-Sysmon"" Guid=""{ff032593-a8d3-4f13-b0d6-01fc615a0f97}""/><EventID>5</EventID><Version>3</Version><Level>4</Level><Task>5</Task><Opcode>0</Opcode><Keywords>0x8000000000000000</Keywords><TimeCreated SystemTime=""2026-10-03T06:02:08.000000000Z""/><EventRecordID>1002044</EventRecordID><Correlation/><Execution ProcessID=""1542964"" ThreadID=""1542964""/><Channel>Linux-Sysmon/Operational</Channel><Computer>app-01</Computer><Security UserId=""0""/></System><EventData><Data Name=""RuleName"">ProcessTerminate</Data><Data Name=""UtcTime"">2026-10-03 06:02:08.000</Data><Data Name=""ProcessGuid"">{00000000-d7dc-cfb4-045e-469bd6a90d74}</Data><Data Name=""ProcessId"">41749</Data><Data Name=""Image"">/usr/bin/python3.12</Data><Data Name=""User"">-</Data></EventData></Event>","{""Provider_Name"":""Linux-Sysmon"",""Provider_Guid"":""{ff032593-a8d3-4f13-b0d6-01fc615a0f97}"",""Version"":""3"",""Level"":""4"",""Task"":""5"",""Opcode"":""0"",""Keywords"":""0x8000000000000000"",""TimeCreated_SystemTime"":""2026-10-03T06:02:08.000000000Z"",""Execution_ProcessID"":""1542964"",""Execution_ThreadID"":""1542964"",""Channel"":""Linux-Sysmon/Operational"",""Security_UserId"":""0"",""RuleName"":""ProcessTerminate"",""LOADED_AT"":""2026-09-27 02:16:38.599""}"
2026-10-03 06:02:50.000000,sysmon,node-01,root,,,,process_create,1,/usr/bin/python3.12,41757,{00000000-16e3-abf0-511f-bfb6edd9293c},python3.12 /opt/healthcheck/probe.py,/opt/healthcheck,{00000000-1919-8417-845e-31c1e4ba3d5c},41758,/usr/bin/python3.12,python3.12,root,,1002051,"<Event><System><Provider Name=""Linux-Sysmon"" Guid=""{ff032593-a8d3-4f13-b0d6-01fc615a0f97}""/><EventID>1</EventID><Version>5</Version><Level>4</Level><Task>1</Task><Opcode>0</Opcode><Keywords>0x8000000000000000</Keywords><TimeCreated SystemTime=""2026-10-03T06:02:50.000000000Z""/><EventRecordID>1002051</EventRecordID><Correlation/><Execution ProcessID=""1542964"" ThreadID=""1542964""/><Channel>Linux-Sysmon/Operational</Channel><Computer>node-01</Computer><Security UserId=""0""/></System><EventData><Data Name=""RuleName"">ProcessCreate</Data><Data Name=""UtcTime"">2026-10-03 06:02:50.000</Data><Data Name=""ProcessGuid"">{00000000-16e3-abf0-511f-bfb6edd9293c}</Data><Data Name=""ProcessId"">41757</Data><Data Name=""Image"">/usr/bin/python3.12</Data><Data Name=""FileVersion"">-</Data><Data Name=""Description"">-</Data><Data Name=""Product"">-</Data><Data Name=""Company"">-</Data><Data Name=""OriginalFileName"">-</Data><Data Name=""CommandLine"">python3.12 /opt/healthcheck/probe.py</Data><Data Name=""CurrentDirectory"">/opt/healthcheck</Data><Data Name=""User"">root</Data><Data Name=""LogonGuid"">{00000000-0000-0000-0000-000000000000}</Data><Data Name=""LogonId"">0</Data><Data Name=""TerminalSessionId"">4294967295</Data><Data Name=""IntegrityLevel"">no level</Data><Data Name=""Hashes"">-</Data><Data Name=""ParentProcessGuid"">{00000000-1919-8417-845e-31c1e4ba3d5c}</Data><Data Name=""ParentProcessId"">41758</Data><Data Name=""ParentImage"">/usr/bin/python3.12</Data><Data Name=""ParentCommandLine"">python3.12</Data><Data Name=""ParentUser"">root</Data></EventData></Event>","{""Provider_Name"":""Linux-Sysmon"",""Provider_Guid"":""{ff032593-a8d3-4f13-b0d6-01fc615a0f97}"",""Version"":""5"",""Level"":""4"",""Task"":""1"",""Opcode"":""0"",""Keywords"":""0x8000000000000000"",""TimeCreated_SystemTime"":""2026-10-03T06:02:50.000000000Z"",""Execution_ProcessID"":""1542964"",""Execution_ThreadID"":""1542964"",""Channel"":""Linux-Sysmon/Operational"",""Security_UserId"":""0"",""RuleName"":""ProcessCreate"",""FileVersion"":""-"",""Description"":""-"",""Product"":""-"",""Company"":""-"",""OriginalFileName"":""-"",""LogonGuid"":""{00000000-0000-0000-0000-000000000000}"",""LogonId"":""0"",""TerminalSessionId"":""4294967295"",""IntegrityLevel"":""no level"",""Hashes"":""-"",""LOADED_AT"":""2026-09-27 02:16:38.599""}"
2026-10-03 06:02:50.300000,sysmon,node-01,root,10.10.1.40,10.10.1.30,80,network_connect,3,/usr/bin/python3.12,41759,{00000000-b986-9156-6dd1-c61466e4a269},,,,,,,,,1002053,"<Event><System><Provider Name=""Linux-Sysmon"" Guid=""{ff032593-a8d3-4f13-b0d6-01fc615a0f97}""/><EventID>3</EventID><Version>5</Version><Level>4</Level><Task>3</Task><Opcode>0</Opcode><Keywords>0x8000000000000000</Keywords><TimeCreated SystemTime=""2026-10-03T06:02:50.300000000Z""/><EventRecordID>1002053</EventRecordID><Correlation/><Execution ProcessID=""1542964"" ThreadID=""1542964""/><Channel>Linux-Sysmon/Operational</Channel><Computer>node-01</Computer><Security UserId=""0""/></System><EventData><Data Name=""RuleName"">NetworkConnect</Data><Data Name=""UtcTime"">2026-10-03 06:02:50.300</Data><Data Name=""ProcessGuid"">{00000000-b986-9156-6dd1-c61466e4a269}</Data><Data Name=""ProcessId"">41759</Data><Data Name=""Image"">/usr/bin/python3.12</Data><Data Name=""User"">root</Data><Data Name=""Protocol"">tcp</Data><Data Name=""Initiated"">true</Data><Data Name=""SourceIsIpv6"">false</Data><Data Name=""SourceIp"">10.10.1.40</Data><Data Name=""SourceHostname"">-</Data><Data Name=""SourcePort"">51700</Data><Data Name=""SourcePortName"">-</Data><Data Name=""DestinationIsIpv6"">false</Data><Data Name=""DestinationIp"">10.10.1.30</Data><Data Name=""DestinationHostname"">-</Data><Data Name=""DestinationPort"">80</Data><Data Name=""DestinationPortName"">-</Data></EventData></Event>","{""Provider_Name"":""Linux-Sysmon"",""Provider_Guid"":""{ff032593-a8d3-4f13-b0d6-01fc615a0f97}"",""Version"":""5"",""Level"":""4"",""Task"":""3"",""Opcode"":""0"",""Keywords"":""0x8000000000000000"",""TimeCreated_SystemTime"":""2026-10-03T06:02:50.300000000Z"",""Execution_ProcessID"":""1542964"",""Execution_ThreadID"":""1542964"",""Channel"":""Linux-Sysmon/Operational"",""Security_UserId"":""0"",""RuleName"":""NetworkConnect"",""Protocol"":""tcp"",""Initiated"":""true"",""SourceIsIpv6"":""false"",""SourceHostname"":""-"",""SourcePort"":""51700"",""SourcePortName"":""-"",""DestinationIsIpv6"":""false"",""DestinationHostname"":""-"",""DestinationPortName"":""-"",""LOADED_AT"":""2026-09-27 02:16:38.599""}"
2026-10-03 06:02:51.000000,sysmon,node-01,,,,,process_terminate,5,/usr/bin/python3.12,41757,{00000000-16e3-abf0-511f-bfb6edd9293c},,,,,,,,,1002052,"<Event><System><Provider Name=""Linux-Sysmon"" Guid=""{ff032593-a8d3-4f13-b0d6-01fc615a0f97}""/><EventID>5</EventID><Version>3</Version><Level>4</Level><Task>5</Task><Opcode>0</Opcode><Keywords>0x8000000000000000</Keywords><TimeCreated SystemTime=""2026-10-03T06:02:51.000000000Z""/><EventRecordID>1002052</EventRecordID><Correlation/><Execution ProcessID=""1542964"" ThreadID=""1542964""/><Channel>Linux-Sysmon/Operational</Channel><Computer>node-01</Computer><Security UserId=""0""/></System><EventData><Data Name=""RuleName"">ProcessTerminate</Data><Data Name=""UtcTime"">2026-10-03 06:02:51.000</Data><Data Name=""ProcessGuid"">{00000000-16e3-abf0-511f-bfb6edd9293c}</Data><Data Name=""ProcessId"">41757</Data><Data Name=""Image"">/usr/bin/python3.12</Data><Data Name=""User"">-</Data></EventData></Event>","{""Provider_Name"":""Linux-Sysmon"",""Provider_Guid"":""{ff032593-a8d3-4f13-b0d6-01fc615a0f97}"",""Version"":""3"",""Level"":""4"",""Task"":""5"",""Opcode"":""0"",""Keywords"":""0x8000000000000000"",""TimeCreated_SystemTime"":""2026-10-03T06:02:51.000000000Z"",""Execution_ProcessID"":""1542964"",""Execution_ThreadID"":""1542964"",""Channel"":""Linux-Sysmon/Operational"",""Security_UserId"":""0"",""RuleName"":""ProcessTerminate"",""LOADED_AT"":""2026-09-27 02:16:38.599""}"
